nohup: ignoring input
2025-11-24 07:24:34,158 - INFO - å¯åŠ¨Flask RAG APIæœåŠ¡...
2025-11-24 07:24:34,158 - INFO - åˆå§‹åŒ–RAGæœåŠ¡...
2025-11-24 07:24:34,158 - INFO - æ­£åœ¨è¿æ¥Milvus Liteæ•°æ®åº“: ./milvus.db
/root/miniconda3/envs/modelscope/lib/python3.10/site-packages/milvus_lite/__init__.py:15: UserWarning: pkg_resources is deprecated as an API. See https://setuptools.pypa.io/en/latest/pkg_resources.html. The pkg_resources package is slated for removal as early as 2025-11-30. Refrain from using this package or pin to Setuptools<81.
  from pkg_resources import DistributionNotFound, get_distribution
2025-11-24 07:24:34,715 - INFO - é›†åˆåŒ…å« 85 ä¸ªå®ä½“
2025-11-24 07:24:34,715 - INFO - æˆåŠŸè¿æ¥åˆ°Milvus Liteé›†åˆ: intention
2025-11-24 07:24:34,715 - INFO - RAGæœåŠ¡åˆå§‹åŒ–æˆåŠŸ
2025-11-24 07:24:34,715 - INFO - Milvus Liteè¿æ¥æ­£å¸¸
 * Serving Flask app 'flask_api'
 * Debug mode: off
2025-11-24 07:24:34,716 - INFO - [31m[1mWARNING: This is a development server. Do not use it in a production deployment. Use a production WSGI server instead.[0m
 * Running on all addresses (0.0.0.0)
 * Running on http://127.0.0.1:8890
 * Running on http://192.168.255.251:8890
2025-11-24 07:24:34,716 - INFO - [33mPress CTRL+C to quit[0m
2025-11-24 07:24:50,030 - INFO - æ”¶åˆ°RAGæŸ¥è¯¢è¯·æ±‚: æŸ¥è¯¢å®¶åº­èµ„äº§...
2025-11-24 07:24:50,030 - INFO - å¼€å§‹RAGæŸ¥è¯¢: æŸ¥è¯¢å®¶åº­èµ„äº§
2025-11-24 07:24:50,030 - INFO - æ­£åœ¨è·å–æŸ¥è¯¢å‘é‡...
2025-11-24 07:24:50,063 - INFO - é›†åˆåŒ…å« 85 ä¸ªå®ä½“
2025-11-24 07:24:50,063 - INFO - å¼€å§‹å‘é‡æœç´¢ï¼Œè¿”å› 10 ä¸ªç»“æœ...
2025-11-24 07:24:50,279 - INFO - å‘é‡æœç´¢è¿”å› 10 ä¸ªæ–‡æ¡£
2025-11-24 07:24:50,279 - INFO - å¬å›åˆ° 10 ä¸ªæ–‡æ¡£
2025-11-24 07:24:50,279 - INFO - è°ƒç”¨rerank API: http://localhost:54113/v1/rerank
2025-11-24 07:24:50,279 - INFO - æŸ¥è¯¢å†…å®¹: æŸ¥è¯¢å®¶åº­èµ„äº§...
2025-11-24 07:24:50,326 - INFO - Rerankè°ƒç”¨æˆåŠŸï¼Œè¿”å› 10 ä¸ªç»“æœ
2025-11-24 07:24:50,326 - INFO - é‡æ’åºåé€‰æ‹© 5 ä¸ªæœ€ç›¸å…³æ–‡æ¡£
2025-11-24 07:24:50,326 - INFO - è°ƒç”¨å¤§æ¨¡å‹API: http://localhost:54112/v1/chat/completions
2025-11-24 07:24:50,326 - INFO - è¯·æ±‚å†…å®¹:         ã€æŒ‡ä»¤ã€‘
  ä½œä¸ºæ•°æ®èµ„äº§åŠ©æ‰‹çš„æ„å›¾è¯†åˆ«ä¸“å®¶ï¼Œè¯·åˆ†æç”¨æˆ·æŸ¥è¯¢ï¼Œè¯†åˆ«æ„å›¾å¹¶æå–æ§½ä½ã€‚
  è‹¥ç”¨æˆ·é—®é¢˜ä¸æ„å›¾æ¸…å•éƒ½ä¸ç›¸ç¬¦ï¼Œåˆ™è¿”å› {intent: "40", slots: {}, query: "ç”¨æˆ·æŸ¥è¯¢çš„åŸå§‹é—®é¢˜"}ã€‚
  è‹¥ç”¨æˆ·è¯¢é—®åŠ©æ‰‹æœ¬èº«çš„èƒ½åŠ›èŒƒå›´ã€åŠŸèƒ½æ¸…å•ã€ä½¿ç”¨æ–¹æ³•ã€èº«ä»½å®šä¹‰ç­‰ç›¸å…³é—®é¢˜ï¼Œåˆ™è¿”å› {intent: "39", slots: {}, query: "ç”¨æˆ·æŸ¥è¯¢çš„åŸå§‹...
2025-11-24 07:24:51,409 - INFO - å¤§æ¨¡å‹è°ƒç”¨æˆåŠŸ
2025-11-24 07:24:51,409 - INFO - å“åº”å·²ä¿å­˜åˆ°: responses/rag_response_20251124_072451.json
2025-11-24 07:24:51,409 - INFO - RAGæŸ¥è¯¢å®Œæˆï¼Œå›ç­”é•¿åº¦: 1 å­—ç¬¦
2025-11-24 07:24:51,410 - INFO - 192.168.255.253 - - [24/Nov/2025 07:24:51] "POST /rag_query HTTP/1.1" 200 -
2025-11-24 07:27:37,574 - INFO - æ”¶åˆ°RAGæŸ¥è¯¢è¯·æ±‚: æˆ‘æƒ³æ‰¾ç¤¾åŒºè¿è¥ç›¸å…³èµ„äº§...
2025-11-24 07:27:37,574 - INFO - å¼€å§‹RAGæŸ¥è¯¢: æˆ‘æƒ³æ‰¾ç¤¾åŒºè¿è¥ç›¸å…³èµ„äº§
2025-11-24 07:27:37,574 - INFO - æ­£åœ¨è·å–æŸ¥è¯¢å‘é‡...
2025-11-24 07:27:37,607 - INFO - é›†åˆåŒ…å« 85 ä¸ªå®ä½“
2025-11-24 07:27:37,607 - INFO - å¼€å§‹å‘é‡æœç´¢ï¼Œè¿”å› 10 ä¸ªç»“æœ...
2025-11-24 07:27:37,609 - INFO - å‘é‡æœç´¢è¿”å› 10 ä¸ªæ–‡æ¡£
2025-11-24 07:27:37,609 - INFO - å¬å›åˆ° 10 ä¸ªæ–‡æ¡£
2025-11-24 07:27:37,609 - INFO - è°ƒç”¨rerank API: http://localhost:54113/v1/rerank
2025-11-24 07:27:37,609 - INFO - æŸ¥è¯¢å†…å®¹: æˆ‘æƒ³æ‰¾ç¤¾åŒºè¿è¥ç›¸å…³èµ„äº§...
2025-11-24 07:27:37,649 - INFO - Rerankè°ƒç”¨æˆåŠŸï¼Œè¿”å› 10 ä¸ªç»“æœ
2025-11-24 07:27:37,649 - INFO - é‡æ’åºåé€‰æ‹© 5 ä¸ªæœ€ç›¸å…³æ–‡æ¡£
2025-11-24 07:27:37,649 - INFO - è°ƒç”¨å¤§æ¨¡å‹API: http://localhost:54112/v1/chat/completions
2025-11-24 07:27:37,649 - INFO - è¯·æ±‚å†…å®¹:         ã€æŒ‡ä»¤ã€‘
  ä½œä¸ºæ•°æ®èµ„äº§åŠ©æ‰‹çš„æ„å›¾è¯†åˆ«ä¸“å®¶ï¼Œè¯·åˆ†æç”¨æˆ·æŸ¥è¯¢ï¼Œè¯†åˆ«æ„å›¾å¹¶æå–æ§½ä½ã€‚
  è‹¥ç”¨æˆ·é—®é¢˜ä¸æ„å›¾æ¸…å•éƒ½ä¸ç›¸ç¬¦ï¼Œåˆ™è¿”å› {intent: "40", slots: {}, query: "ç”¨æˆ·æŸ¥è¯¢çš„åŸå§‹é—®é¢˜"}ã€‚
  è‹¥ç”¨æˆ·è¯¢é—®åŠ©æ‰‹æœ¬èº«çš„èƒ½åŠ›èŒƒå›´ã€åŠŸèƒ½æ¸…å•ã€ä½¿ç”¨æ–¹æ³•ã€èº«ä»½å®šä¹‰ç­‰ç›¸å…³é—®é¢˜ï¼Œåˆ™è¿”å› {intent: "39", slots: {}, query: "ç”¨æˆ·æŸ¥è¯¢çš„åŸå§‹...
2025-11-24 07:27:38,845 - INFO - å¤§æ¨¡å‹è°ƒç”¨æˆåŠŸ
2025-11-24 07:27:38,845 - INFO - å“åº”å·²ä¿å­˜åˆ°: responses/rag_response_20251124_072738.json
2025-11-24 07:27:38,845 - INFO - RAGæŸ¥è¯¢å®Œæˆï¼Œå›ç­”é•¿åº¦: 1 å­—ç¬¦
2025-11-24 07:27:38,846 - INFO - 192.168.255.253 - - [24/Nov/2025 07:27:38] "POST /rag_query HTTP/1.1" 200 -
2025-11-24 07:27:43,930 - INFO - æ”¶åˆ°RAGæŸ¥è¯¢è¯·æ±‚: å®¶åº­èµ„äº§...
2025-11-24 07:27:43,931 - INFO - å¼€å§‹RAGæŸ¥è¯¢: å®¶åº­èµ„äº§
2025-11-24 07:27:43,931 - INFO - æ­£åœ¨è·å–æŸ¥è¯¢å‘é‡...
2025-11-24 07:27:43,955 - INFO - é›†åˆåŒ…å« 85 ä¸ªå®ä½“
2025-11-24 07:27:43,955 - INFO - å¼€å§‹å‘é‡æœç´¢ï¼Œè¿”å› 10 ä¸ªç»“æœ...
2025-11-24 07:27:43,956 - INFO - å‘é‡æœç´¢è¿”å› 10 ä¸ªæ–‡æ¡£
2025-11-24 07:27:43,956 - INFO - å¬å›åˆ° 10 ä¸ªæ–‡æ¡£
2025-11-24 07:27:43,956 - INFO - è°ƒç”¨rerank API: http://localhost:54113/v1/rerank
2025-11-24 07:27:43,956 - INFO - æŸ¥è¯¢å†…å®¹: å®¶åº­èµ„äº§...
2025-11-24 07:27:44,008 - INFO - Rerankè°ƒç”¨æˆåŠŸï¼Œè¿”å› 10 ä¸ªç»“æœ
2025-11-24 07:27:44,008 - INFO - é‡æ’åºåé€‰æ‹© 5 ä¸ªæœ€ç›¸å…³æ–‡æ¡£
2025-11-24 07:27:44,008 - INFO - è°ƒç”¨å¤§æ¨¡å‹API: http://localhost:54112/v1/chat/completions
2025-11-24 07:27:44,008 - INFO - è¯·æ±‚å†…å®¹:         ã€æŒ‡ä»¤ã€‘
  ä½œä¸ºæ•°æ®èµ„äº§åŠ©æ‰‹çš„æ„å›¾è¯†åˆ«ä¸“å®¶ï¼Œè¯·åˆ†æç”¨æˆ·æŸ¥è¯¢ï¼Œè¯†åˆ«æ„å›¾å¹¶æå–æ§½ä½ã€‚
  è‹¥ç”¨æˆ·é—®é¢˜ä¸æ„å›¾æ¸…å•éƒ½ä¸ç›¸ç¬¦ï¼Œåˆ™è¿”å› {intent: "40", slots: {}, query: "ç”¨æˆ·æŸ¥è¯¢çš„åŸå§‹é—®é¢˜"}ã€‚
  è‹¥ç”¨æˆ·è¯¢é—®åŠ©æ‰‹æœ¬èº«çš„èƒ½åŠ›èŒƒå›´ã€åŠŸèƒ½æ¸…å•ã€ä½¿ç”¨æ–¹æ³•ã€èº«ä»½å®šä¹‰ç­‰ç›¸å…³é—®é¢˜ï¼Œåˆ™è¿”å› {intent: "39", slots: {}, query: "ç”¨æˆ·æŸ¥è¯¢çš„åŸå§‹...
2025-11-24 07:27:44,816 - INFO - å¤§æ¨¡å‹è°ƒç”¨æˆåŠŸ
2025-11-24 07:27:44,817 - INFO - å“åº”å·²ä¿å­˜åˆ°: responses/rag_response_20251124_072744.json
2025-11-24 07:27:44,817 - INFO - RAGæŸ¥è¯¢å®Œæˆï¼Œå›ç­”é•¿åº¦: 1 å­—ç¬¦
2025-11-24 07:27:44,817 - INFO - 192.168.255.253 - - [24/Nov/2025 07:27:44] "POST /rag_query HTTP/1.1" 200 -
2025-11-24 07:27:52,914 - INFO - æ”¶åˆ°RAGæŸ¥è¯¢è¯·æ±‚: æŸ¥çœ‹å®¶åº­èµ„äº§...
2025-11-24 07:27:52,914 - INFO - å¼€å§‹RAGæŸ¥è¯¢: æŸ¥çœ‹å®¶åº­èµ„äº§
2025-11-24 07:27:52,914 - INFO - æ­£åœ¨è·å–æŸ¥è¯¢å‘é‡...
2025-11-24 07:27:52,940 - INFO - é›†åˆåŒ…å« 85 ä¸ªå®ä½“
2025-11-24 07:27:52,940 - INFO - å¼€å§‹å‘é‡æœç´¢ï¼Œè¿”å› 10 ä¸ªç»“æœ...
2025-11-24 07:27:52,942 - INFO - å‘é‡æœç´¢è¿”å› 10 ä¸ªæ–‡æ¡£
2025-11-24 07:27:52,942 - INFO - å¬å›åˆ° 10 ä¸ªæ–‡æ¡£
2025-11-24 07:27:52,942 - INFO - è°ƒç”¨rerank API: http://localhost:54113/v1/rerank
2025-11-24 07:27:52,942 - INFO - æŸ¥è¯¢å†…å®¹: æŸ¥çœ‹å®¶åº­èµ„äº§...
2025-11-24 07:27:52,981 - INFO - Rerankè°ƒç”¨æˆåŠŸï¼Œè¿”å› 10 ä¸ªç»“æœ
2025-11-24 07:27:52,981 - INFO - é‡æ’åºåé€‰æ‹© 5 ä¸ªæœ€ç›¸å…³æ–‡æ¡£
2025-11-24 07:27:52,981 - INFO - è°ƒç”¨å¤§æ¨¡å‹API: http://localhost:54112/v1/chat/completions
2025-11-24 07:27:52,982 - INFO - è¯·æ±‚å†…å®¹:         ã€æŒ‡ä»¤ã€‘
  ä½œä¸ºæ•°æ®èµ„äº§åŠ©æ‰‹çš„æ„å›¾è¯†åˆ«ä¸“å®¶ï¼Œè¯·åˆ†æç”¨æˆ·æŸ¥è¯¢ï¼Œè¯†åˆ«æ„å›¾å¹¶æå–æ§½ä½ã€‚
  è‹¥ç”¨æˆ·é—®é¢˜ä¸æ„å›¾æ¸…å•éƒ½ä¸ç›¸ç¬¦ï¼Œåˆ™è¿”å› {intent: "40", slots: {}, query: "ç”¨æˆ·æŸ¥è¯¢çš„åŸå§‹é—®é¢˜"}ã€‚
  è‹¥ç”¨æˆ·è¯¢é—®åŠ©æ‰‹æœ¬èº«çš„èƒ½åŠ›èŒƒå›´ã€åŠŸèƒ½æ¸…å•ã€ä½¿ç”¨æ–¹æ³•ã€èº«ä»½å®šä¹‰ç­‰ç›¸å…³é—®é¢˜ï¼Œåˆ™è¿”å› {intent: "39", slots: {}, query: "ç”¨æˆ·æŸ¥è¯¢çš„åŸå§‹...
2025-11-24 07:27:54,148 - INFO - å¤§æ¨¡å‹è°ƒç”¨æˆåŠŸ
2025-11-24 07:27:54,149 - INFO - å“åº”å·²ä¿å­˜åˆ°: responses/rag_response_20251124_072754.json
2025-11-24 07:27:54,149 - INFO - RAGæŸ¥è¯¢å®Œæˆï¼Œå›ç­”é•¿åº¦: 1 å­—ç¬¦
2025-11-24 07:27:54,149 - INFO - 192.168.255.253 - - [24/Nov/2025 07:27:54] "POST /rag_query HTTP/1.1" 200 -
2025-11-24 07:27:57,721 - INFO - æ”¶åˆ°RAGæŸ¥è¯¢è¯·æ±‚: æŸ¥çœ‹æ™ºæ…§å®¶åº­å·¥ç¨‹å¸ˆä¿¡æ¯(æœˆ)...
2025-11-24 07:27:57,721 - INFO - å¼€å§‹RAGæŸ¥è¯¢: æŸ¥çœ‹æ™ºæ…§å®¶åº­å·¥ç¨‹å¸ˆä¿¡æ¯(æœˆ)
2025-11-24 07:27:57,721 - INFO - æ­£åœ¨è·å–æŸ¥è¯¢å‘é‡...
2025-11-24 07:27:57,745 - INFO - é›†åˆåŒ…å« 85 ä¸ªå®ä½“
2025-11-24 07:27:57,745 - INFO - å¼€å§‹å‘é‡æœç´¢ï¼Œè¿”å› 10 ä¸ªç»“æœ...
2025-11-24 07:27:57,747 - INFO - å‘é‡æœç´¢è¿”å› 10 ä¸ªæ–‡æ¡£
2025-11-24 07:27:57,747 - INFO - å¬å›åˆ° 10 ä¸ªæ–‡æ¡£
2025-11-24 07:27:57,747 - INFO - è°ƒç”¨rerank API: http://localhost:54113/v1/rerank
2025-11-24 07:27:57,747 - INFO - æŸ¥è¯¢å†…å®¹: æŸ¥çœ‹æ™ºæ…§å®¶åº­å·¥ç¨‹å¸ˆä¿¡æ¯(æœˆ)...
2025-11-24 07:27:57,786 - INFO - Rerankè°ƒç”¨æˆåŠŸï¼Œè¿”å› 10 ä¸ªç»“æœ
2025-11-24 07:27:57,787 - INFO - é‡æ’åºåé€‰æ‹© 5 ä¸ªæœ€ç›¸å…³æ–‡æ¡£
2025-11-24 07:27:57,787 - INFO - è°ƒç”¨å¤§æ¨¡å‹API: http://localhost:54112/v1/chat/completions
2025-11-24 07:27:57,787 - INFO - è¯·æ±‚å†…å®¹:         ã€æŒ‡ä»¤ã€‘
  ä½œä¸ºæ•°æ®èµ„äº§åŠ©æ‰‹çš„æ„å›¾è¯†åˆ«ä¸“å®¶ï¼Œè¯·åˆ†æç”¨æˆ·æŸ¥è¯¢ï¼Œè¯†åˆ«æ„å›¾å¹¶æå–æ§½ä½ã€‚
  è‹¥ç”¨æˆ·é—®é¢˜ä¸æ„å›¾æ¸…å•éƒ½ä¸ç›¸ç¬¦ï¼Œåˆ™è¿”å› {intent: "40", slots: {}, query: "ç”¨æˆ·æŸ¥è¯¢çš„åŸå§‹é—®é¢˜"}ã€‚
  è‹¥ç”¨æˆ·è¯¢é—®åŠ©æ‰‹æœ¬èº«çš„èƒ½åŠ›èŒƒå›´ã€åŠŸèƒ½æ¸…å•ã€ä½¿ç”¨æ–¹æ³•ã€èº«ä»½å®šä¹‰ç­‰ç›¸å…³é—®é¢˜ï¼Œåˆ™è¿”å› {intent: "39", slots: {}, query: "ç”¨æˆ·æŸ¥è¯¢çš„åŸå§‹...
2025-11-24 07:27:58,849 - INFO - æ”¶åˆ°RAGæŸ¥è¯¢è¯·æ±‚: æˆ‘æƒ³æ‰¾Â  å®¶åº­ç›¸å…³èµ„äº§...
2025-11-24 07:27:58,849 - INFO - å¼€å§‹RAGæŸ¥è¯¢: æˆ‘æƒ³æ‰¾Â  å®¶åº­ç›¸å…³èµ„äº§
2025-11-24 07:27:58,849 - INFO - æ­£åœ¨è·å–æŸ¥è¯¢å‘é‡...
2025-11-24 07:27:59,018 - INFO - é›†åˆåŒ…å« 85 ä¸ªå®ä½“
2025-11-24 07:27:59,019 - INFO - å¼€å§‹å‘é‡æœç´¢ï¼Œè¿”å› 10 ä¸ªç»“æœ...
2025-11-24 07:27:59,020 - INFO - å‘é‡æœç´¢è¿”å› 10 ä¸ªæ–‡æ¡£
2025-11-24 07:27:59,020 - INFO - å¬å›åˆ° 10 ä¸ªæ–‡æ¡£
2025-11-24 07:27:59,020 - INFO - è°ƒç”¨rerank API: http://localhost:54113/v1/rerank
2025-11-24 07:27:59,020 - INFO - æŸ¥è¯¢å†…å®¹: æˆ‘æƒ³æ‰¾Â  å®¶åº­ç›¸å…³èµ„äº§...
2025-11-24 07:27:59,099 - INFO - Rerankè°ƒç”¨æˆåŠŸï¼Œè¿”å› 10 ä¸ªç»“æœ
2025-11-24 07:27:59,099 - INFO - é‡æ’åºåé€‰æ‹© 5 ä¸ªæœ€ç›¸å…³æ–‡æ¡£
2025-11-24 07:27:59,099 - INFO - è°ƒç”¨å¤§æ¨¡å‹API: http://localhost:54112/v1/chat/completions
2025-11-24 07:27:59,099 - INFO - è¯·æ±‚å†…å®¹:         ã€æŒ‡ä»¤ã€‘
  ä½œä¸ºæ•°æ®èµ„äº§åŠ©æ‰‹çš„æ„å›¾è¯†åˆ«ä¸“å®¶ï¼Œè¯·åˆ†æç”¨æˆ·æŸ¥è¯¢ï¼Œè¯†åˆ«æ„å›¾å¹¶æå–æ§½ä½ã€‚
  è‹¥ç”¨æˆ·é—®é¢˜ä¸æ„å›¾æ¸…å•éƒ½ä¸ç›¸ç¬¦ï¼Œåˆ™è¿”å› {intent: "40", slots: {}, query: "ç”¨æˆ·æŸ¥è¯¢çš„åŸå§‹é—®é¢˜"}ã€‚
  è‹¥ç”¨æˆ·è¯¢é—®åŠ©æ‰‹æœ¬èº«çš„èƒ½åŠ›èŒƒå›´ã€åŠŸèƒ½æ¸…å•ã€ä½¿ç”¨æ–¹æ³•ã€èº«ä»½å®šä¹‰ç­‰ç›¸å…³é—®é¢˜ï¼Œåˆ™è¿”å› {intent: "39", slots: {}, query: "ç”¨æˆ·æŸ¥è¯¢çš„åŸå§‹...
2025-11-24 07:27:59,495 - INFO - å¤§æ¨¡å‹è°ƒç”¨æˆåŠŸ
2025-11-24 07:27:59,496 - INFO - å“åº”å·²ä¿å­˜åˆ°: responses/rag_response_20251124_072759.json
2025-11-24 07:27:59,496 - INFO - RAGæŸ¥è¯¢å®Œæˆï¼Œå›ç­”é•¿åº¦: 1 å­—ç¬¦
2025-11-24 07:27:59,496 - INFO - 192.168.255.253 - - [24/Nov/2025 07:27:59] "POST /rag_query HTTP/1.1" 200 -
2025-11-24 07:28:00,780 - INFO - å¤§æ¨¡å‹è°ƒç”¨æˆåŠŸ
2025-11-24 07:28:00,780 - INFO - å“åº”å·²ä¿å­˜åˆ°: responses/rag_response_20251124_072800.json
2025-11-24 07:28:00,780 - INFO - RAGæŸ¥è¯¢å®Œæˆï¼Œå›ç­”é•¿åº¦: 1 å­—ç¬¦
2025-11-24 07:28:00,781 - INFO - 192.168.255.253 - - [24/Nov/2025 07:28:00] "POST /rag_query HTTP/1.1" 200 -
2025-11-24 07:28:15,747 - INFO - æ”¶åˆ°RAGæŸ¥è¯¢è¯·æ±‚: æ™ºæ…§å®¶åº­å·¥ç¨‹å¸ˆä¿¡æ¯(æœˆ)çš„ç”¨é€”...
2025-11-24 07:28:15,747 - INFO - å¼€å§‹RAGæŸ¥è¯¢: æ™ºæ…§å®¶åº­å·¥ç¨‹å¸ˆä¿¡æ¯(æœˆ)çš„ç”¨é€”
2025-11-24 07:28:15,747 - INFO - æ­£åœ¨è·å–æŸ¥è¯¢å‘é‡...
2025-11-24 07:28:15,774 - INFO - é›†åˆåŒ…å« 85 ä¸ªå®ä½“
2025-11-24 07:28:15,774 - INFO - å¼€å§‹å‘é‡æœç´¢ï¼Œè¿”å› 10 ä¸ªç»“æœ...
2025-11-24 07:28:15,775 - INFO - å‘é‡æœç´¢è¿”å› 10 ä¸ªæ–‡æ¡£
2025-11-24 07:28:15,775 - INFO - å¬å›åˆ° 10 ä¸ªæ–‡æ¡£
2025-11-24 07:28:15,775 - INFO - è°ƒç”¨rerank API: http://localhost:54113/v1/rerank
2025-11-24 07:28:15,775 - INFO - æŸ¥è¯¢å†…å®¹: æ™ºæ…§å®¶åº­å·¥ç¨‹å¸ˆä¿¡æ¯(æœˆ)çš„ç”¨é€”...
2025-11-24 07:28:15,823 - INFO - Rerankè°ƒç”¨æˆåŠŸï¼Œè¿”å› 10 ä¸ªç»“æœ
2025-11-24 07:28:15,823 - INFO - é‡æ’åºåé€‰æ‹© 5 ä¸ªæœ€ç›¸å…³æ–‡æ¡£
2025-11-24 07:28:15,823 - INFO - è°ƒç”¨å¤§æ¨¡å‹API: http://localhost:54112/v1/chat/completions
2025-11-24 07:28:15,823 - INFO - è¯·æ±‚å†…å®¹:         ã€æŒ‡ä»¤ã€‘
  ä½œä¸ºæ•°æ®èµ„äº§åŠ©æ‰‹çš„æ„å›¾è¯†åˆ«ä¸“å®¶ï¼Œè¯·åˆ†æç”¨æˆ·æŸ¥è¯¢ï¼Œè¯†åˆ«æ„å›¾å¹¶æå–æ§½ä½ã€‚
  è‹¥ç”¨æˆ·é—®é¢˜ä¸æ„å›¾æ¸…å•éƒ½ä¸ç›¸ç¬¦ï¼Œåˆ™è¿”å› {intent: "40", slots: {}, query: "ç”¨æˆ·æŸ¥è¯¢çš„åŸå§‹é—®é¢˜"}ã€‚
  è‹¥ç”¨æˆ·è¯¢é—®åŠ©æ‰‹æœ¬èº«çš„èƒ½åŠ›èŒƒå›´ã€åŠŸèƒ½æ¸…å•ã€ä½¿ç”¨æ–¹æ³•ã€èº«ä»½å®šä¹‰ç­‰ç›¸å…³é—®é¢˜ï¼Œåˆ™è¿”å› {intent: "39", slots: {}, query: "ç”¨æˆ·æŸ¥è¯¢çš„åŸå§‹...
2025-11-24 07:28:17,561 - INFO - å¤§æ¨¡å‹è°ƒç”¨æˆåŠŸ
2025-11-24 07:28:17,562 - INFO - å“åº”å·²ä¿å­˜åˆ°: responses/rag_response_20251124_072817.json
2025-11-24 07:28:17,562 - INFO - RAGæŸ¥è¯¢å®Œæˆï¼Œå›ç­”é•¿åº¦: 1 å­—ç¬¦
2025-11-24 07:28:17,562 - INFO - 192.168.255.253 - - [24/Nov/2025 07:28:17] "POST /rag_query HTTP/1.1" 200 -
2025-11-24 07:28:25,761 - INFO - æ”¶åˆ°RAGæŸ¥è¯¢è¯·æ±‚: [æ¹–å—]æ™ºæ…§å®¶åº­å·¥ç¨‹å¸ˆä¿¡æ¯(æœˆ)çš„ç”¨é€”...
2025-11-24 07:28:25,761 - INFO - å¼€å§‹RAGæŸ¥è¯¢: [æ¹–å—]æ™ºæ…§å®¶åº­å·¥ç¨‹å¸ˆä¿¡æ¯(æœˆ)çš„ç”¨é€”
2025-11-24 07:28:25,761 - INFO - æ­£åœ¨è·å–æŸ¥è¯¢å‘é‡...
2025-11-24 07:28:25,787 - INFO - é›†åˆåŒ…å« 85 ä¸ªå®ä½“
2025-11-24 07:28:25,787 - INFO - å¼€å§‹å‘é‡æœç´¢ï¼Œè¿”å› 10 ä¸ªç»“æœ...
2025-11-24 07:28:25,788 - INFO - å‘é‡æœç´¢è¿”å› 10 ä¸ªæ–‡æ¡£
2025-11-24 07:28:25,788 - INFO - å¬å›åˆ° 10 ä¸ªæ–‡æ¡£
2025-11-24 07:28:25,788 - INFO - è°ƒç”¨rerank API: http://localhost:54113/v1/rerank
2025-11-24 07:28:25,788 - INFO - æŸ¥è¯¢å†…å®¹: [æ¹–å—]æ™ºæ…§å®¶åº­å·¥ç¨‹å¸ˆä¿¡æ¯(æœˆ)çš„ç”¨é€”...
2025-11-24 07:28:25,828 - INFO - Rerankè°ƒç”¨æˆåŠŸï¼Œè¿”å› 10 ä¸ªç»“æœ
2025-11-24 07:28:25,828 - INFO - é‡æ’åºåé€‰æ‹© 5 ä¸ªæœ€ç›¸å…³æ–‡æ¡£
2025-11-24 07:28:25,828 - INFO - è°ƒç”¨å¤§æ¨¡å‹API: http://localhost:54112/v1/chat/completions
2025-11-24 07:28:25,828 - INFO - è¯·æ±‚å†…å®¹:         ã€æŒ‡ä»¤ã€‘
  ä½œä¸ºæ•°æ®èµ„äº§åŠ©æ‰‹çš„æ„å›¾è¯†åˆ«ä¸“å®¶ï¼Œè¯·åˆ†æç”¨æˆ·æŸ¥è¯¢ï¼Œè¯†åˆ«æ„å›¾å¹¶æå–æ§½ä½ã€‚
  è‹¥ç”¨æˆ·é—®é¢˜ä¸æ„å›¾æ¸…å•éƒ½ä¸ç›¸ç¬¦ï¼Œåˆ™è¿”å› {intent: "40", slots: {}, query: "ç”¨æˆ·æŸ¥è¯¢çš„åŸå§‹é—®é¢˜"}ã€‚
  è‹¥ç”¨æˆ·è¯¢é—®åŠ©æ‰‹æœ¬èº«çš„èƒ½åŠ›èŒƒå›´ã€åŠŸèƒ½æ¸…å•ã€ä½¿ç”¨æ–¹æ³•ã€èº«ä»½å®šä¹‰ç­‰ç›¸å…³é—®é¢˜ï¼Œåˆ™è¿”å› {intent: "39", slots: {}, query: "ç”¨æˆ·æŸ¥è¯¢çš„åŸå§‹...
2025-11-24 07:28:27,770 - INFO - å¤§æ¨¡å‹è°ƒç”¨æˆåŠŸ
2025-11-24 07:28:27,771 - INFO - å“åº”å·²ä¿å­˜åˆ°: responses/rag_response_20251124_072827.json
2025-11-24 07:28:27,771 - INFO - RAGæŸ¥è¯¢å®Œæˆï¼Œå›ç­”é•¿åº¦: 1 å­—ç¬¦
2025-11-24 07:28:27,771 - INFO - 192.168.255.253 - - [24/Nov/2025 07:28:27] "POST /rag_query HTTP/1.1" 200 -
2025-11-24 07:28:36,796 - INFO - æ”¶åˆ°RAGæŸ¥è¯¢è¯·æ±‚: [æ¹–å—]æ™ºæ…§å®¶åº­å·¥ç¨‹å¸ˆä¿¡æ¯(æœˆ)çš„ç”¨é€”...
2025-11-24 07:28:36,796 - INFO - å¼€å§‹RAGæŸ¥è¯¢: [æ¹–å—]æ™ºæ…§å®¶åº­å·¥ç¨‹å¸ˆä¿¡æ¯(æœˆ)çš„ç”¨é€”
2025-11-24 07:28:36,796 - INFO - æ­£åœ¨è·å–æŸ¥è¯¢å‘é‡...
2025-11-24 07:28:36,822 - INFO - é›†åˆåŒ…å« 85 ä¸ªå®ä½“
2025-11-24 07:28:36,822 - INFO - å¼€å§‹å‘é‡æœç´¢ï¼Œè¿”å› 10 ä¸ªç»“æœ...
2025-11-24 07:28:36,823 - INFO - å‘é‡æœç´¢è¿”å› 10 ä¸ªæ–‡æ¡£
2025-11-24 07:28:36,823 - INFO - å¬å›åˆ° 10 ä¸ªæ–‡æ¡£
2025-11-24 07:28:36,823 - INFO - è°ƒç”¨rerank API: http://localhost:54113/v1/rerank
2025-11-24 07:28:36,823 - INFO - æŸ¥è¯¢å†…å®¹: [æ¹–å—]æ™ºæ…§å®¶åº­å·¥ç¨‹å¸ˆä¿¡æ¯(æœˆ)çš„ç”¨é€”...
2025-11-24 07:28:36,863 - INFO - Rerankè°ƒç”¨æˆåŠŸï¼Œè¿”å› 10 ä¸ªç»“æœ
2025-11-24 07:28:36,863 - INFO - é‡æ’åºåé€‰æ‹© 5 ä¸ªæœ€ç›¸å…³æ–‡æ¡£
2025-11-24 07:28:36,863 - INFO - è°ƒç”¨å¤§æ¨¡å‹API: http://localhost:54112/v1/chat/completions
2025-11-24 07:28:36,863 - INFO - è¯·æ±‚å†…å®¹:         ã€æŒ‡ä»¤ã€‘
  ä½œä¸ºæ•°æ®èµ„äº§åŠ©æ‰‹çš„æ„å›¾è¯†åˆ«ä¸“å®¶ï¼Œè¯·åˆ†æç”¨æˆ·æŸ¥è¯¢ï¼Œè¯†åˆ«æ„å›¾å¹¶æå–æ§½ä½ã€‚
  è‹¥ç”¨æˆ·é—®é¢˜ä¸æ„å›¾æ¸…å•éƒ½ä¸ç›¸ç¬¦ï¼Œåˆ™è¿”å› {intent: "40", slots: {}, query: "ç”¨æˆ·æŸ¥è¯¢çš„åŸå§‹é—®é¢˜"}ã€‚
  è‹¥ç”¨æˆ·è¯¢é—®åŠ©æ‰‹æœ¬èº«çš„èƒ½åŠ›èŒƒå›´ã€åŠŸèƒ½æ¸…å•ã€ä½¿ç”¨æ–¹æ³•ã€èº«ä»½å®šä¹‰ç­‰ç›¸å…³é—®é¢˜ï¼Œåˆ™è¿”å› {intent: "39", slots: {}, query: "ç”¨æˆ·æŸ¥è¯¢çš„åŸå§‹...
2025-11-24 07:28:38,727 - INFO - å¤§æ¨¡å‹è°ƒç”¨æˆåŠŸ
2025-11-24 07:28:38,727 - INFO - å“åº”å·²ä¿å­˜åˆ°: responses/rag_response_20251124_072838.json
2025-11-24 07:28:38,727 - INFO - RAGæŸ¥è¯¢å®Œæˆï¼Œå›ç­”é•¿åº¦: 1 å­—ç¬¦
2025-11-24 07:28:38,728 - INFO - 192.168.255.253 - - [24/Nov/2025 07:28:38] "POST /rag_query HTTP/1.1" 200 -
2025-11-24 07:29:00,464 - INFO - æ”¶åˆ°RAGæŸ¥è¯¢è¯·æ±‚: æ™ºæ…§ç¤¾åŒºè¿è¥æ•°æ®(æ—¥)çš„ç”¨é€”...
2025-11-24 07:29:00,465 - INFO - å¼€å§‹RAGæŸ¥è¯¢: æ™ºæ…§ç¤¾åŒºè¿è¥æ•°æ®(æ—¥)çš„ç”¨é€”
2025-11-24 07:29:00,465 - INFO - æ­£åœ¨è·å–æŸ¥è¯¢å‘é‡...
2025-11-24 07:29:00,496 - INFO - é›†åˆåŒ…å« 85 ä¸ªå®ä½“
2025-11-24 07:29:00,496 - INFO - å¼€å§‹å‘é‡æœç´¢ï¼Œè¿”å› 10 ä¸ªç»“æœ...
2025-11-24 07:29:00,498 - INFO - å‘é‡æœç´¢è¿”å› 10 ä¸ªæ–‡æ¡£
2025-11-24 07:29:00,498 - INFO - å¬å›åˆ° 10 ä¸ªæ–‡æ¡£
2025-11-24 07:29:00,498 - INFO - è°ƒç”¨rerank API: http://localhost:54113/v1/rerank
2025-11-24 07:29:00,498 - INFO - æŸ¥è¯¢å†…å®¹: æ™ºæ…§ç¤¾åŒºè¿è¥æ•°æ®(æ—¥)çš„ç”¨é€”...
2025-11-24 07:29:00,540 - INFO - Rerankè°ƒç”¨æˆåŠŸï¼Œè¿”å› 10 ä¸ªç»“æœ
2025-11-24 07:29:00,540 - INFO - é‡æ’åºåé€‰æ‹© 5 ä¸ªæœ€ç›¸å…³æ–‡æ¡£
2025-11-24 07:29:00,540 - INFO - è°ƒç”¨å¤§æ¨¡å‹API: http://localhost:54112/v1/chat/completions
2025-11-24 07:29:00,540 - INFO - è¯·æ±‚å†…å®¹:         ã€æŒ‡ä»¤ã€‘
  ä½œä¸ºæ•°æ®èµ„äº§åŠ©æ‰‹çš„æ„å›¾è¯†åˆ«ä¸“å®¶ï¼Œè¯·åˆ†æç”¨æˆ·æŸ¥è¯¢ï¼Œè¯†åˆ«æ„å›¾å¹¶æå–æ§½ä½ã€‚
  è‹¥ç”¨æˆ·é—®é¢˜ä¸æ„å›¾æ¸…å•éƒ½ä¸ç›¸ç¬¦ï¼Œåˆ™è¿”å› {intent: "40", slots: {}, query: "ç”¨æˆ·æŸ¥è¯¢çš„åŸå§‹é—®é¢˜"}ã€‚
  è‹¥ç”¨æˆ·è¯¢é—®åŠ©æ‰‹æœ¬èº«çš„èƒ½åŠ›èŒƒå›´ã€åŠŸèƒ½æ¸…å•ã€ä½¿ç”¨æ–¹æ³•ã€èº«ä»½å®šä¹‰ç­‰ç›¸å…³é—®é¢˜ï¼Œåˆ™è¿”å› {intent: "39", slots: {}, query: "ç”¨æˆ·æŸ¥è¯¢çš„åŸå§‹...
2025-11-24 07:29:02,387 - INFO - å¤§æ¨¡å‹è°ƒç”¨æˆåŠŸ
2025-11-24 07:29:02,388 - INFO - å“åº”å·²ä¿å­˜åˆ°: responses/rag_response_20251124_072902.json
2025-11-24 07:29:02,388 - INFO - RAGæŸ¥è¯¢å®Œæˆï¼Œå›ç­”é•¿åº¦: 1 å­—ç¬¦
2025-11-24 07:29:02,388 - INFO - 192.168.255.253 - - [24/Nov/2025 07:29:02] "POST /rag_query HTTP/1.1" 200 -
2025-11-24 07:29:06,468 - INFO - æ”¶åˆ°RAGæŸ¥è¯¢è¯·æ±‚: æ™ºæ…§ç¤¾åŒºè¿è¥æ•°æ®(æ—¥)çš„ç”¨é€”...
2025-11-24 07:29:06,469 - INFO - å¼€å§‹RAGæŸ¥è¯¢: æ™ºæ…§ç¤¾åŒºè¿è¥æ•°æ®(æ—¥)çš„ç”¨é€”
2025-11-24 07:29:06,469 - INFO - æ­£åœ¨è·å–æŸ¥è¯¢å‘é‡...
2025-11-24 07:29:06,492 - INFO - é›†åˆåŒ…å« 85 ä¸ªå®ä½“
2025-11-24 07:29:06,493 - INFO - å¼€å§‹å‘é‡æœç´¢ï¼Œè¿”å› 10 ä¸ªç»“æœ...
2025-11-24 07:29:06,494 - INFO - å‘é‡æœç´¢è¿”å› 10 ä¸ªæ–‡æ¡£
2025-11-24 07:29:06,494 - INFO - å¬å›åˆ° 10 ä¸ªæ–‡æ¡£
2025-11-24 07:29:06,494 - INFO - è°ƒç”¨rerank API: http://localhost:54113/v1/rerank
2025-11-24 07:29:06,494 - INFO - æŸ¥è¯¢å†…å®¹: æ™ºæ…§ç¤¾åŒºè¿è¥æ•°æ®(æ—¥)çš„ç”¨é€”...
2025-11-24 07:29:06,533 - INFO - Rerankè°ƒç”¨æˆåŠŸï¼Œè¿”å› 10 ä¸ªç»“æœ
2025-11-24 07:29:06,533 - INFO - é‡æ’åºåé€‰æ‹© 5 ä¸ªæœ€ç›¸å…³æ–‡æ¡£
2025-11-24 07:29:06,533 - INFO - è°ƒç”¨å¤§æ¨¡å‹API: http://localhost:54112/v1/chat/completions
2025-11-24 07:29:06,533 - INFO - è¯·æ±‚å†…å®¹:         ã€æŒ‡ä»¤ã€‘
  ä½œä¸ºæ•°æ®èµ„äº§åŠ©æ‰‹çš„æ„å›¾è¯†åˆ«ä¸“å®¶ï¼Œè¯·åˆ†æç”¨æˆ·æŸ¥è¯¢ï¼Œè¯†åˆ«æ„å›¾å¹¶æå–æ§½ä½ã€‚
  è‹¥ç”¨æˆ·é—®é¢˜ä¸æ„å›¾æ¸…å•éƒ½ä¸ç›¸ç¬¦ï¼Œåˆ™è¿”å› {intent: "40", slots: {}, query: "ç”¨æˆ·æŸ¥è¯¢çš„åŸå§‹é—®é¢˜"}ã€‚
  è‹¥ç”¨æˆ·è¯¢é—®åŠ©æ‰‹æœ¬èº«çš„èƒ½åŠ›èŒƒå›´ã€åŠŸèƒ½æ¸…å•ã€ä½¿ç”¨æ–¹æ³•ã€èº«ä»½å®šä¹‰ç­‰ç›¸å…³é—®é¢˜ï¼Œåˆ™è¿”å› {intent: "39", slots: {}, query: "ç”¨æˆ·æŸ¥è¯¢çš„åŸå§‹...
2025-11-24 07:29:08,350 - INFO - å¤§æ¨¡å‹è°ƒç”¨æˆåŠŸ
2025-11-24 07:29:08,350 - INFO - å“åº”å·²ä¿å­˜åˆ°: responses/rag_response_20251124_072908.json
2025-11-24 07:29:08,350 - INFO - RAGæŸ¥è¯¢å®Œæˆï¼Œå›ç­”é•¿åº¦: 1 å­—ç¬¦
2025-11-24 07:29:08,351 - INFO - 192.168.255.253 - - [24/Nov/2025 07:29:08] "POST /rag_query HTTP/1.1" 200 -
2025-11-24 07:29:16,325 - INFO - æ”¶åˆ°RAGæŸ¥è¯¢è¯·æ±‚: æ™ºæ…§ç¤¾åŒºè¿è¥æ•°æ®(æ—¥)çš„æ•°æ®ç±»å‹...
2025-11-24 07:29:16,325 - INFO - å¼€å§‹RAGæŸ¥è¯¢: æ™ºæ…§ç¤¾åŒºè¿è¥æ•°æ®(æ—¥)çš„æ•°æ®ç±»å‹
2025-11-24 07:29:16,325 - INFO - æ­£åœ¨è·å–æŸ¥è¯¢å‘é‡...
2025-11-24 07:29:16,349 - INFO - é›†åˆåŒ…å« 85 ä¸ªå®ä½“
2025-11-24 07:29:16,349 - INFO - å¼€å§‹å‘é‡æœç´¢ï¼Œè¿”å› 10 ä¸ªç»“æœ...
2025-11-24 07:29:16,351 - INFO - å‘é‡æœç´¢è¿”å› 10 ä¸ªæ–‡æ¡£
2025-11-24 07:29:16,351 - INFO - å¬å›åˆ° 10 ä¸ªæ–‡æ¡£
2025-11-24 07:29:16,351 - INFO - è°ƒç”¨rerank API: http://localhost:54113/v1/rerank
2025-11-24 07:29:16,351 - INFO - æŸ¥è¯¢å†…å®¹: æ™ºæ…§ç¤¾åŒºè¿è¥æ•°æ®(æ—¥)çš„æ•°æ®ç±»å‹...
2025-11-24 07:29:16,390 - INFO - Rerankè°ƒç”¨æˆåŠŸï¼Œè¿”å› 10 ä¸ªç»“æœ
2025-11-24 07:29:16,390 - INFO - é‡æ’åºåé€‰æ‹© 5 ä¸ªæœ€ç›¸å…³æ–‡æ¡£
2025-11-24 07:29:16,390 - INFO - è°ƒç”¨å¤§æ¨¡å‹API: http://localhost:54112/v1/chat/completions
2025-11-24 07:29:16,390 - INFO - è¯·æ±‚å†…å®¹:         ã€æŒ‡ä»¤ã€‘
  ä½œä¸ºæ•°æ®èµ„äº§åŠ©æ‰‹çš„æ„å›¾è¯†åˆ«ä¸“å®¶ï¼Œè¯·åˆ†æç”¨æˆ·æŸ¥è¯¢ï¼Œè¯†åˆ«æ„å›¾å¹¶æå–æ§½ä½ã€‚
  è‹¥ç”¨æˆ·é—®é¢˜ä¸æ„å›¾æ¸…å•éƒ½ä¸ç›¸ç¬¦ï¼Œåˆ™è¿”å› {intent: "40", slots: {}, query: "ç”¨æˆ·æŸ¥è¯¢çš„åŸå§‹é—®é¢˜"}ã€‚
  è‹¥ç”¨æˆ·è¯¢é—®åŠ©æ‰‹æœ¬èº«çš„èƒ½åŠ›èŒƒå›´ã€åŠŸèƒ½æ¸…å•ã€ä½¿ç”¨æ–¹æ³•ã€èº«ä»½å®šä¹‰ç­‰ç›¸å…³é—®é¢˜ï¼Œåˆ™è¿”å› {intent: "39", slots: {}, query: "ç”¨æˆ·æŸ¥è¯¢çš„åŸå§‹...
2025-11-24 07:29:18,154 - INFO - å¤§æ¨¡å‹è°ƒç”¨æˆåŠŸ
2025-11-24 07:29:18,154 - INFO - å“åº”å·²ä¿å­˜åˆ°: responses/rag_response_20251124_072918.json
2025-11-24 07:29:18,154 - INFO - RAGæŸ¥è¯¢å®Œæˆï¼Œå›ç­”é•¿åº¦: 1 å­—ç¬¦
2025-11-24 07:29:18,154 - INFO - 192.168.255.253 - - [24/Nov/2025 07:29:18] "POST /rag_query HTTP/1.1" 200 -
2025-11-24 07:29:24,252 - INFO - æ”¶åˆ°RAGæŸ¥è¯¢è¯·æ±‚: æ™ºæ…§ç¤¾åŒºè¿è¥æ•°æ®(æ—¥)çš„èµ„äº§ç±»å‹...
2025-11-24 07:29:24,252 - INFO - å¼€å§‹RAGæŸ¥è¯¢: æ™ºæ…§ç¤¾åŒºè¿è¥æ•°æ®(æ—¥)çš„èµ„äº§ç±»å‹
2025-11-24 07:29:24,252 - INFO - æ­£åœ¨è·å–æŸ¥è¯¢å‘é‡...
2025-11-24 07:29:24,276 - INFO - é›†åˆåŒ…å« 85 ä¸ªå®ä½“
2025-11-24 07:29:24,276 - INFO - å¼€å§‹å‘é‡æœç´¢ï¼Œè¿”å› 10 ä¸ªç»“æœ...
2025-11-24 07:29:24,277 - INFO - å‘é‡æœç´¢è¿”å› 10 ä¸ªæ–‡æ¡£
2025-11-24 07:29:24,277 - INFO - å¬å›åˆ° 10 ä¸ªæ–‡æ¡£
2025-11-24 07:29:24,278 - INFO - è°ƒç”¨rerank API: http://localhost:54113/v1/rerank
2025-11-24 07:29:24,278 - INFO - æŸ¥è¯¢å†…å®¹: æ™ºæ…§ç¤¾åŒºè¿è¥æ•°æ®(æ—¥)çš„èµ„äº§ç±»å‹...
2025-11-24 07:29:24,318 - INFO - Rerankè°ƒç”¨æˆåŠŸï¼Œè¿”å› 10 ä¸ªç»“æœ
2025-11-24 07:29:24,318 - INFO - é‡æ’åºåé€‰æ‹© 5 ä¸ªæœ€ç›¸å…³æ–‡æ¡£
2025-11-24 07:29:24,318 - INFO - è°ƒç”¨å¤§æ¨¡å‹API: http://localhost:54112/v1/chat/completions
2025-11-24 07:29:24,318 - INFO - è¯·æ±‚å†…å®¹:         ã€æŒ‡ä»¤ã€‘
  ä½œä¸ºæ•°æ®èµ„äº§åŠ©æ‰‹çš„æ„å›¾è¯†åˆ«ä¸“å®¶ï¼Œè¯·åˆ†æç”¨æˆ·æŸ¥è¯¢ï¼Œè¯†åˆ«æ„å›¾å¹¶æå–æ§½ä½ã€‚
  è‹¥ç”¨æˆ·é—®é¢˜ä¸æ„å›¾æ¸…å•éƒ½ä¸ç›¸ç¬¦ï¼Œåˆ™è¿”å› {intent: "40", slots: {}, query: "ç”¨æˆ·æŸ¥è¯¢çš„åŸå§‹é—®é¢˜"}ã€‚
  è‹¥ç”¨æˆ·è¯¢é—®åŠ©æ‰‹æœ¬èº«çš„èƒ½åŠ›èŒƒå›´ã€åŠŸèƒ½æ¸…å•ã€ä½¿ç”¨æ–¹æ³•ã€èº«ä»½å®šä¹‰ç­‰ç›¸å…³é—®é¢˜ï¼Œåˆ™è¿”å› {intent: "39", slots: {}, query: "ç”¨æˆ·æŸ¥è¯¢çš„åŸå§‹...
2025-11-24 07:29:26,140 - INFO - å¤§æ¨¡å‹è°ƒç”¨æˆåŠŸ
2025-11-24 07:29:26,141 - INFO - å“åº”å·²ä¿å­˜åˆ°: responses/rag_response_20251124_072926.json
2025-11-24 07:29:26,141 - INFO - RAGæŸ¥è¯¢å®Œæˆï¼Œå›ç­”é•¿åº¦: 1 å­—ç¬¦
2025-11-24 07:29:26,141 - INFO - 192.168.255.253 - - [24/Nov/2025 07:29:26] "POST /rag_query HTTP/1.1" 200 -
2025-11-24 07:30:06,272 - INFO - æ”¶åˆ°RAGæŸ¥è¯¢è¯·æ±‚: æˆ‘è¦æŸ¥è¯¢ç¤¾åŒºè¿è¥ç›¸å…³çš„èµ„äº§...
2025-11-24 07:30:06,272 - INFO - å¼€å§‹RAGæŸ¥è¯¢: æˆ‘è¦æŸ¥è¯¢ç¤¾åŒºè¿è¥ç›¸å…³çš„èµ„äº§
2025-11-24 07:30:06,272 - INFO - æ­£åœ¨è·å–æŸ¥è¯¢å‘é‡...
2025-11-24 07:30:06,304 - INFO - é›†åˆåŒ…å« 85 ä¸ªå®ä½“
2025-11-24 07:30:06,305 - INFO - å¼€å§‹å‘é‡æœç´¢ï¼Œè¿”å› 10 ä¸ªç»“æœ...
2025-11-24 07:30:06,306 - INFO - å‘é‡æœç´¢è¿”å› 10 ä¸ªæ–‡æ¡£
2025-11-24 07:30:06,306 - INFO - å¬å›åˆ° 10 ä¸ªæ–‡æ¡£
2025-11-24 07:30:06,306 - INFO - è°ƒç”¨rerank API: http://localhost:54113/v1/rerank
2025-11-24 07:30:06,306 - INFO - æŸ¥è¯¢å†…å®¹: æˆ‘è¦æŸ¥è¯¢ç¤¾åŒºè¿è¥ç›¸å…³çš„èµ„äº§...
2025-11-24 07:30:06,348 - INFO - Rerankè°ƒç”¨æˆåŠŸï¼Œè¿”å› 10 ä¸ªç»“æœ
2025-11-24 07:30:06,348 - INFO - é‡æ’åºåé€‰æ‹© 5 ä¸ªæœ€ç›¸å…³æ–‡æ¡£
2025-11-24 07:30:06,348 - INFO - è°ƒç”¨å¤§æ¨¡å‹API: http://localhost:54112/v1/chat/completions
2025-11-24 07:30:06,348 - INFO - è¯·æ±‚å†…å®¹:         ã€æŒ‡ä»¤ã€‘
  ä½œä¸ºæ•°æ®èµ„äº§åŠ©æ‰‹çš„æ„å›¾è¯†åˆ«ä¸“å®¶ï¼Œè¯·åˆ†æç”¨æˆ·æŸ¥è¯¢ï¼Œè¯†åˆ«æ„å›¾å¹¶æå–æ§½ä½ã€‚
  è‹¥ç”¨æˆ·é—®é¢˜ä¸æ„å›¾æ¸…å•éƒ½ä¸ç›¸ç¬¦ï¼Œåˆ™è¿”å› {intent: "40", slots: {}, query: "ç”¨æˆ·æŸ¥è¯¢çš„åŸå§‹é—®é¢˜"}ã€‚
  è‹¥ç”¨æˆ·è¯¢é—®åŠ©æ‰‹æœ¬èº«çš„èƒ½åŠ›èŒƒå›´ã€åŠŸèƒ½æ¸…å•ã€ä½¿ç”¨æ–¹æ³•ã€èº«ä»½å®šä¹‰ç­‰ç›¸å…³é—®é¢˜ï¼Œåˆ™è¿”å› {intent: "39", slots: {}, query: "ç”¨æˆ·æŸ¥è¯¢çš„åŸå§‹...
2025-11-24 07:30:07,588 - INFO - å¤§æ¨¡å‹è°ƒç”¨æˆåŠŸ
2025-11-24 07:30:07,588 - INFO - å“åº”å·²ä¿å­˜åˆ°: responses/rag_response_20251124_073007.json
2025-11-24 07:30:07,588 - INFO - RAGæŸ¥è¯¢å®Œæˆï¼Œå›ç­”é•¿åº¦: 1 å­—ç¬¦
2025-11-24 07:30:07,588 - INFO - 192.168.255.253 - - [24/Nov/2025 07:30:07] "POST /rag_query HTTP/1.1" 200 -
2025-11-24 07:30:17,439 - INFO - æ”¶åˆ°RAGæŸ¥è¯¢è¯·æ±‚: æˆ‘è¦æŸ¥è¯¢ç¤¾åŒºè¿è¥ç›¸å…³çš„èµ„äº§...
2025-11-24 07:30:17,440 - INFO - å¼€å§‹RAGæŸ¥è¯¢: æˆ‘è¦æŸ¥è¯¢ç¤¾åŒºè¿è¥ç›¸å…³çš„èµ„äº§
2025-11-24 07:30:17,440 - INFO - æ­£åœ¨è·å–æŸ¥è¯¢å‘é‡...
2025-11-24 07:30:17,465 - INFO - é›†åˆåŒ…å« 85 ä¸ªå®ä½“
2025-11-24 07:30:17,465 - INFO - å¼€å§‹å‘é‡æœç´¢ï¼Œè¿”å› 10 ä¸ªç»“æœ...
2025-11-24 07:30:17,467 - INFO - å‘é‡æœç´¢è¿”å› 10 ä¸ªæ–‡æ¡£
2025-11-24 07:30:17,467 - INFO - å¬å›åˆ° 10 ä¸ªæ–‡æ¡£
2025-11-24 07:30:17,467 - INFO - è°ƒç”¨rerank API: http://localhost:54113/v1/rerank
2025-11-24 07:30:17,467 - INFO - æŸ¥è¯¢å†…å®¹: æˆ‘è¦æŸ¥è¯¢ç¤¾åŒºè¿è¥ç›¸å…³çš„èµ„äº§...
2025-11-24 07:30:17,515 - INFO - Rerankè°ƒç”¨æˆåŠŸï¼Œè¿”å› 10 ä¸ªç»“æœ
2025-11-24 07:30:17,515 - INFO - é‡æ’åºåé€‰æ‹© 5 ä¸ªæœ€ç›¸å…³æ–‡æ¡£
2025-11-24 07:30:17,515 - INFO - è°ƒç”¨å¤§æ¨¡å‹API: http://localhost:54112/v1/chat/completions
2025-11-24 07:30:17,515 - INFO - è¯·æ±‚å†…å®¹:         ã€æŒ‡ä»¤ã€‘
  ä½œä¸ºæ•°æ®èµ„äº§åŠ©æ‰‹çš„æ„å›¾è¯†åˆ«ä¸“å®¶ï¼Œè¯·åˆ†æç”¨æˆ·æŸ¥è¯¢ï¼Œè¯†åˆ«æ„å›¾å¹¶æå–æ§½ä½ã€‚
  è‹¥ç”¨æˆ·é—®é¢˜ä¸æ„å›¾æ¸…å•éƒ½ä¸ç›¸ç¬¦ï¼Œåˆ™è¿”å› {intent: "40", slots: {}, query: "ç”¨æˆ·æŸ¥è¯¢çš„åŸå§‹é—®é¢˜"}ã€‚
  è‹¥ç”¨æˆ·è¯¢é—®åŠ©æ‰‹æœ¬èº«çš„èƒ½åŠ›èŒƒå›´ã€åŠŸèƒ½æ¸…å•ã€ä½¿ç”¨æ–¹æ³•ã€èº«ä»½å®šä¹‰ç­‰ç›¸å…³é—®é¢˜ï¼Œåˆ™è¿”å› {intent: "39", slots: {}, query: "ç”¨æˆ·æŸ¥è¯¢çš„åŸå§‹...
2025-11-24 07:30:18,785 - INFO - å¤§æ¨¡å‹è°ƒç”¨æˆåŠŸ
2025-11-24 07:30:18,786 - INFO - å“åº”å·²ä¿å­˜åˆ°: responses/rag_response_20251124_073018.json
2025-11-24 07:30:18,786 - INFO - RAGæŸ¥è¯¢å®Œæˆï¼Œå›ç­”é•¿åº¦: 1 å­—ç¬¦
2025-11-24 07:30:18,786 - INFO - 192.168.255.253 - - [24/Nov/2025 07:30:18] "POST /rag_query HTTP/1.1" 200 -
2025-11-24 07:30:32,140 - INFO - æ”¶åˆ°RAGæŸ¥è¯¢è¯·æ±‚: æˆ‘æƒ³æ‰¾å®¶åº­ç›¸å…³çš„èµ„äº§...
2025-11-24 07:30:32,141 - INFO - å¼€å§‹RAGæŸ¥è¯¢: æˆ‘æƒ³æ‰¾å®¶åº­ç›¸å…³çš„èµ„äº§
2025-11-24 07:30:32,141 - INFO - æ­£åœ¨è·å–æŸ¥è¯¢å‘é‡...
2025-11-24 07:30:32,166 - INFO - é›†åˆåŒ…å« 85 ä¸ªå®ä½“
2025-11-24 07:30:32,166 - INFO - å¼€å§‹å‘é‡æœç´¢ï¼Œè¿”å› 10 ä¸ªç»“æœ...
2025-11-24 07:30:32,168 - INFO - å‘é‡æœç´¢è¿”å› 10 ä¸ªæ–‡æ¡£
2025-11-24 07:30:32,168 - INFO - å¬å›åˆ° 10 ä¸ªæ–‡æ¡£
2025-11-24 07:30:32,168 - INFO - è°ƒç”¨rerank API: http://localhost:54113/v1/rerank
2025-11-24 07:30:32,168 - INFO - æŸ¥è¯¢å†…å®¹: æˆ‘æƒ³æ‰¾å®¶åº­ç›¸å…³çš„èµ„äº§...
2025-11-24 07:30:32,209 - INFO - Rerankè°ƒç”¨æˆåŠŸï¼Œè¿”å› 10 ä¸ªç»“æœ
2025-11-24 07:30:32,209 - INFO - é‡æ’åºåé€‰æ‹© 5 ä¸ªæœ€ç›¸å…³æ–‡æ¡£
2025-11-24 07:30:32,209 - INFO - è°ƒç”¨å¤§æ¨¡å‹API: http://localhost:54112/v1/chat/completions
2025-11-24 07:30:32,209 - INFO - è¯·æ±‚å†…å®¹:         ã€æŒ‡ä»¤ã€‘
  ä½œä¸ºæ•°æ®èµ„äº§åŠ©æ‰‹çš„æ„å›¾è¯†åˆ«ä¸“å®¶ï¼Œè¯·åˆ†æç”¨æˆ·æŸ¥è¯¢ï¼Œè¯†åˆ«æ„å›¾å¹¶æå–æ§½ä½ã€‚
  è‹¥ç”¨æˆ·é—®é¢˜ä¸æ„å›¾æ¸…å•éƒ½ä¸ç›¸ç¬¦ï¼Œåˆ™è¿”å› {intent: "40", slots: {}, query: "ç”¨æˆ·æŸ¥è¯¢çš„åŸå§‹é—®é¢˜"}ã€‚
  è‹¥ç”¨æˆ·è¯¢é—®åŠ©æ‰‹æœ¬èº«çš„èƒ½åŠ›èŒƒå›´ã€åŠŸèƒ½æ¸…å•ã€ä½¿ç”¨æ–¹æ³•ã€èº«ä»½å®šä¹‰ç­‰ç›¸å…³é—®é¢˜ï¼Œåˆ™è¿”å› {intent: "39", slots: {}, query: "ç”¨æˆ·æŸ¥è¯¢çš„åŸå§‹...
2025-11-24 07:30:33,397 - INFO - å¤§æ¨¡å‹è°ƒç”¨æˆåŠŸ
2025-11-24 07:30:33,397 - INFO - å“åº”å·²ä¿å­˜åˆ°: responses/rag_response_20251124_073033.json
2025-11-24 07:30:33,397 - INFO - RAGæŸ¥è¯¢å®Œæˆï¼Œå›ç­”é•¿åº¦: 1 å­—ç¬¦
2025-11-24 07:30:33,397 - INFO - 192.168.255.253 - - [24/Nov/2025 07:30:33] "POST /rag_query HTTP/1.1" 200 -
2025-11-24 07:30:33,705 - INFO - æ”¶åˆ°RAGæŸ¥è¯¢è¯·æ±‚: æˆ‘è¦æŸ¥è¯¢ç¤¾åŒºè¿è¥ç›¸å…³çš„èµ„äº§...
2025-11-24 07:30:33,705 - INFO - å¼€å§‹RAGæŸ¥è¯¢: æˆ‘è¦æŸ¥è¯¢ç¤¾åŒºè¿è¥ç›¸å…³çš„èµ„äº§
2025-11-24 07:30:33,705 - INFO - æ­£åœ¨è·å–æŸ¥è¯¢å‘é‡...
2025-11-24 07:30:33,731 - INFO - é›†åˆåŒ…å« 85 ä¸ªå®ä½“
2025-11-24 07:30:33,731 - INFO - å¼€å§‹å‘é‡æœç´¢ï¼Œè¿”å› 10 ä¸ªç»“æœ...
2025-11-24 07:30:33,732 - INFO - å‘é‡æœç´¢è¿”å› 10 ä¸ªæ–‡æ¡£
2025-11-24 07:30:33,732 - INFO - å¬å›åˆ° 10 ä¸ªæ–‡æ¡£
2025-11-24 07:30:33,733 - INFO - è°ƒç”¨rerank API: http://localhost:54113/v1/rerank
2025-11-24 07:30:33,733 - INFO - æŸ¥è¯¢å†…å®¹: æˆ‘è¦æŸ¥è¯¢ç¤¾åŒºè¿è¥ç›¸å…³çš„èµ„äº§...
2025-11-24 07:30:33,776 - INFO - Rerankè°ƒç”¨æˆåŠŸï¼Œè¿”å› 10 ä¸ªç»“æœ
2025-11-24 07:30:33,776 - INFO - é‡æ’åºåé€‰æ‹© 5 ä¸ªæœ€ç›¸å…³æ–‡æ¡£
2025-11-24 07:30:33,776 - INFO - è°ƒç”¨å¤§æ¨¡å‹API: http://localhost:54112/v1/chat/completions
2025-11-24 07:30:33,776 - INFO - è¯·æ±‚å†…å®¹:         ã€æŒ‡ä»¤ã€‘
  ä½œä¸ºæ•°æ®èµ„äº§åŠ©æ‰‹çš„æ„å›¾è¯†åˆ«ä¸“å®¶ï¼Œè¯·åˆ†æç”¨æˆ·æŸ¥è¯¢ï¼Œè¯†åˆ«æ„å›¾å¹¶æå–æ§½ä½ã€‚
  è‹¥ç”¨æˆ·é—®é¢˜ä¸æ„å›¾æ¸…å•éƒ½ä¸ç›¸ç¬¦ï¼Œåˆ™è¿”å› {intent: "40", slots: {}, query: "ç”¨æˆ·æŸ¥è¯¢çš„åŸå§‹é—®é¢˜"}ã€‚
  è‹¥ç”¨æˆ·è¯¢é—®åŠ©æ‰‹æœ¬èº«çš„èƒ½åŠ›èŒƒå›´ã€åŠŸèƒ½æ¸…å•ã€ä½¿ç”¨æ–¹æ³•ã€èº«ä»½å®šä¹‰ç­‰ç›¸å…³é—®é¢˜ï¼Œåˆ™è¿”å› {intent: "39", slots: {}, query: "ç”¨æˆ·æŸ¥è¯¢çš„åŸå§‹...
2025-11-24 07:30:34,936 - INFO - å¤§æ¨¡å‹è°ƒç”¨æˆåŠŸ
2025-11-24 07:30:34,936 - INFO - å“åº”å·²ä¿å­˜åˆ°: responses/rag_response_20251124_073034.json
2025-11-24 07:30:34,936 - INFO - RAGæŸ¥è¯¢å®Œæˆï¼Œå›ç­”é•¿åº¦: 1 å­—ç¬¦
2025-11-24 07:30:34,937 - INFO - 192.168.255.253 - - [24/Nov/2025 07:30:34] "POST /rag_query HTTP/1.1" 200 -
2025-11-24 07:31:03,765 - INFO - æ”¶åˆ°RAGæŸ¥è¯¢è¯·æ±‚: [æ¹–å—]ç”¨æˆ·å®¶åº­å…³ç³»ä¿¡æ¯(æœˆ)çš„Â  èµ„äº§ç±»å‹...
2025-11-24 07:31:03,765 - INFO - å¼€å§‹RAGæŸ¥è¯¢: [æ¹–å—]ç”¨æˆ·å®¶åº­å…³ç³»ä¿¡æ¯(æœˆ)çš„Â  èµ„äº§ç±»å‹
2025-11-24 07:31:03,765 - INFO - æ­£åœ¨è·å–æŸ¥è¯¢å‘é‡...
2025-11-24 07:31:03,798 - INFO - é›†åˆåŒ…å« 85 ä¸ªå®ä½“
2025-11-24 07:31:03,798 - INFO - å¼€å§‹å‘é‡æœç´¢ï¼Œè¿”å› 10 ä¸ªç»“æœ...
2025-11-24 07:31:03,799 - INFO - å‘é‡æœç´¢è¿”å› 10 ä¸ªæ–‡æ¡£
2025-11-24 07:31:03,799 - INFO - å¬å›åˆ° 10 ä¸ªæ–‡æ¡£
2025-11-24 07:31:03,799 - INFO - è°ƒç”¨rerank API: http://localhost:54113/v1/rerank
2025-11-24 07:31:03,799 - INFO - æŸ¥è¯¢å†…å®¹: [æ¹–å—]ç”¨æˆ·å®¶åº­å…³ç³»ä¿¡æ¯(æœˆ)çš„Â  èµ„äº§ç±»å‹...
2025-11-24 07:31:03,843 - INFO - Rerankè°ƒç”¨æˆåŠŸï¼Œè¿”å› 10 ä¸ªç»“æœ
2025-11-24 07:31:03,843 - INFO - é‡æ’åºåé€‰æ‹© 5 ä¸ªæœ€ç›¸å…³æ–‡æ¡£
2025-11-24 07:31:03,843 - INFO - è°ƒç”¨å¤§æ¨¡å‹API: http://localhost:54112/v1/chat/completions
2025-11-24 07:31:03,843 - INFO - è¯·æ±‚å†…å®¹:         ã€æŒ‡ä»¤ã€‘
  ä½œä¸ºæ•°æ®èµ„äº§åŠ©æ‰‹çš„æ„å›¾è¯†åˆ«ä¸“å®¶ï¼Œè¯·åˆ†æç”¨æˆ·æŸ¥è¯¢ï¼Œè¯†åˆ«æ„å›¾å¹¶æå–æ§½ä½ã€‚
  è‹¥ç”¨æˆ·é—®é¢˜ä¸æ„å›¾æ¸…å•éƒ½ä¸ç›¸ç¬¦ï¼Œåˆ™è¿”å› {intent: "40", slots: {}, query: "ç”¨æˆ·æŸ¥è¯¢çš„åŸå§‹é—®é¢˜"}ã€‚
  è‹¥ç”¨æˆ·è¯¢é—®åŠ©æ‰‹æœ¬èº«çš„èƒ½åŠ›èŒƒå›´ã€åŠŸèƒ½æ¸…å•ã€ä½¿ç”¨æ–¹æ³•ã€èº«ä»½å®šä¹‰ç­‰ç›¸å…³é—®é¢˜ï¼Œåˆ™è¿”å› {intent: "39", slots: {}, query: "ç”¨æˆ·æŸ¥è¯¢çš„åŸå§‹...
2025-11-24 07:31:05,015 - INFO - æ”¶åˆ°RAGæŸ¥è¯¢è¯·æ±‚: æˆ‘è¦æŸ¥è¯¢è¿è¥ç›¸å…³çš„èµ„äº§...
2025-11-24 07:31:05,015 - INFO - å¼€å§‹RAGæŸ¥è¯¢: æˆ‘è¦æŸ¥è¯¢è¿è¥ç›¸å…³çš„èµ„äº§
2025-11-24 07:31:05,015 - INFO - æ­£åœ¨è·å–æŸ¥è¯¢å‘é‡...
2025-11-24 07:31:05,063 - INFO - é›†åˆåŒ…å« 85 ä¸ªå®ä½“
2025-11-24 07:31:05,063 - INFO - å¼€å§‹å‘é‡æœç´¢ï¼Œè¿”å› 10 ä¸ªç»“æœ...
2025-11-24 07:31:05,065 - INFO - å‘é‡æœç´¢è¿”å› 10 ä¸ªæ–‡æ¡£
2025-11-24 07:31:05,065 - INFO - å¬å›åˆ° 10 ä¸ªæ–‡æ¡£
2025-11-24 07:31:05,065 - INFO - è°ƒç”¨rerank API: http://localhost:54113/v1/rerank
2025-11-24 07:31:05,065 - INFO - æŸ¥è¯¢å†…å®¹: æˆ‘è¦æŸ¥è¯¢è¿è¥ç›¸å…³çš„èµ„äº§...
2025-11-24 07:31:05,442 - INFO - Rerankè°ƒç”¨æˆåŠŸï¼Œè¿”å› 10 ä¸ªç»“æœ
2025-11-24 07:31:05,442 - INFO - é‡æ’åºåé€‰æ‹© 5 ä¸ªæœ€ç›¸å…³æ–‡æ¡£
2025-11-24 07:31:05,442 - INFO - è°ƒç”¨å¤§æ¨¡å‹API: http://localhost:54112/v1/chat/completions
2025-11-24 07:31:05,442 - INFO - è¯·æ±‚å†…å®¹:         ã€æŒ‡ä»¤ã€‘
  ä½œä¸ºæ•°æ®èµ„äº§åŠ©æ‰‹çš„æ„å›¾è¯†åˆ«ä¸“å®¶ï¼Œè¯·åˆ†æç”¨æˆ·æŸ¥è¯¢ï¼Œè¯†åˆ«æ„å›¾å¹¶æå–æ§½ä½ã€‚
  è‹¥ç”¨æˆ·é—®é¢˜ä¸æ„å›¾æ¸…å•éƒ½ä¸ç›¸ç¬¦ï¼Œåˆ™è¿”å› {intent: "40", slots: {}, query: "ç”¨æˆ·æŸ¥è¯¢çš„åŸå§‹é—®é¢˜"}ã€‚
  è‹¥ç”¨æˆ·è¯¢é—®åŠ©æ‰‹æœ¬èº«çš„èƒ½åŠ›èŒƒå›´ã€åŠŸèƒ½æ¸…å•ã€ä½¿ç”¨æ–¹æ³•ã€èº«ä»½å®šä¹‰ç­‰ç›¸å…³é—®é¢˜ï¼Œåˆ™è¿”å› {intent: "39", slots: {}, query: "ç”¨æˆ·æŸ¥è¯¢çš„åŸå§‹...
2025-11-24 07:31:06,407 - INFO - å¤§æ¨¡å‹è°ƒç”¨æˆåŠŸ
2025-11-24 07:31:06,407 - INFO - å“åº”å·²ä¿å­˜åˆ°: responses/rag_response_20251124_073106.json
2025-11-24 07:31:06,407 - INFO - RAGæŸ¥è¯¢å®Œæˆï¼Œå›ç­”é•¿åº¦: 1 å­—ç¬¦
2025-11-24 07:31:06,407 - INFO - 192.168.255.253 - - [24/Nov/2025 07:31:06] "POST /rag_query HTTP/1.1" 200 -
2025-11-24 07:31:06,641 - INFO - å¤§æ¨¡å‹è°ƒç”¨æˆåŠŸ
2025-11-24 07:31:06,642 - INFO - å“åº”å·²ä¿å­˜åˆ°: responses/rag_response_20251124_073106.json
2025-11-24 07:31:06,642 - INFO - RAGæŸ¥è¯¢å®Œæˆï¼Œå›ç­”é•¿åº¦: 1 å­—ç¬¦
2025-11-24 07:31:06,642 - INFO - 192.168.255.253 - - [24/Nov/2025 07:31:06] "POST /rag_query HTTP/1.1" 200 -
2025-11-24 07:31:14,689 - INFO - æ”¶åˆ°RAGæŸ¥è¯¢è¯·æ±‚: [æ¹–å—]ç”¨æˆ·å®¶åº­å…³ç³»ä¿¡æ¯(æœˆ) çš„ç”¨é€”...
2025-11-24 07:31:14,689 - INFO - å¼€å§‹RAGæŸ¥è¯¢: [æ¹–å—]ç”¨æˆ·å®¶åº­å…³ç³»ä¿¡æ¯(æœˆ) çš„ç”¨é€”
2025-11-24 07:31:14,689 - INFO - æ­£åœ¨è·å–æŸ¥è¯¢å‘é‡...
2025-11-24 07:31:14,714 - INFO - é›†åˆåŒ…å« 85 ä¸ªå®ä½“
2025-11-24 07:31:14,714 - INFO - å¼€å§‹å‘é‡æœç´¢ï¼Œè¿”å› 10 ä¸ªç»“æœ...
2025-11-24 07:31:14,715 - INFO - å‘é‡æœç´¢è¿”å› 10 ä¸ªæ–‡æ¡£
2025-11-24 07:31:14,715 - INFO - å¬å›åˆ° 10 ä¸ªæ–‡æ¡£
2025-11-24 07:31:14,715 - INFO - è°ƒç”¨rerank API: http://localhost:54113/v1/rerank
2025-11-24 07:31:14,715 - INFO - æŸ¥è¯¢å†…å®¹: [æ¹–å—]ç”¨æˆ·å®¶åº­å…³ç³»ä¿¡æ¯(æœˆ) çš„ç”¨é€”...
2025-11-24 07:31:14,760 - INFO - Rerankè°ƒç”¨æˆåŠŸï¼Œè¿”å› 10 ä¸ªç»“æœ
2025-11-24 07:31:14,760 - INFO - é‡æ’åºåé€‰æ‹© 5 ä¸ªæœ€ç›¸å…³æ–‡æ¡£
2025-11-24 07:31:14,761 - INFO - è°ƒç”¨å¤§æ¨¡å‹API: http://localhost:54112/v1/chat/completions
2025-11-24 07:31:14,761 - INFO - è¯·æ±‚å†…å®¹:         ã€æŒ‡ä»¤ã€‘
  ä½œä¸ºæ•°æ®èµ„äº§åŠ©æ‰‹çš„æ„å›¾è¯†åˆ«ä¸“å®¶ï¼Œè¯·åˆ†æç”¨æˆ·æŸ¥è¯¢ï¼Œè¯†åˆ«æ„å›¾å¹¶æå–æ§½ä½ã€‚
  è‹¥ç”¨æˆ·é—®é¢˜ä¸æ„å›¾æ¸…å•éƒ½ä¸ç›¸ç¬¦ï¼Œåˆ™è¿”å› {intent: "40", slots: {}, query: "ç”¨æˆ·æŸ¥è¯¢çš„åŸå§‹é—®é¢˜"}ã€‚
  è‹¥ç”¨æˆ·è¯¢é—®åŠ©æ‰‹æœ¬èº«çš„èƒ½åŠ›èŒƒå›´ã€åŠŸèƒ½æ¸…å•ã€ä½¿ç”¨æ–¹æ³•ã€èº«ä»½å®šä¹‰ç­‰ç›¸å…³é—®é¢˜ï¼Œåˆ™è¿”å› {intent: "39", slots: {}, query: "ç”¨æˆ·æŸ¥è¯¢çš„åŸå§‹...
2025-11-24 07:31:16,647 - INFO - å¤§æ¨¡å‹è°ƒç”¨æˆåŠŸ
2025-11-24 07:31:16,647 - INFO - å“åº”å·²ä¿å­˜åˆ°: responses/rag_response_20251124_073116.json
2025-11-24 07:31:16,648 - INFO - RAGæŸ¥è¯¢å®Œæˆï¼Œå›ç­”é•¿åº¦: 1 å­—ç¬¦
2025-11-24 07:31:16,648 - INFO - 192.168.255.253 - - [24/Nov/2025 07:31:16] "POST /rag_query HTTP/1.1" 200 -
2025-11-24 07:31:19,529 - INFO - æ”¶åˆ°RAGæŸ¥è¯¢è¯·æ±‚: æˆ‘è¦æŸ¥è¯¢ç¤¾åŒºè¿è¥ç›¸å…³çš„èµ„äº§...
2025-11-24 07:31:19,529 - INFO - å¼€å§‹RAGæŸ¥è¯¢: æˆ‘è¦æŸ¥è¯¢ç¤¾åŒºè¿è¥ç›¸å…³çš„èµ„äº§
2025-11-24 07:31:19,529 - INFO - æ­£åœ¨è·å–æŸ¥è¯¢å‘é‡...
2025-11-24 07:31:19,553 - INFO - é›†åˆåŒ…å« 85 ä¸ªå®ä½“
2025-11-24 07:31:19,553 - INFO - å¼€å§‹å‘é‡æœç´¢ï¼Œè¿”å› 10 ä¸ªç»“æœ...
2025-11-24 07:31:19,554 - INFO - å‘é‡æœç´¢è¿”å› 10 ä¸ªæ–‡æ¡£
2025-11-24 07:31:19,555 - INFO - å¬å›åˆ° 10 ä¸ªæ–‡æ¡£
2025-11-24 07:31:19,555 - INFO - è°ƒç”¨rerank API: http://localhost:54113/v1/rerank
2025-11-24 07:31:19,555 - INFO - æŸ¥è¯¢å†…å®¹: æˆ‘è¦æŸ¥è¯¢ç¤¾åŒºè¿è¥ç›¸å…³çš„èµ„äº§...
2025-11-24 07:31:19,594 - INFO - Rerankè°ƒç”¨æˆåŠŸï¼Œè¿”å› 10 ä¸ªç»“æœ
2025-11-24 07:31:19,594 - INFO - é‡æ’åºåé€‰æ‹© 5 ä¸ªæœ€ç›¸å…³æ–‡æ¡£
2025-11-24 07:31:19,594 - INFO - è°ƒç”¨å¤§æ¨¡å‹API: http://localhost:54112/v1/chat/completions
2025-11-24 07:31:19,594 - INFO - è¯·æ±‚å†…å®¹:         ã€æŒ‡ä»¤ã€‘
  ä½œä¸ºæ•°æ®èµ„äº§åŠ©æ‰‹çš„æ„å›¾è¯†åˆ«ä¸“å®¶ï¼Œè¯·åˆ†æç”¨æˆ·æŸ¥è¯¢ï¼Œè¯†åˆ«æ„å›¾å¹¶æå–æ§½ä½ã€‚
  è‹¥ç”¨æˆ·é—®é¢˜ä¸æ„å›¾æ¸…å•éƒ½ä¸ç›¸ç¬¦ï¼Œåˆ™è¿”å› {intent: "40", slots: {}, query: "ç”¨æˆ·æŸ¥è¯¢çš„åŸå§‹é—®é¢˜"}ã€‚
  è‹¥ç”¨æˆ·è¯¢é—®åŠ©æ‰‹æœ¬èº«çš„èƒ½åŠ›èŒƒå›´ã€åŠŸèƒ½æ¸…å•ã€ä½¿ç”¨æ–¹æ³•ã€èº«ä»½å®šä¹‰ç­‰ç›¸å…³é—®é¢˜ï¼Œåˆ™è¿”å› {intent: "39", slots: {}, query: "ç”¨æˆ·æŸ¥è¯¢çš„åŸå§‹...
2025-11-24 07:31:20,759 - INFO - å¤§æ¨¡å‹è°ƒç”¨æˆåŠŸ
2025-11-24 07:31:20,760 - INFO - å“åº”å·²ä¿å­˜åˆ°: responses/rag_response_20251124_073120.json
2025-11-24 07:31:20,760 - INFO - RAGæŸ¥è¯¢å®Œæˆï¼Œå›ç­”é•¿åº¦: 1 å­—ç¬¦
2025-11-24 07:31:20,760 - INFO - 192.168.255.253 - - [24/Nov/2025 07:31:20] "POST /rag_query HTTP/1.1" 200 -
2025-11-24 07:31:47,294 - INFO - æ”¶åˆ°RAGæŸ¥è¯¢è¯·æ±‚: å¸®æˆ‘æ‰¾æ‰¾"å®¶åº­"ç›¸å…³çš„èµ„äº§...
2025-11-24 07:31:47,294 - INFO - å¼€å§‹RAGæŸ¥è¯¢: å¸®æˆ‘æ‰¾æ‰¾"å®¶åº­"ç›¸å…³çš„èµ„äº§
2025-11-24 07:31:47,295 - INFO - æ­£åœ¨è·å–æŸ¥è¯¢å‘é‡...
2025-11-24 07:31:47,326 - INFO - é›†åˆåŒ…å« 85 ä¸ªå®ä½“
2025-11-24 07:31:47,326 - INFO - å¼€å§‹å‘é‡æœç´¢ï¼Œè¿”å› 10 ä¸ªç»“æœ...
2025-11-24 07:31:47,328 - INFO - å‘é‡æœç´¢è¿”å› 10 ä¸ªæ–‡æ¡£
2025-11-24 07:31:47,328 - INFO - å¬å›åˆ° 10 ä¸ªæ–‡æ¡£
2025-11-24 07:31:47,328 - INFO - è°ƒç”¨rerank API: http://localhost:54113/v1/rerank
2025-11-24 07:31:47,328 - INFO - æŸ¥è¯¢å†…å®¹: å¸®æˆ‘æ‰¾æ‰¾"å®¶åº­"ç›¸å…³çš„èµ„äº§...
2025-11-24 07:31:47,369 - INFO - Rerankè°ƒç”¨æˆåŠŸï¼Œè¿”å› 10 ä¸ªç»“æœ
2025-11-24 07:31:47,369 - INFO - é‡æ’åºåé€‰æ‹© 5 ä¸ªæœ€ç›¸å…³æ–‡æ¡£
2025-11-24 07:31:47,369 - INFO - è°ƒç”¨å¤§æ¨¡å‹API: http://localhost:54112/v1/chat/completions
2025-11-24 07:31:47,369 - INFO - è¯·æ±‚å†…å®¹:         ã€æŒ‡ä»¤ã€‘
  ä½œä¸ºæ•°æ®èµ„äº§åŠ©æ‰‹çš„æ„å›¾è¯†åˆ«ä¸“å®¶ï¼Œè¯·åˆ†æç”¨æˆ·æŸ¥è¯¢ï¼Œè¯†åˆ«æ„å›¾å¹¶æå–æ§½ä½ã€‚
  è‹¥ç”¨æˆ·é—®é¢˜ä¸æ„å›¾æ¸…å•éƒ½ä¸ç›¸ç¬¦ï¼Œåˆ™è¿”å› {intent: "40", slots: {}, query: "ç”¨æˆ·æŸ¥è¯¢çš„åŸå§‹é—®é¢˜"}ã€‚
  è‹¥ç”¨æˆ·è¯¢é—®åŠ©æ‰‹æœ¬èº«çš„èƒ½åŠ›èŒƒå›´ã€åŠŸèƒ½æ¸…å•ã€ä½¿ç”¨æ–¹æ³•ã€èº«ä»½å®šä¹‰ç­‰ç›¸å…³é—®é¢˜ï¼Œåˆ™è¿”å› {intent: "39", slots: {}, query: "ç”¨æˆ·æŸ¥è¯¢çš„åŸå§‹...
2025-11-24 07:31:48,641 - INFO - å¤§æ¨¡å‹è°ƒç”¨æˆåŠŸ
2025-11-24 07:31:48,641 - INFO - å“åº”å·²ä¿å­˜åˆ°: responses/rag_response_20251124_073148.json
2025-11-24 07:31:48,641 - INFO - RAGæŸ¥è¯¢å®Œæˆï¼Œå›ç­”é•¿åº¦: 1 å­—ç¬¦
2025-11-24 07:31:48,642 - INFO - 192.168.255.253 - - [24/Nov/2025 07:31:48] "POST /rag_query HTTP/1.1" 200 -
2025-11-24 07:31:59,098 - INFO - æ”¶åˆ°RAGæŸ¥è¯¢è¯·æ±‚: æˆ‘è¦æŸ¥è¯¢ç¤¾åŒºè¿è¥ç›¸å…³çš„èµ„äº§...
2025-11-24 07:31:59,098 - INFO - å¼€å§‹RAGæŸ¥è¯¢: æˆ‘è¦æŸ¥è¯¢ç¤¾åŒºè¿è¥ç›¸å…³çš„èµ„äº§
2025-11-24 07:31:59,098 - INFO - æ­£åœ¨è·å–æŸ¥è¯¢å‘é‡...
2025-11-24 07:31:59,122 - INFO - é›†åˆåŒ…å« 85 ä¸ªå®ä½“
2025-11-24 07:31:59,122 - INFO - å¼€å§‹å‘é‡æœç´¢ï¼Œè¿”å› 10 ä¸ªç»“æœ...
2025-11-24 07:31:59,124 - INFO - å‘é‡æœç´¢è¿”å› 10 ä¸ªæ–‡æ¡£
2025-11-24 07:31:59,124 - INFO - å¬å›åˆ° 10 ä¸ªæ–‡æ¡£
2025-11-24 07:31:59,124 - INFO - è°ƒç”¨rerank API: http://localhost:54113/v1/rerank
2025-11-24 07:31:59,124 - INFO - æŸ¥è¯¢å†…å®¹: æˆ‘è¦æŸ¥è¯¢ç¤¾åŒºè¿è¥ç›¸å…³çš„èµ„äº§...
2025-11-24 07:31:59,163 - INFO - Rerankè°ƒç”¨æˆåŠŸï¼Œè¿”å› 10 ä¸ªç»“æœ
2025-11-24 07:31:59,163 - INFO - é‡æ’åºåé€‰æ‹© 5 ä¸ªæœ€ç›¸å…³æ–‡æ¡£
2025-11-24 07:31:59,163 - INFO - è°ƒç”¨å¤§æ¨¡å‹API: http://localhost:54112/v1/chat/completions
2025-11-24 07:31:59,163 - INFO - è¯·æ±‚å†…å®¹:         ã€æŒ‡ä»¤ã€‘
  ä½œä¸ºæ•°æ®èµ„äº§åŠ©æ‰‹çš„æ„å›¾è¯†åˆ«ä¸“å®¶ï¼Œè¯·åˆ†æç”¨æˆ·æŸ¥è¯¢ï¼Œè¯†åˆ«æ„å›¾å¹¶æå–æ§½ä½ã€‚
  è‹¥ç”¨æˆ·é—®é¢˜ä¸æ„å›¾æ¸…å•éƒ½ä¸ç›¸ç¬¦ï¼Œåˆ™è¿”å› {intent: "40", slots: {}, query: "ç”¨æˆ·æŸ¥è¯¢çš„åŸå§‹é—®é¢˜"}ã€‚
  è‹¥ç”¨æˆ·è¯¢é—®åŠ©æ‰‹æœ¬èº«çš„èƒ½åŠ›èŒƒå›´ã€åŠŸèƒ½æ¸…å•ã€ä½¿ç”¨æ–¹æ³•ã€èº«ä»½å®šä¹‰ç­‰ç›¸å…³é—®é¢˜ï¼Œåˆ™è¿”å› {intent: "39", slots: {}, query: "ç”¨æˆ·æŸ¥è¯¢çš„åŸå§‹...
2025-11-24 07:32:00,332 - INFO - å¤§æ¨¡å‹è°ƒç”¨æˆåŠŸ
2025-11-24 07:32:00,332 - INFO - å“åº”å·²ä¿å­˜åˆ°: responses/rag_response_20251124_073200.json
2025-11-24 07:32:00,333 - INFO - RAGæŸ¥è¯¢å®Œæˆï¼Œå›ç­”é•¿åº¦: 1 å­—ç¬¦
2025-11-24 07:32:00,333 - INFO - 192.168.255.253 - - [24/Nov/2025 07:32:00] "POST /rag_query HTTP/1.1" 200 -
2025-11-24 07:32:14,420 - INFO - æ”¶åˆ°RAGæŸ¥è¯¢è¯·æ±‚: å®½å¸¦å®¶åº­ä¸‹æ³›ç»ˆç«¯è®¾å¤‡æ•°æ® çš„ç”¨é€”...
2025-11-24 07:32:14,420 - INFO - å¼€å§‹RAGæŸ¥è¯¢: å®½å¸¦å®¶åº­ä¸‹æ³›ç»ˆç«¯è®¾å¤‡æ•°æ® çš„ç”¨é€”
2025-11-24 07:32:14,420 - INFO - æ­£åœ¨è·å–æŸ¥è¯¢å‘é‡...
2025-11-24 07:32:14,447 - INFO - é›†åˆåŒ…å« 85 ä¸ªå®ä½“
2025-11-24 07:32:14,447 - INFO - å¼€å§‹å‘é‡æœç´¢ï¼Œè¿”å› 10 ä¸ªç»“æœ...
2025-11-24 07:32:14,448 - INFO - å‘é‡æœç´¢è¿”å› 10 ä¸ªæ–‡æ¡£
2025-11-24 07:32:14,448 - INFO - å¬å›åˆ° 10 ä¸ªæ–‡æ¡£
2025-11-24 07:32:14,448 - INFO - è°ƒç”¨rerank API: http://localhost:54113/v1/rerank
2025-11-24 07:32:14,448 - INFO - æŸ¥è¯¢å†…å®¹: å®½å¸¦å®¶åº­ä¸‹æ³›ç»ˆç«¯è®¾å¤‡æ•°æ® çš„ç”¨é€”...
2025-11-24 07:32:14,495 - INFO - Rerankè°ƒç”¨æˆåŠŸï¼Œè¿”å› 10 ä¸ªç»“æœ
2025-11-24 07:32:14,495 - INFO - é‡æ’åºåé€‰æ‹© 5 ä¸ªæœ€ç›¸å…³æ–‡æ¡£
2025-11-24 07:32:14,495 - INFO - è°ƒç”¨å¤§æ¨¡å‹API: http://localhost:54112/v1/chat/completions
2025-11-24 07:32:14,495 - INFO - è¯·æ±‚å†…å®¹:         ã€æŒ‡ä»¤ã€‘
  ä½œä¸ºæ•°æ®èµ„äº§åŠ©æ‰‹çš„æ„å›¾è¯†åˆ«ä¸“å®¶ï¼Œè¯·åˆ†æç”¨æˆ·æŸ¥è¯¢ï¼Œè¯†åˆ«æ„å›¾å¹¶æå–æ§½ä½ã€‚
  è‹¥ç”¨æˆ·é—®é¢˜ä¸æ„å›¾æ¸…å•éƒ½ä¸ç›¸ç¬¦ï¼Œåˆ™è¿”å› {intent: "40", slots: {}, query: "ç”¨æˆ·æŸ¥è¯¢çš„åŸå§‹é—®é¢˜"}ã€‚
  è‹¥ç”¨æˆ·è¯¢é—®åŠ©æ‰‹æœ¬èº«çš„èƒ½åŠ›èŒƒå›´ã€åŠŸèƒ½æ¸…å•ã€ä½¿ç”¨æ–¹æ³•ã€èº«ä»½å®šä¹‰ç­‰ç›¸å…³é—®é¢˜ï¼Œåˆ™è¿”å› {intent: "39", slots: {}, query: "ç”¨æˆ·æŸ¥è¯¢çš„åŸå§‹...
2025-11-24 07:32:16,357 - INFO - å¤§æ¨¡å‹è°ƒç”¨æˆåŠŸ
2025-11-24 07:32:16,357 - INFO - å“åº”å·²ä¿å­˜åˆ°: responses/rag_response_20251124_073216.json
2025-11-24 07:32:16,357 - INFO - RAGæŸ¥è¯¢å®Œæˆï¼Œå›ç­”é•¿åº¦: 1 å­—ç¬¦
2025-11-24 07:32:16,358 - INFO - 192.168.255.253 - - [24/Nov/2025 07:32:16] "POST /rag_query HTTP/1.1" 200 -
2025-11-24 07:32:35,653 - INFO - æ”¶åˆ°RAGæŸ¥è¯¢è¯·æ±‚: èæ‰©ç¾¤æ‹‰æ–°å®¶åº­æ¨¡å‹...
2025-11-24 07:32:35,653 - INFO - å¼€å§‹RAGæŸ¥è¯¢: èæ‰©ç¾¤æ‹‰æ–°å®¶åº­æ¨¡å‹
2025-11-24 07:32:35,653 - INFO - æ­£åœ¨è·å–æŸ¥è¯¢å‘é‡...
2025-11-24 07:32:35,688 - INFO - é›†åˆåŒ…å« 85 ä¸ªå®ä½“
2025-11-24 07:32:35,688 - INFO - å¼€å§‹å‘é‡æœç´¢ï¼Œè¿”å› 10 ä¸ªç»“æœ...
2025-11-24 07:32:35,689 - INFO - å‘é‡æœç´¢è¿”å› 10 ä¸ªæ–‡æ¡£
2025-11-24 07:32:35,690 - INFO - å¬å›åˆ° 10 ä¸ªæ–‡æ¡£
2025-11-24 07:32:35,690 - INFO - è°ƒç”¨rerank API: http://localhost:54113/v1/rerank
2025-11-24 07:32:35,690 - INFO - æŸ¥è¯¢å†…å®¹: èæ‰©ç¾¤æ‹‰æ–°å®¶åº­æ¨¡å‹...
2025-11-24 07:32:35,731 - INFO - Rerankè°ƒç”¨æˆåŠŸï¼Œè¿”å› 10 ä¸ªç»“æœ
2025-11-24 07:32:35,732 - INFO - é‡æ’åºåé€‰æ‹© 5 ä¸ªæœ€ç›¸å…³æ–‡æ¡£
2025-11-24 07:32:35,732 - INFO - è°ƒç”¨å¤§æ¨¡å‹API: http://localhost:54112/v1/chat/completions
2025-11-24 07:32:35,732 - INFO - è¯·æ±‚å†…å®¹:         ã€æŒ‡ä»¤ã€‘
  ä½œä¸ºæ•°æ®èµ„äº§åŠ©æ‰‹çš„æ„å›¾è¯†åˆ«ä¸“å®¶ï¼Œè¯·åˆ†æç”¨æˆ·æŸ¥è¯¢ï¼Œè¯†åˆ«æ„å›¾å¹¶æå–æ§½ä½ã€‚
  è‹¥ç”¨æˆ·é—®é¢˜ä¸æ„å›¾æ¸…å•éƒ½ä¸ç›¸ç¬¦ï¼Œåˆ™è¿”å› {intent: "40", slots: {}, query: "ç”¨æˆ·æŸ¥è¯¢çš„åŸå§‹é—®é¢˜"}ã€‚
  è‹¥ç”¨æˆ·è¯¢é—®åŠ©æ‰‹æœ¬èº«çš„èƒ½åŠ›èŒƒå›´ã€åŠŸèƒ½æ¸…å•ã€ä½¿ç”¨æ–¹æ³•ã€èº«ä»½å®šä¹‰ç­‰ç›¸å…³é—®é¢˜ï¼Œåˆ™è¿”å› {intent: "39", slots: {}, query: "ç”¨æˆ·æŸ¥è¯¢çš„åŸå§‹...
2025-11-24 07:32:37,173 - INFO - å¤§æ¨¡å‹è°ƒç”¨æˆåŠŸ
2025-11-24 07:32:37,174 - INFO - å“åº”å·²ä¿å­˜åˆ°: responses/rag_response_20251124_073237.json
2025-11-24 07:32:37,174 - INFO - RAGæŸ¥è¯¢å®Œæˆï¼Œå›ç­”é•¿åº¦: 1 å­—ç¬¦
2025-11-24 07:32:37,174 - INFO - 192.168.255.253 - - [24/Nov/2025 07:32:37] "POST /rag_query HTTP/1.1" 200 -
2025-11-24 07:33:16,254 - INFO - æ”¶åˆ°RAGæŸ¥è¯¢è¯·æ±‚: èæ‰©ç¾¤æ‹‰æ–°å®¶åº­æ¨¡å‹ çš„Â  Â ç”¨é€”...
2025-11-24 07:33:16,254 - INFO - å¼€å§‹RAGæŸ¥è¯¢: èæ‰©ç¾¤æ‹‰æ–°å®¶åº­æ¨¡å‹ çš„Â  Â ç”¨é€”
2025-11-24 07:33:16,255 - INFO - æ­£åœ¨è·å–æŸ¥è¯¢å‘é‡...
2025-11-24 07:33:16,288 - INFO - é›†åˆåŒ…å« 85 ä¸ªå®ä½“
2025-11-24 07:33:16,288 - INFO - å¼€å§‹å‘é‡æœç´¢ï¼Œè¿”å› 10 ä¸ªç»“æœ...
2025-11-24 07:33:16,290 - INFO - å‘é‡æœç´¢è¿”å› 10 ä¸ªæ–‡æ¡£
2025-11-24 07:33:16,290 - INFO - å¬å›åˆ° 10 ä¸ªæ–‡æ¡£
2025-11-24 07:33:16,290 - INFO - è°ƒç”¨rerank API: http://localhost:54113/v1/rerank
2025-11-24 07:33:16,290 - INFO - æŸ¥è¯¢å†…å®¹: èæ‰©ç¾¤æ‹‰æ–°å®¶åº­æ¨¡å‹ çš„Â  Â ç”¨é€”...
2025-11-24 07:33:16,338 - INFO - Rerankè°ƒç”¨æˆåŠŸï¼Œè¿”å› 10 ä¸ªç»“æœ
2025-11-24 07:33:16,338 - INFO - é‡æ’åºåé€‰æ‹© 5 ä¸ªæœ€ç›¸å…³æ–‡æ¡£
2025-11-24 07:33:16,338 - INFO - è°ƒç”¨å¤§æ¨¡å‹API: http://localhost:54112/v1/chat/completions
2025-11-24 07:33:16,338 - INFO - è¯·æ±‚å†…å®¹:         ã€æŒ‡ä»¤ã€‘
  ä½œä¸ºæ•°æ®èµ„äº§åŠ©æ‰‹çš„æ„å›¾è¯†åˆ«ä¸“å®¶ï¼Œè¯·åˆ†æç”¨æˆ·æŸ¥è¯¢ï¼Œè¯†åˆ«æ„å›¾å¹¶æå–æ§½ä½ã€‚
  è‹¥ç”¨æˆ·é—®é¢˜ä¸æ„å›¾æ¸…å•éƒ½ä¸ç›¸ç¬¦ï¼Œåˆ™è¿”å› {intent: "40", slots: {}, query: "ç”¨æˆ·æŸ¥è¯¢çš„åŸå§‹é—®é¢˜"}ã€‚
  è‹¥ç”¨æˆ·è¯¢é—®åŠ©æ‰‹æœ¬èº«çš„èƒ½åŠ›èŒƒå›´ã€åŠŸèƒ½æ¸…å•ã€ä½¿ç”¨æ–¹æ³•ã€èº«ä»½å®šä¹‰ç­‰ç›¸å…³é—®é¢˜ï¼Œåˆ™è¿”å› {intent: "39", slots: {}, query: "ç”¨æˆ·æŸ¥è¯¢çš„åŸå§‹...
2025-11-24 07:33:18,288 - INFO - å¤§æ¨¡å‹è°ƒç”¨æˆåŠŸ
2025-11-24 07:33:18,288 - INFO - å“åº”å·²ä¿å­˜åˆ°: responses/rag_response_20251124_073318.json
2025-11-24 07:33:18,288 - INFO - RAGæŸ¥è¯¢å®Œæˆï¼Œå›ç­”é•¿åº¦: 1 å­—ç¬¦
2025-11-24 07:33:18,289 - INFO - 192.168.255.253 - - [24/Nov/2025 07:33:18] "POST /rag_query HTTP/1.1" 200 -
2025-11-24 07:34:01,211 - INFO - æ”¶åˆ°RAGæŸ¥è¯¢è¯·æ±‚: 5Gç›¸å…³çš„èµ„äº§...
2025-11-24 07:34:01,211 - INFO - å¼€å§‹RAGæŸ¥è¯¢: 5Gç›¸å…³çš„èµ„äº§
2025-11-24 07:34:01,211 - INFO - æ­£åœ¨è·å–æŸ¥è¯¢å‘é‡...
2025-11-24 07:34:01,244 - INFO - é›†åˆåŒ…å« 85 ä¸ªå®ä½“
2025-11-24 07:34:01,244 - INFO - å¼€å§‹å‘é‡æœç´¢ï¼Œè¿”å› 10 ä¸ªç»“æœ...
2025-11-24 07:34:01,245 - INFO - å‘é‡æœç´¢è¿”å› 10 ä¸ªæ–‡æ¡£
2025-11-24 07:34:01,246 - INFO - å¬å›åˆ° 10 ä¸ªæ–‡æ¡£
2025-11-24 07:34:01,246 - INFO - è°ƒç”¨rerank API: http://localhost:54113/v1/rerank
2025-11-24 07:34:01,246 - INFO - æŸ¥è¯¢å†…å®¹: 5Gç›¸å…³çš„èµ„äº§...
2025-11-24 07:34:01,286 - INFO - Rerankè°ƒç”¨æˆåŠŸï¼Œè¿”å› 10 ä¸ªç»“æœ
2025-11-24 07:34:01,286 - INFO - é‡æ’åºåé€‰æ‹© 5 ä¸ªæœ€ç›¸å…³æ–‡æ¡£
2025-11-24 07:34:01,286 - INFO - è°ƒç”¨å¤§æ¨¡å‹API: http://localhost:54112/v1/chat/completions
2025-11-24 07:34:01,286 - INFO - è¯·æ±‚å†…å®¹:         ã€æŒ‡ä»¤ã€‘
  ä½œä¸ºæ•°æ®èµ„äº§åŠ©æ‰‹çš„æ„å›¾è¯†åˆ«ä¸“å®¶ï¼Œè¯·åˆ†æç”¨æˆ·æŸ¥è¯¢ï¼Œè¯†åˆ«æ„å›¾å¹¶æå–æ§½ä½ã€‚
  è‹¥ç”¨æˆ·é—®é¢˜ä¸æ„å›¾æ¸…å•éƒ½ä¸ç›¸ç¬¦ï¼Œåˆ™è¿”å› {intent: "40", slots: {}, query: "ç”¨æˆ·æŸ¥è¯¢çš„åŸå§‹é—®é¢˜"}ã€‚
  è‹¥ç”¨æˆ·è¯¢é—®åŠ©æ‰‹æœ¬èº«çš„èƒ½åŠ›èŒƒå›´ã€åŠŸèƒ½æ¸…å•ã€ä½¿ç”¨æ–¹æ³•ã€èº«ä»½å®šä¹‰ç­‰ç›¸å…³é—®é¢˜ï¼Œåˆ™è¿”å› {intent: "39", slots: {}, query: "ç”¨æˆ·æŸ¥è¯¢çš„åŸå§‹...
2025-11-24 07:34:02,463 - INFO - å¤§æ¨¡å‹è°ƒç”¨æˆåŠŸ
2025-11-24 07:34:02,464 - INFO - å“åº”å·²ä¿å­˜åˆ°: responses/rag_response_20251124_073402.json
2025-11-24 07:34:02,464 - INFO - RAGæŸ¥è¯¢å®Œæˆï¼Œå›ç­”é•¿åº¦: 1 å­—ç¬¦
2025-11-24 07:34:02,464 - INFO - 192.168.255.253 - - [24/Nov/2025 07:34:02] "POST /rag_query HTTP/1.1" 200 -
2025-11-24 07:34:10,524 - INFO - æ”¶åˆ°RAGæŸ¥è¯¢è¯·æ±‚: å®¶åº­...
2025-11-24 07:34:10,524 - INFO - å¼€å§‹RAGæŸ¥è¯¢: å®¶åº­
2025-11-24 07:34:10,524 - INFO - æ­£åœ¨è·å–æŸ¥è¯¢å‘é‡...
2025-11-24 07:34:10,548 - INFO - é›†åˆåŒ…å« 85 ä¸ªå®ä½“
2025-11-24 07:34:10,548 - INFO - å¼€å§‹å‘é‡æœç´¢ï¼Œè¿”å› 10 ä¸ªç»“æœ...
2025-11-24 07:34:10,550 - INFO - å‘é‡æœç´¢è¿”å› 10 ä¸ªæ–‡æ¡£
2025-11-24 07:34:10,550 - INFO - å¬å›åˆ° 10 ä¸ªæ–‡æ¡£
2025-11-24 07:34:10,550 - INFO - è°ƒç”¨rerank API: http://localhost:54113/v1/rerank
2025-11-24 07:34:10,550 - INFO - æŸ¥è¯¢å†…å®¹: å®¶åº­...
2025-11-24 07:34:10,592 - INFO - Rerankè°ƒç”¨æˆåŠŸï¼Œè¿”å› 10 ä¸ªç»“æœ
2025-11-24 07:34:10,592 - INFO - é‡æ’åºåé€‰æ‹© 5 ä¸ªæœ€ç›¸å…³æ–‡æ¡£
2025-11-24 07:34:10,592 - INFO - è°ƒç”¨å¤§æ¨¡å‹API: http://localhost:54112/v1/chat/completions
2025-11-24 07:34:10,592 - INFO - è¯·æ±‚å†…å®¹:         ã€æŒ‡ä»¤ã€‘
  ä½œä¸ºæ•°æ®èµ„äº§åŠ©æ‰‹çš„æ„å›¾è¯†åˆ«ä¸“å®¶ï¼Œè¯·åˆ†æç”¨æˆ·æŸ¥è¯¢ï¼Œè¯†åˆ«æ„å›¾å¹¶æå–æ§½ä½ã€‚
  è‹¥ç”¨æˆ·é—®é¢˜ä¸æ„å›¾æ¸…å•éƒ½ä¸ç›¸ç¬¦ï¼Œåˆ™è¿”å› {intent: "40", slots: {}, query: "ç”¨æˆ·æŸ¥è¯¢çš„åŸå§‹é—®é¢˜"}ã€‚
  è‹¥ç”¨æˆ·è¯¢é—®åŠ©æ‰‹æœ¬èº«çš„èƒ½åŠ›èŒƒå›´ã€åŠŸèƒ½æ¸…å•ã€ä½¿ç”¨æ–¹æ³•ã€èº«ä»½å®šä¹‰ç­‰ç›¸å…³é—®é¢˜ï¼Œåˆ™è¿”å› {intent: "39", slots: {}, query: "ç”¨æˆ·æŸ¥è¯¢çš„åŸå§‹...
2025-11-24 07:34:11,330 - INFO - å¤§æ¨¡å‹è°ƒç”¨æˆåŠŸ
2025-11-24 07:34:11,330 - INFO - å“åº”å·²ä¿å­˜åˆ°: responses/rag_response_20251124_073411.json
2025-11-24 07:34:11,330 - INFO - RAGæŸ¥è¯¢å®Œæˆï¼Œå›ç­”é•¿åº¦: 1 å­—ç¬¦
2025-11-24 07:34:11,331 - INFO - 192.168.255.253 - - [24/Nov/2025 07:34:11] "POST /rag_query HTTP/1.1" 200 -
2025-11-24 07:34:40,661 - INFO - æ”¶åˆ°RAGæŸ¥è¯¢è¯·æ±‚: æˆ‘æƒ³æ‰¾å®¶åº­ç›¸å…³çš„èµ„äº§...
2025-11-24 07:34:40,661 - INFO - å¼€å§‹RAGæŸ¥è¯¢: æˆ‘æƒ³æ‰¾å®¶åº­ç›¸å…³çš„èµ„äº§
2025-11-24 07:34:40,661 - INFO - æ­£åœ¨è·å–æŸ¥è¯¢å‘é‡...
2025-11-24 07:34:40,693 - INFO - é›†åˆåŒ…å« 85 ä¸ªå®ä½“
2025-11-24 07:34:40,693 - INFO - å¼€å§‹å‘é‡æœç´¢ï¼Œè¿”å› 10 ä¸ªç»“æœ...
2025-11-24 07:34:40,695 - INFO - å‘é‡æœç´¢è¿”å› 10 ä¸ªæ–‡æ¡£
2025-11-24 07:34:40,695 - INFO - å¬å›åˆ° 10 ä¸ªæ–‡æ¡£
2025-11-24 07:34:40,695 - INFO - è°ƒç”¨rerank API: http://localhost:54113/v1/rerank
2025-11-24 07:34:40,695 - INFO - æŸ¥è¯¢å†…å®¹: æˆ‘æƒ³æ‰¾å®¶åº­ç›¸å…³çš„èµ„äº§...
2025-11-24 07:34:40,737 - INFO - Rerankè°ƒç”¨æˆåŠŸï¼Œè¿”å› 10 ä¸ªç»“æœ
2025-11-24 07:34:40,737 - INFO - é‡æ’åºåé€‰æ‹© 5 ä¸ªæœ€ç›¸å…³æ–‡æ¡£
2025-11-24 07:34:40,737 - INFO - è°ƒç”¨å¤§æ¨¡å‹API: http://localhost:54112/v1/chat/completions
2025-11-24 07:34:40,737 - INFO - è¯·æ±‚å†…å®¹:         ã€æŒ‡ä»¤ã€‘
  ä½œä¸ºæ•°æ®èµ„äº§åŠ©æ‰‹çš„æ„å›¾è¯†åˆ«ä¸“å®¶ï¼Œè¯·åˆ†æç”¨æˆ·æŸ¥è¯¢ï¼Œè¯†åˆ«æ„å›¾å¹¶æå–æ§½ä½ã€‚
  è‹¥ç”¨æˆ·é—®é¢˜ä¸æ„å›¾æ¸…å•éƒ½ä¸ç›¸ç¬¦ï¼Œåˆ™è¿”å› {intent: "40", slots: {}, query: "ç”¨æˆ·æŸ¥è¯¢çš„åŸå§‹é—®é¢˜"}ã€‚
  è‹¥ç”¨æˆ·è¯¢é—®åŠ©æ‰‹æœ¬èº«çš„èƒ½åŠ›èŒƒå›´ã€åŠŸèƒ½æ¸…å•ã€ä½¿ç”¨æ–¹æ³•ã€èº«ä»½å®šä¹‰ç­‰ç›¸å…³é—®é¢˜ï¼Œåˆ™è¿”å› {intent: "39", slots: {}, query: "ç”¨æˆ·æŸ¥è¯¢çš„åŸå§‹...
2025-11-24 07:34:42,019 - INFO - å¤§æ¨¡å‹è°ƒç”¨æˆåŠŸ
2025-11-24 07:34:42,019 - INFO - å“åº”å·²ä¿å­˜åˆ°: responses/rag_response_20251124_073442.json
2025-11-24 07:34:42,019 - INFO - RAGæŸ¥è¯¢å®Œæˆï¼Œå›ç­”é•¿åº¦: 1 å­—ç¬¦
2025-11-24 07:34:42,019 - INFO - 192.168.255.253 - - [24/Nov/2025 07:34:42] "POST /rag_query HTTP/1.1" 200 -
2025-11-24 07:34:53,930 - INFO - æ”¶åˆ°RAGæŸ¥è¯¢è¯·æ±‚: [æ¹–å—]ç”¨æˆ·å®¶åº­å…³ç³»ä¿¡æ¯(æœˆ)çš„Â  ç”¨é€”æ˜¯ä»€ä¹ˆ...
2025-11-24 07:34:53,931 - INFO - å¼€å§‹RAGæŸ¥è¯¢: [æ¹–å—]ç”¨æˆ·å®¶åº­å…³ç³»ä¿¡æ¯(æœˆ)çš„Â  ç”¨é€”æ˜¯ä»€ä¹ˆ
2025-11-24 07:34:53,931 - INFO - æ­£åœ¨è·å–æŸ¥è¯¢å‘é‡...
2025-11-24 07:34:53,955 - INFO - é›†åˆåŒ…å« 85 ä¸ªå®ä½“
2025-11-24 07:34:53,955 - INFO - å¼€å§‹å‘é‡æœç´¢ï¼Œè¿”å› 10 ä¸ªç»“æœ...
2025-11-24 07:34:53,957 - INFO - å‘é‡æœç´¢è¿”å› 10 ä¸ªæ–‡æ¡£
2025-11-24 07:34:53,957 - INFO - å¬å›åˆ° 10 ä¸ªæ–‡æ¡£
2025-11-24 07:34:53,957 - INFO - è°ƒç”¨rerank API: http://localhost:54113/v1/rerank
2025-11-24 07:34:53,957 - INFO - æŸ¥è¯¢å†…å®¹: [æ¹–å—]ç”¨æˆ·å®¶åº­å…³ç³»ä¿¡æ¯(æœˆ)çš„Â  ç”¨é€”æ˜¯ä»€ä¹ˆ...
2025-11-24 07:34:53,997 - INFO - Rerankè°ƒç”¨æˆåŠŸï¼Œè¿”å› 10 ä¸ªç»“æœ
2025-11-24 07:34:53,997 - INFO - é‡æ’åºåé€‰æ‹© 5 ä¸ªæœ€ç›¸å…³æ–‡æ¡£
2025-11-24 07:34:53,997 - INFO - è°ƒç”¨å¤§æ¨¡å‹API: http://localhost:54112/v1/chat/completions
2025-11-24 07:34:53,997 - INFO - è¯·æ±‚å†…å®¹:         ã€æŒ‡ä»¤ã€‘
  ä½œä¸ºæ•°æ®èµ„äº§åŠ©æ‰‹çš„æ„å›¾è¯†åˆ«ä¸“å®¶ï¼Œè¯·åˆ†æç”¨æˆ·æŸ¥è¯¢ï¼Œè¯†åˆ«æ„å›¾å¹¶æå–æ§½ä½ã€‚
  è‹¥ç”¨æˆ·é—®é¢˜ä¸æ„å›¾æ¸…å•éƒ½ä¸ç›¸ç¬¦ï¼Œåˆ™è¿”å› {intent: "40", slots: {}, query: "ç”¨æˆ·æŸ¥è¯¢çš„åŸå§‹é—®é¢˜"}ã€‚
  è‹¥ç”¨æˆ·è¯¢é—®åŠ©æ‰‹æœ¬èº«çš„èƒ½åŠ›èŒƒå›´ã€åŠŸèƒ½æ¸…å•ã€ä½¿ç”¨æ–¹æ³•ã€èº«ä»½å®šä¹‰ç­‰ç›¸å…³é—®é¢˜ï¼Œåˆ™è¿”å› {intent: "39", slots: {}, query: "ç”¨æˆ·æŸ¥è¯¢çš„åŸå§‹...
2025-11-24 07:34:55,994 - INFO - å¤§æ¨¡å‹è°ƒç”¨æˆåŠŸ
2025-11-24 07:34:55,995 - INFO - å“åº”å·²ä¿å­˜åˆ°: responses/rag_response_20251124_073455.json
2025-11-24 07:34:55,995 - INFO - RAGæŸ¥è¯¢å®Œæˆï¼Œå›ç­”é•¿åº¦: 1 å­—ç¬¦
2025-11-24 07:34:55,995 - INFO - 192.168.255.253 - - [24/Nov/2025 07:34:55] "POST /rag_query HTTP/1.1" 200 -
2025-11-24 07:35:42,169 - INFO - æ”¶åˆ°RAGæŸ¥è¯¢è¯·æ±‚: æˆ‘æƒ³æŸ¥ä¸€ä¸‹æ•°å­—ä¹¡æ‘ç›¸å…³çš„èµ„äº§...
2025-11-24 07:35:42,170 - INFO - å¼€å§‹RAGæŸ¥è¯¢: æˆ‘æƒ³æŸ¥ä¸€ä¸‹æ•°å­—ä¹¡æ‘ç›¸å…³çš„èµ„äº§
2025-11-24 07:35:42,170 - INFO - æ­£åœ¨è·å–æŸ¥è¯¢å‘é‡...
2025-11-24 07:35:42,202 - INFO - é›†åˆåŒ…å« 85 ä¸ªå®ä½“
2025-11-24 07:35:42,202 - INFO - å¼€å§‹å‘é‡æœç´¢ï¼Œè¿”å› 10 ä¸ªç»“æœ...
2025-11-24 07:35:42,203 - INFO - å‘é‡æœç´¢è¿”å› 10 ä¸ªæ–‡æ¡£
2025-11-24 07:35:42,204 - INFO - å¬å›åˆ° 10 ä¸ªæ–‡æ¡£
2025-11-24 07:35:42,204 - INFO - è°ƒç”¨rerank API: http://localhost:54113/v1/rerank
2025-11-24 07:35:42,204 - INFO - æŸ¥è¯¢å†…å®¹: æˆ‘æƒ³æŸ¥ä¸€ä¸‹æ•°å­—ä¹¡æ‘ç›¸å…³çš„èµ„äº§...
2025-11-24 07:35:42,245 - INFO - Rerankè°ƒç”¨æˆåŠŸï¼Œè¿”å› 10 ä¸ªç»“æœ
2025-11-24 07:35:42,245 - INFO - é‡æ’åºåé€‰æ‹© 5 ä¸ªæœ€ç›¸å…³æ–‡æ¡£
2025-11-24 07:35:42,245 - INFO - è°ƒç”¨å¤§æ¨¡å‹API: http://localhost:54112/v1/chat/completions
2025-11-24 07:35:42,245 - INFO - è¯·æ±‚å†…å®¹:         ã€æŒ‡ä»¤ã€‘
  ä½œä¸ºæ•°æ®èµ„äº§åŠ©æ‰‹çš„æ„å›¾è¯†åˆ«ä¸“å®¶ï¼Œè¯·åˆ†æç”¨æˆ·æŸ¥è¯¢ï¼Œè¯†åˆ«æ„å›¾å¹¶æå–æ§½ä½ã€‚
  è‹¥ç”¨æˆ·é—®é¢˜ä¸æ„å›¾æ¸…å•éƒ½ä¸ç›¸ç¬¦ï¼Œåˆ™è¿”å› {intent: "40", slots: {}, query: "ç”¨æˆ·æŸ¥è¯¢çš„åŸå§‹é—®é¢˜"}ã€‚
  è‹¥ç”¨æˆ·è¯¢é—®åŠ©æ‰‹æœ¬èº«çš„èƒ½åŠ›èŒƒå›´ã€åŠŸèƒ½æ¸…å•ã€ä½¿ç”¨æ–¹æ³•ã€èº«ä»½å®šä¹‰ç­‰ç›¸å…³é—®é¢˜ï¼Œåˆ™è¿”å› {intent: "39", slots: {}, query: "ç”¨æˆ·æŸ¥è¯¢çš„åŸå§‹...
2025-11-24 07:35:43,489 - INFO - å¤§æ¨¡å‹è°ƒç”¨æˆåŠŸ
2025-11-24 07:35:43,489 - INFO - å“åº”å·²ä¿å­˜åˆ°: responses/rag_response_20251124_073543.json
2025-11-24 07:35:43,489 - INFO - RAGæŸ¥è¯¢å®Œæˆï¼Œå›ç­”é•¿åº¦: 1 å­—ç¬¦
2025-11-24 07:35:43,489 - INFO - 192.168.255.253 - - [24/Nov/2025 07:35:43] "POST /rag_query HTTP/1.1" 200 -
2025-11-24 07:36:05,891 - INFO - æ”¶åˆ°RAGæŸ¥è¯¢è¯·æ±‚: æˆ‘æƒ³æ‰¾æ™ºæ…§å®¶åº­ç›¸å…³çš„èµ„äº§...
2025-11-24 07:36:05,891 - INFO - å¼€å§‹RAGæŸ¥è¯¢: æˆ‘æƒ³æ‰¾æ™ºæ…§å®¶åº­ç›¸å…³çš„èµ„äº§
2025-11-24 07:36:05,891 - INFO - æ­£åœ¨è·å–æŸ¥è¯¢å‘é‡...
2025-11-24 07:36:05,924 - INFO - é›†åˆåŒ…å« 85 ä¸ªå®ä½“
2025-11-24 07:36:05,924 - INFO - å¼€å§‹å‘é‡æœç´¢ï¼Œè¿”å› 10 ä¸ªç»“æœ...
2025-11-24 07:36:05,925 - INFO - å‘é‡æœç´¢è¿”å› 10 ä¸ªæ–‡æ¡£
2025-11-24 07:36:05,925 - INFO - å¬å›åˆ° 10 ä¸ªæ–‡æ¡£
2025-11-24 07:36:05,925 - INFO - è°ƒç”¨rerank API: http://localhost:54113/v1/rerank
2025-11-24 07:36:05,925 - INFO - æŸ¥è¯¢å†…å®¹: æˆ‘æƒ³æ‰¾æ™ºæ…§å®¶åº­ç›¸å…³çš„èµ„äº§...
2025-11-24 07:36:05,968 - INFO - Rerankè°ƒç”¨æˆåŠŸï¼Œè¿”å› 10 ä¸ªç»“æœ
2025-11-24 07:36:05,968 - INFO - é‡æ’åºåé€‰æ‹© 5 ä¸ªæœ€ç›¸å…³æ–‡æ¡£
2025-11-24 07:36:05,968 - INFO - è°ƒç”¨å¤§æ¨¡å‹API: http://localhost:54112/v1/chat/completions
2025-11-24 07:36:05,968 - INFO - è¯·æ±‚å†…å®¹:         ã€æŒ‡ä»¤ã€‘
  ä½œä¸ºæ•°æ®èµ„äº§åŠ©æ‰‹çš„æ„å›¾è¯†åˆ«ä¸“å®¶ï¼Œè¯·åˆ†æç”¨æˆ·æŸ¥è¯¢ï¼Œè¯†åˆ«æ„å›¾å¹¶æå–æ§½ä½ã€‚
  è‹¥ç”¨æˆ·é—®é¢˜ä¸æ„å›¾æ¸…å•éƒ½ä¸ç›¸ç¬¦ï¼Œåˆ™è¿”å› {intent: "40", slots: {}, query: "ç”¨æˆ·æŸ¥è¯¢çš„åŸå§‹é—®é¢˜"}ã€‚
  è‹¥ç”¨æˆ·è¯¢é—®åŠ©æ‰‹æœ¬èº«çš„èƒ½åŠ›èŒƒå›´ã€åŠŸèƒ½æ¸…å•ã€ä½¿ç”¨æ–¹æ³•ã€èº«ä»½å®šä¹‰ç­‰ç›¸å…³é—®é¢˜ï¼Œåˆ™è¿”å› {intent: "39", slots: {}, query: "ç”¨æˆ·æŸ¥è¯¢çš„åŸå§‹...
2025-11-24 07:36:07,223 - INFO - å¤§æ¨¡å‹è°ƒç”¨æˆåŠŸ
2025-11-24 07:36:07,224 - INFO - å“åº”å·²ä¿å­˜åˆ°: responses/rag_response_20251124_073607.json
2025-11-24 07:36:07,224 - INFO - RAGæŸ¥è¯¢å®Œæˆï¼Œå›ç­”é•¿åº¦: 1 å­—ç¬¦
2025-11-24 07:36:07,224 - INFO - 192.168.255.253 - - [24/Nov/2025 07:36:07] "POST /rag_query HTTP/1.1" 200 -
2025-11-24 07:36:42,918 - INFO - æ”¶åˆ°RAGæŸ¥è¯¢è¯·æ±‚: æˆ‘æƒ³æ‰¾æ™ºæ…§å®¶åº­ç›¸å…³çš„èµ„äº§...
2025-11-24 07:36:42,918 - INFO - å¼€å§‹RAGæŸ¥è¯¢: æˆ‘æƒ³æ‰¾æ™ºæ…§å®¶åº­ç›¸å…³çš„èµ„äº§
2025-11-24 07:36:42,918 - INFO - æ­£åœ¨è·å–æŸ¥è¯¢å‘é‡...
2025-11-24 07:36:42,951 - INFO - é›†åˆåŒ…å« 85 ä¸ªå®ä½“
2025-11-24 07:36:42,951 - INFO - å¼€å§‹å‘é‡æœç´¢ï¼Œè¿”å› 10 ä¸ªç»“æœ...
2025-11-24 07:36:42,953 - INFO - å‘é‡æœç´¢è¿”å› 10 ä¸ªæ–‡æ¡£
2025-11-24 07:36:42,953 - INFO - å¬å›åˆ° 10 ä¸ªæ–‡æ¡£
2025-11-24 07:36:42,953 - INFO - è°ƒç”¨rerank API: http://localhost:54113/v1/rerank
2025-11-24 07:36:42,953 - INFO - æŸ¥è¯¢å†…å®¹: æˆ‘æƒ³æ‰¾æ™ºæ…§å®¶åº­ç›¸å…³çš„èµ„äº§...
2025-11-24 07:36:42,994 - INFO - Rerankè°ƒç”¨æˆåŠŸï¼Œè¿”å› 10 ä¸ªç»“æœ
2025-11-24 07:36:42,994 - INFO - é‡æ’åºåé€‰æ‹© 5 ä¸ªæœ€ç›¸å…³æ–‡æ¡£
2025-11-24 07:36:42,994 - INFO - è°ƒç”¨å¤§æ¨¡å‹API: http://localhost:54112/v1/chat/completions
2025-11-24 07:36:42,994 - INFO - è¯·æ±‚å†…å®¹:         ã€æŒ‡ä»¤ã€‘
  ä½œä¸ºæ•°æ®èµ„äº§åŠ©æ‰‹çš„æ„å›¾è¯†åˆ«ä¸“å®¶ï¼Œè¯·åˆ†æç”¨æˆ·æŸ¥è¯¢ï¼Œè¯†åˆ«æ„å›¾å¹¶æå–æ§½ä½ã€‚
  è‹¥ç”¨æˆ·é—®é¢˜ä¸æ„å›¾æ¸…å•éƒ½ä¸ç›¸ç¬¦ï¼Œåˆ™è¿”å› {intent: "40", slots: {}, query: "ç”¨æˆ·æŸ¥è¯¢çš„åŸå§‹é—®é¢˜"}ã€‚
  è‹¥ç”¨æˆ·è¯¢é—®åŠ©æ‰‹æœ¬èº«çš„èƒ½åŠ›èŒƒå›´ã€åŠŸèƒ½æ¸…å•ã€ä½¿ç”¨æ–¹æ³•ã€èº«ä»½å®šä¹‰ç­‰ç›¸å…³é—®é¢˜ï¼Œåˆ™è¿”å› {intent: "39", slots: {}, query: "ç”¨æˆ·æŸ¥è¯¢çš„åŸå§‹...
2025-11-24 07:36:44,240 - INFO - å¤§æ¨¡å‹è°ƒç”¨æˆåŠŸ
2025-11-24 07:36:44,241 - INFO - å“åº”å·²ä¿å­˜åˆ°: responses/rag_response_20251124_073644.json
2025-11-24 07:36:44,241 - INFO - RAGæŸ¥è¯¢å®Œæˆï¼Œå›ç­”é•¿åº¦: 1 å­—ç¬¦
2025-11-24 07:36:44,241 - INFO - 192.168.255.253 - - [24/Nov/2025 07:36:44] "POST /rag_query HTTP/1.1" 200 -
2025-11-24 07:37:07,219 - INFO - æ”¶åˆ°RAGæŸ¥è¯¢è¯·æ±‚: æ²³å—æ™ºæ…§å®¶åº­æœåŠ¡ç”¨æˆ·æ•°ç»Ÿè®¡ï¼ˆæ—¥ï¼‰çš„èµ„äº§ç±»å‹...
2025-11-24 07:37:07,219 - INFO - å¼€å§‹RAGæŸ¥è¯¢: æ²³å—æ™ºæ…§å®¶åº­æœåŠ¡ç”¨æˆ·æ•°ç»Ÿè®¡ï¼ˆæ—¥ï¼‰çš„èµ„äº§ç±»å‹
2025-11-24 07:37:07,219 - INFO - æ­£åœ¨è·å–æŸ¥è¯¢å‘é‡...
2025-11-24 07:37:07,258 - INFO - é›†åˆåŒ…å« 85 ä¸ªå®ä½“
2025-11-24 07:37:07,258 - INFO - å¼€å§‹å‘é‡æœç´¢ï¼Œè¿”å› 10 ä¸ªç»“æœ...
2025-11-24 07:37:07,260 - INFO - å‘é‡æœç´¢è¿”å› 10 ä¸ªæ–‡æ¡£
2025-11-24 07:37:07,260 - INFO - å¬å›åˆ° 10 ä¸ªæ–‡æ¡£
2025-11-24 07:37:07,260 - INFO - è°ƒç”¨rerank API: http://localhost:54113/v1/rerank
2025-11-24 07:37:07,260 - INFO - æŸ¥è¯¢å†…å®¹: æ²³å—æ™ºæ…§å®¶åº­æœåŠ¡ç”¨æˆ·æ•°ç»Ÿè®¡ï¼ˆæ—¥ï¼‰çš„èµ„äº§ç±»å‹...
2025-11-24 07:37:07,304 - INFO - Rerankè°ƒç”¨æˆåŠŸï¼Œè¿”å› 10 ä¸ªç»“æœ
2025-11-24 07:37:07,304 - INFO - é‡æ’åºåé€‰æ‹© 5 ä¸ªæœ€ç›¸å…³æ–‡æ¡£
2025-11-24 07:37:07,304 - INFO - è°ƒç”¨å¤§æ¨¡å‹API: http://localhost:54112/v1/chat/completions
2025-11-24 07:37:07,304 - INFO - è¯·æ±‚å†…å®¹:         ã€æŒ‡ä»¤ã€‘
  ä½œä¸ºæ•°æ®èµ„äº§åŠ©æ‰‹çš„æ„å›¾è¯†åˆ«ä¸“å®¶ï¼Œè¯·åˆ†æç”¨æˆ·æŸ¥è¯¢ï¼Œè¯†åˆ«æ„å›¾å¹¶æå–æ§½ä½ã€‚
  è‹¥ç”¨æˆ·é—®é¢˜ä¸æ„å›¾æ¸…å•éƒ½ä¸ç›¸ç¬¦ï¼Œåˆ™è¿”å› {intent: "40", slots: {}, query: "ç”¨æˆ·æŸ¥è¯¢çš„åŸå§‹é—®é¢˜"}ã€‚
  è‹¥ç”¨æˆ·è¯¢é—®åŠ©æ‰‹æœ¬èº«çš„èƒ½åŠ›èŒƒå›´ã€åŠŸèƒ½æ¸…å•ã€ä½¿ç”¨æ–¹æ³•ã€èº«ä»½å®šä¹‰ç­‰ç›¸å…³é—®é¢˜ï¼Œåˆ™è¿”å› {intent: "39", slots: {}, query: "ç”¨æˆ·æŸ¥è¯¢çš„åŸå§‹...
2025-11-24 07:37:09,429 - INFO - å¤§æ¨¡å‹è°ƒç”¨æˆåŠŸ
2025-11-24 07:37:09,429 - INFO - å“åº”å·²ä¿å­˜åˆ°: responses/rag_response_20251124_073709.json
2025-11-24 07:37:09,430 - INFO - RAGæŸ¥è¯¢å®Œæˆï¼Œå›ç­”é•¿åº¦: 1 å­—ç¬¦
2025-11-24 07:37:09,430 - INFO - 192.168.255.253 - - [24/Nov/2025 07:37:09] "POST /rag_query HTTP/1.1" 200 -
2025-11-24 07:37:49,502 - INFO - æ”¶åˆ°RAGæŸ¥è¯¢è¯·æ±‚: æˆ‘æƒ³æ‰¾å®¶åº­ç›¸å…³çš„çƒ­é—¨èµ„äº§...
2025-11-24 07:37:49,502 - INFO - å¼€å§‹RAGæŸ¥è¯¢: æˆ‘æƒ³æ‰¾å®¶åº­ç›¸å…³çš„çƒ­é—¨èµ„äº§
2025-11-24 07:37:49,502 - INFO - æ­£åœ¨è·å–æŸ¥è¯¢å‘é‡...
2025-11-24 07:37:49,536 - INFO - é›†åˆåŒ…å« 85 ä¸ªå®ä½“
2025-11-24 07:37:49,536 - INFO - å¼€å§‹å‘é‡æœç´¢ï¼Œè¿”å› 10 ä¸ªç»“æœ...
2025-11-24 07:37:49,537 - INFO - å‘é‡æœç´¢è¿”å› 10 ä¸ªæ–‡æ¡£
2025-11-24 07:37:49,537 - INFO - å¬å›åˆ° 10 ä¸ªæ–‡æ¡£
2025-11-24 07:37:49,538 - INFO - è°ƒç”¨rerank API: http://localhost:54113/v1/rerank
2025-11-24 07:37:49,538 - INFO - æŸ¥è¯¢å†…å®¹: æˆ‘æƒ³æ‰¾å®¶åº­ç›¸å…³çš„çƒ­é—¨èµ„äº§...
2025-11-24 07:37:49,581 - INFO - Rerankè°ƒç”¨æˆåŠŸï¼Œè¿”å› 10 ä¸ªç»“æœ
2025-11-24 07:37:49,581 - INFO - é‡æ’åºåé€‰æ‹© 5 ä¸ªæœ€ç›¸å…³æ–‡æ¡£
2025-11-24 07:37:49,581 - INFO - è°ƒç”¨å¤§æ¨¡å‹API: http://localhost:54112/v1/chat/completions
2025-11-24 07:37:49,581 - INFO - è¯·æ±‚å†…å®¹:         ã€æŒ‡ä»¤ã€‘
  ä½œä¸ºæ•°æ®èµ„äº§åŠ©æ‰‹çš„æ„å›¾è¯†åˆ«ä¸“å®¶ï¼Œè¯·åˆ†æç”¨æˆ·æŸ¥è¯¢ï¼Œè¯†åˆ«æ„å›¾å¹¶æå–æ§½ä½ã€‚
  è‹¥ç”¨æˆ·é—®é¢˜ä¸æ„å›¾æ¸…å•éƒ½ä¸ç›¸ç¬¦ï¼Œåˆ™è¿”å› {intent: "40", slots: {}, query: "ç”¨æˆ·æŸ¥è¯¢çš„åŸå§‹é—®é¢˜"}ã€‚
  è‹¥ç”¨æˆ·è¯¢é—®åŠ©æ‰‹æœ¬èº«çš„èƒ½åŠ›èŒƒå›´ã€åŠŸèƒ½æ¸…å•ã€ä½¿ç”¨æ–¹æ³•ã€èº«ä»½å®šä¹‰ç­‰ç›¸å…³é—®é¢˜ï¼Œåˆ™è¿”å› {intent: "39", slots: {}, query: "ç”¨æˆ·æŸ¥è¯¢çš„åŸå§‹...
2025-11-24 07:37:51,139 - INFO - å¤§æ¨¡å‹è°ƒç”¨æˆåŠŸ
2025-11-24 07:37:51,139 - INFO - å“åº”å·²ä¿å­˜åˆ°: responses/rag_response_20251124_073751.json
2025-11-24 07:37:51,139 - INFO - RAGæŸ¥è¯¢å®Œæˆï¼Œå›ç­”é•¿åº¦: 1 å­—ç¬¦
2025-11-24 07:37:51,140 - INFO - 192.168.255.253 - - [24/Nov/2025 07:37:51] "POST /rag_query HTTP/1.1" 200 -
2025-11-24 07:38:18,405 - INFO - æ”¶åˆ°RAGæŸ¥è¯¢è¯·æ±‚: æ²³å—æ™ºæ…§å®¶åº­æœåŠ¡ç”¨æˆ·æ•°ç»Ÿè®¡ï¼ˆæ—¥ï¼‰çš„ç”¨é€”...
2025-11-24 07:38:18,405 - INFO - å¼€å§‹RAGæŸ¥è¯¢: æ²³å—æ™ºæ…§å®¶åº­æœåŠ¡ç”¨æˆ·æ•°ç»Ÿè®¡ï¼ˆæ—¥ï¼‰çš„ç”¨é€”
2025-11-24 07:38:18,405 - INFO - æ­£åœ¨è·å–æŸ¥è¯¢å‘é‡...
2025-11-24 07:38:18,437 - INFO - é›†åˆåŒ…å« 85 ä¸ªå®ä½“
2025-11-24 07:38:18,438 - INFO - å¼€å§‹å‘é‡æœç´¢ï¼Œè¿”å› 10 ä¸ªç»“æœ...
2025-11-24 07:38:18,439 - INFO - å‘é‡æœç´¢è¿”å› 10 ä¸ªæ–‡æ¡£
2025-11-24 07:38:18,439 - INFO - å¬å›åˆ° 10 ä¸ªæ–‡æ¡£
2025-11-24 07:38:18,439 - INFO - è°ƒç”¨rerank API: http://localhost:54113/v1/rerank
2025-11-24 07:38:18,439 - INFO - æŸ¥è¯¢å†…å®¹: æ²³å—æ™ºæ…§å®¶åº­æœåŠ¡ç”¨æˆ·æ•°ç»Ÿè®¡ï¼ˆæ—¥ï¼‰çš„ç”¨é€”...
2025-11-24 07:38:18,482 - INFO - Rerankè°ƒç”¨æˆåŠŸï¼Œè¿”å› 10 ä¸ªç»“æœ
2025-11-24 07:38:18,482 - INFO - é‡æ’åºåé€‰æ‹© 5 ä¸ªæœ€ç›¸å…³æ–‡æ¡£
2025-11-24 07:38:18,482 - INFO - è°ƒç”¨å¤§æ¨¡å‹API: http://localhost:54112/v1/chat/completions
2025-11-24 07:38:18,482 - INFO - è¯·æ±‚å†…å®¹:         ã€æŒ‡ä»¤ã€‘
  ä½œä¸ºæ•°æ®èµ„äº§åŠ©æ‰‹çš„æ„å›¾è¯†åˆ«ä¸“å®¶ï¼Œè¯·åˆ†æç”¨æˆ·æŸ¥è¯¢ï¼Œè¯†åˆ«æ„å›¾å¹¶æå–æ§½ä½ã€‚
  è‹¥ç”¨æˆ·é—®é¢˜ä¸æ„å›¾æ¸…å•éƒ½ä¸ç›¸ç¬¦ï¼Œåˆ™è¿”å› {intent: "40", slots: {}, query: "ç”¨æˆ·æŸ¥è¯¢çš„åŸå§‹é—®é¢˜"}ã€‚
  è‹¥ç”¨æˆ·è¯¢é—®åŠ©æ‰‹æœ¬èº«çš„èƒ½åŠ›èŒƒå›´ã€åŠŸèƒ½æ¸…å•ã€ä½¿ç”¨æ–¹æ³•ã€èº«ä»½å®šä¹‰ç­‰ç›¸å…³é—®é¢˜ï¼Œåˆ™è¿”å› {intent: "39", slots: {}, query: "ç”¨æˆ·æŸ¥è¯¢çš„åŸå§‹...
2025-11-24 07:38:20,580 - INFO - å¤§æ¨¡å‹è°ƒç”¨æˆåŠŸ
2025-11-24 07:38:20,581 - INFO - å“åº”å·²ä¿å­˜åˆ°: responses/rag_response_20251124_073820.json
2025-11-24 07:38:20,581 - INFO - RAGæŸ¥è¯¢å®Œæˆï¼Œå›ç­”é•¿åº¦: 1 å­—ç¬¦
2025-11-24 07:38:20,581 - INFO - 192.168.255.253 - - [24/Nov/2025 07:38:20] "POST /rag_query HTTP/1.1" 200 -
2025-11-24 07:38:34,222 - INFO - æ”¶åˆ°RAGæŸ¥è¯¢è¯·æ±‚: æˆ‘è¦æŸ¥è¯¢æ™ºæ…§å®¶åº­å·¥ç¨‹çš„çƒ­é—¨èµ„äº§...
2025-11-24 07:38:34,222 - INFO - å¼€å§‹RAGæŸ¥è¯¢: æˆ‘è¦æŸ¥è¯¢æ™ºæ…§å®¶åº­å·¥ç¨‹çš„çƒ­é—¨èµ„äº§
2025-11-24 07:38:34,222 - INFO - æ­£åœ¨è·å–æŸ¥è¯¢å‘é‡...
2025-11-24 07:38:34,249 - INFO - é›†åˆåŒ…å« 85 ä¸ªå®ä½“
2025-11-24 07:38:34,249 - INFO - å¼€å§‹å‘é‡æœç´¢ï¼Œè¿”å› 10 ä¸ªç»“æœ...
2025-11-24 07:38:34,250 - INFO - å‘é‡æœç´¢è¿”å› 10 ä¸ªæ–‡æ¡£
2025-11-24 07:38:34,251 - INFO - å¬å›åˆ° 10 ä¸ªæ–‡æ¡£
2025-11-24 07:38:34,251 - INFO - è°ƒç”¨rerank API: http://localhost:54113/v1/rerank
2025-11-24 07:38:34,251 - INFO - æŸ¥è¯¢å†…å®¹: æˆ‘è¦æŸ¥è¯¢æ™ºæ…§å®¶åº­å·¥ç¨‹çš„çƒ­é—¨èµ„äº§...
2025-11-24 07:38:34,290 - INFO - Rerankè°ƒç”¨æˆåŠŸï¼Œè¿”å› 10 ä¸ªç»“æœ
2025-11-24 07:38:34,290 - INFO - é‡æ’åºåé€‰æ‹© 5 ä¸ªæœ€ç›¸å…³æ–‡æ¡£
2025-11-24 07:38:34,291 - INFO - è°ƒç”¨å¤§æ¨¡å‹API: http://localhost:54112/v1/chat/completions
2025-11-24 07:38:34,291 - INFO - è¯·æ±‚å†…å®¹:         ã€æŒ‡ä»¤ã€‘
  ä½œä¸ºæ•°æ®èµ„äº§åŠ©æ‰‹çš„æ„å›¾è¯†åˆ«ä¸“å®¶ï¼Œè¯·åˆ†æç”¨æˆ·æŸ¥è¯¢ï¼Œè¯†åˆ«æ„å›¾å¹¶æå–æ§½ä½ã€‚
  è‹¥ç”¨æˆ·é—®é¢˜ä¸æ„å›¾æ¸…å•éƒ½ä¸ç›¸ç¬¦ï¼Œåˆ™è¿”å› {intent: "40", slots: {}, query: "ç”¨æˆ·æŸ¥è¯¢çš„åŸå§‹é—®é¢˜"}ã€‚
  è‹¥ç”¨æˆ·è¯¢é—®åŠ©æ‰‹æœ¬èº«çš„èƒ½åŠ›èŒƒå›´ã€åŠŸèƒ½æ¸…å•ã€ä½¿ç”¨æ–¹æ³•ã€èº«ä»½å®šä¹‰ç­‰ç›¸å…³é—®é¢˜ï¼Œåˆ™è¿”å› {intent: "39", slots: {}, query: "ç”¨æˆ·æŸ¥è¯¢çš„åŸå§‹...
2025-11-24 07:38:35,954 - INFO - å¤§æ¨¡å‹è°ƒç”¨æˆåŠŸ
2025-11-24 07:38:35,954 - INFO - å“åº”å·²ä¿å­˜åˆ°: responses/rag_response_20251124_073835.json
2025-11-24 07:38:35,954 - INFO - RAGæŸ¥è¯¢å®Œæˆï¼Œå›ç­”é•¿åº¦: 1 å­—ç¬¦
2025-11-24 07:38:35,955 - INFO - 192.168.255.253 - - [24/Nov/2025 07:38:35] "POST /rag_query HTTP/1.1" 200 -
2025-11-24 07:39:36,863 - INFO - æ”¶åˆ°RAGæŸ¥è¯¢è¯·æ±‚: ç¦å»º-æ™ºæ…§å®¶åº­ç³»åˆ—äº§å“å¯¼å…¥æ•°æ®(æ—¥)çš„å½’å±ç»„ç»‡...
2025-11-24 07:39:36,864 - INFO - å¼€å§‹RAGæŸ¥è¯¢: ç¦å»º-æ™ºæ…§å®¶åº­ç³»åˆ—äº§å“å¯¼å…¥æ•°æ®(æ—¥)çš„å½’å±ç»„ç»‡
2025-11-24 07:39:36,864 - INFO - æ­£åœ¨è·å–æŸ¥è¯¢å‘é‡...
2025-11-24 07:39:36,896 - INFO - é›†åˆåŒ…å« 85 ä¸ªå®ä½“
2025-11-24 07:39:36,897 - INFO - å¼€å§‹å‘é‡æœç´¢ï¼Œè¿”å› 10 ä¸ªç»“æœ...
2025-11-24 07:39:36,898 - INFO - å‘é‡æœç´¢è¿”å› 10 ä¸ªæ–‡æ¡£
2025-11-24 07:39:36,898 - INFO - å¬å›åˆ° 10 ä¸ªæ–‡æ¡£
2025-11-24 07:39:36,898 - INFO - è°ƒç”¨rerank API: http://localhost:54113/v1/rerank
2025-11-24 07:39:36,898 - INFO - æŸ¥è¯¢å†…å®¹: ç¦å»º-æ™ºæ…§å®¶åº­ç³»åˆ—äº§å“å¯¼å…¥æ•°æ®(æ—¥)çš„å½’å±ç»„ç»‡...
2025-11-24 07:39:36,952 - INFO - Rerankè°ƒç”¨æˆåŠŸï¼Œè¿”å› 10 ä¸ªç»“æœ
2025-11-24 07:39:36,953 - INFO - é‡æ’åºåé€‰æ‹© 5 ä¸ªæœ€ç›¸å…³æ–‡æ¡£
2025-11-24 07:39:36,953 - INFO - è°ƒç”¨å¤§æ¨¡å‹API: http://localhost:54112/v1/chat/completions
2025-11-24 07:39:36,953 - INFO - è¯·æ±‚å†…å®¹:         ã€æŒ‡ä»¤ã€‘
  ä½œä¸ºæ•°æ®èµ„äº§åŠ©æ‰‹çš„æ„å›¾è¯†åˆ«ä¸“å®¶ï¼Œè¯·åˆ†æç”¨æˆ·æŸ¥è¯¢ï¼Œè¯†åˆ«æ„å›¾å¹¶æå–æ§½ä½ã€‚
  è‹¥ç”¨æˆ·é—®é¢˜ä¸æ„å›¾æ¸…å•éƒ½ä¸ç›¸ç¬¦ï¼Œåˆ™è¿”å› {intent: "40", slots: {}, query: "ç”¨æˆ·æŸ¥è¯¢çš„åŸå§‹é—®é¢˜"}ã€‚
  è‹¥ç”¨æˆ·è¯¢é—®åŠ©æ‰‹æœ¬èº«çš„èƒ½åŠ›èŒƒå›´ã€åŠŸèƒ½æ¸…å•ã€ä½¿ç”¨æ–¹æ³•ã€èº«ä»½å®šä¹‰ç­‰ç›¸å…³é—®é¢˜ï¼Œåˆ™è¿”å› {intent: "39", slots: {}, query: "ç”¨æˆ·æŸ¥è¯¢çš„åŸå§‹...
2025-11-24 07:39:39,026 - INFO - å¤§æ¨¡å‹è°ƒç”¨æˆåŠŸ
2025-11-24 07:39:39,026 - INFO - å“åº”å·²ä¿å­˜åˆ°: responses/rag_response_20251124_073939.json
2025-11-24 07:39:39,026 - INFO - RAGæŸ¥è¯¢å®Œæˆï¼Œå›ç­”é•¿åº¦: 1 å­—ç¬¦
2025-11-24 07:39:39,027 - INFO - 192.168.255.253 - - [24/Nov/2025 07:39:39] "POST /rag_query HTTP/1.1" 200 -
2025-11-24 07:41:48,743 - INFO - æ”¶åˆ°RAGæŸ¥è¯¢è¯·æ±‚: ç¦å»º-æ™ºæ…§å®¶åº­ç³»åˆ—äº§å“å¯¼å…¥æ•°æ®(æ—¥)çš„è¡¨id...
2025-11-24 07:41:48,743 - INFO - å¼€å§‹RAGæŸ¥è¯¢: ç¦å»º-æ™ºæ…§å®¶åº­ç³»åˆ—äº§å“å¯¼å…¥æ•°æ®(æ—¥)çš„è¡¨id
2025-11-24 07:41:48,743 - INFO - æ­£åœ¨è·å–æŸ¥è¯¢å‘é‡...
2025-11-24 07:41:48,776 - INFO - é›†åˆåŒ…å« 85 ä¸ªå®ä½“
2025-11-24 07:41:48,777 - INFO - å¼€å§‹å‘é‡æœç´¢ï¼Œè¿”å› 10 ä¸ªç»“æœ...
2025-11-24 07:41:48,778 - INFO - å‘é‡æœç´¢è¿”å› 10 ä¸ªæ–‡æ¡£
2025-11-24 07:41:48,778 - INFO - å¬å›åˆ° 10 ä¸ªæ–‡æ¡£
2025-11-24 07:41:48,778 - INFO - è°ƒç”¨rerank API: http://localhost:54113/v1/rerank
2025-11-24 07:41:48,778 - INFO - æŸ¥è¯¢å†…å®¹: ç¦å»º-æ™ºæ…§å®¶åº­ç³»åˆ—äº§å“å¯¼å…¥æ•°æ®(æ—¥)çš„è¡¨id...
2025-11-24 07:41:48,819 - INFO - Rerankè°ƒç”¨æˆåŠŸï¼Œè¿”å› 10 ä¸ªç»“æœ
2025-11-24 07:41:48,819 - INFO - é‡æ’åºåé€‰æ‹© 5 ä¸ªæœ€ç›¸å…³æ–‡æ¡£
2025-11-24 07:41:48,819 - INFO - è°ƒç”¨å¤§æ¨¡å‹API: http://localhost:54112/v1/chat/completions
2025-11-24 07:41:48,819 - INFO - è¯·æ±‚å†…å®¹:         ã€æŒ‡ä»¤ã€‘
  ä½œä¸ºæ•°æ®èµ„äº§åŠ©æ‰‹çš„æ„å›¾è¯†åˆ«ä¸“å®¶ï¼Œè¯·åˆ†æç”¨æˆ·æŸ¥è¯¢ï¼Œè¯†åˆ«æ„å›¾å¹¶æå–æ§½ä½ã€‚
  è‹¥ç”¨æˆ·é—®é¢˜ä¸æ„å›¾æ¸…å•éƒ½ä¸ç›¸ç¬¦ï¼Œåˆ™è¿”å› {intent: "40", slots: {}, query: "ç”¨æˆ·æŸ¥è¯¢çš„åŸå§‹é—®é¢˜"}ã€‚
  è‹¥ç”¨æˆ·è¯¢é—®åŠ©æ‰‹æœ¬èº«çš„èƒ½åŠ›èŒƒå›´ã€åŠŸèƒ½æ¸…å•ã€ä½¿ç”¨æ–¹æ³•ã€èº«ä»½å®šä¹‰ç­‰ç›¸å…³é—®é¢˜ï¼Œåˆ™è¿”å› {intent: "39", slots: {}, query: "ç”¨æˆ·æŸ¥è¯¢çš„åŸå§‹...
2025-11-24 07:41:50,955 - INFO - å¤§æ¨¡å‹è°ƒç”¨æˆåŠŸ
2025-11-24 07:41:50,956 - INFO - å“åº”å·²ä¿å­˜åˆ°: responses/rag_response_20251124_074150.json
2025-11-24 07:41:50,956 - INFO - RAGæŸ¥è¯¢å®Œæˆï¼Œå›ç­”é•¿åº¦: 1 å­—ç¬¦
2025-11-24 07:41:50,956 - INFO - 192.168.255.253 - - [24/Nov/2025 07:41:50] "POST /rag_query HTTP/1.1" 200 -
2025-11-24 07:43:00,116 - INFO - æ”¶åˆ°RAGæŸ¥è¯¢è¯·æ±‚: æˆ‘æƒ³æŸ¥è¯¢ç›®å‰çš„çƒ­é—¨èµ„äº§...
2025-11-24 07:43:00,117 - INFO - å¼€å§‹RAGæŸ¥è¯¢: æˆ‘æƒ³æŸ¥è¯¢ç›®å‰çš„çƒ­é—¨èµ„äº§
2025-11-24 07:43:00,117 - INFO - æ­£åœ¨è·å–æŸ¥è¯¢å‘é‡...
2025-11-24 07:43:00,149 - INFO - é›†åˆåŒ…å« 85 ä¸ªå®ä½“
2025-11-24 07:43:00,149 - INFO - å¼€å§‹å‘é‡æœç´¢ï¼Œè¿”å› 10 ä¸ªç»“æœ...
2025-11-24 07:43:00,151 - INFO - å‘é‡æœç´¢è¿”å› 10 ä¸ªæ–‡æ¡£
2025-11-24 07:43:00,151 - INFO - å¬å›åˆ° 10 ä¸ªæ–‡æ¡£
2025-11-24 07:43:00,151 - INFO - è°ƒç”¨rerank API: http://localhost:54113/v1/rerank
2025-11-24 07:43:00,151 - INFO - æŸ¥è¯¢å†…å®¹: æˆ‘æƒ³æŸ¥è¯¢ç›®å‰çš„çƒ­é—¨èµ„äº§...
2025-11-24 07:43:00,191 - INFO - Rerankè°ƒç”¨æˆåŠŸï¼Œè¿”å› 10 ä¸ªç»“æœ
2025-11-24 07:43:00,191 - INFO - é‡æ’åºåé€‰æ‹© 5 ä¸ªæœ€ç›¸å…³æ–‡æ¡£
2025-11-24 07:43:00,191 - INFO - è°ƒç”¨å¤§æ¨¡å‹API: http://localhost:54112/v1/chat/completions
2025-11-24 07:43:00,191 - INFO - è¯·æ±‚å†…å®¹:         ã€æŒ‡ä»¤ã€‘
  ä½œä¸ºæ•°æ®èµ„äº§åŠ©æ‰‹çš„æ„å›¾è¯†åˆ«ä¸“å®¶ï¼Œè¯·åˆ†æç”¨æˆ·æŸ¥è¯¢ï¼Œè¯†åˆ«æ„å›¾å¹¶æå–æ§½ä½ã€‚
  è‹¥ç”¨æˆ·é—®é¢˜ä¸æ„å›¾æ¸…å•éƒ½ä¸ç›¸ç¬¦ï¼Œåˆ™è¿”å› {intent: "40", slots: {}, query: "ç”¨æˆ·æŸ¥è¯¢çš„åŸå§‹é—®é¢˜"}ã€‚
  è‹¥ç”¨æˆ·è¯¢é—®åŠ©æ‰‹æœ¬èº«çš„èƒ½åŠ›èŒƒå›´ã€åŠŸèƒ½æ¸…å•ã€ä½¿ç”¨æ–¹æ³•ã€èº«ä»½å®šä¹‰ç­‰ç›¸å…³é—®é¢˜ï¼Œåˆ™è¿”å› {intent: "39", slots: {}, query: "ç”¨æˆ·æŸ¥è¯¢çš„åŸå§‹...
2025-11-24 07:43:01,448 - INFO - å¤§æ¨¡å‹è°ƒç”¨æˆåŠŸ
2025-11-24 07:43:01,449 - INFO - å“åº”å·²ä¿å­˜åˆ°: responses/rag_response_20251124_074301.json
2025-11-24 07:43:01,449 - INFO - RAGæŸ¥è¯¢å®Œæˆï¼Œå›ç­”é•¿åº¦: 1 å­—ç¬¦
2025-11-24 07:43:01,449 - INFO - 192.168.255.253 - - [24/Nov/2025 07:43:01] "POST /rag_query HTTP/1.1" 200 -
2025-11-24 07:44:46,777 - INFO - æ”¶åˆ°RAGæŸ¥è¯¢è¯·æ±‚: æŸ¥è¯¢å®¶åº­ç›¸å…³èµ„äº§...
2025-11-24 07:44:46,778 - INFO - å¼€å§‹RAGæŸ¥è¯¢: æŸ¥è¯¢å®¶åº­ç›¸å…³èµ„äº§
2025-11-24 07:44:46,778 - INFO - æ­£åœ¨è·å–æŸ¥è¯¢å‘é‡...
2025-11-24 07:44:46,810 - INFO - é›†åˆåŒ…å« 85 ä¸ªå®ä½“
2025-11-24 07:44:46,810 - INFO - å¼€å§‹å‘é‡æœç´¢ï¼Œè¿”å› 10 ä¸ªç»“æœ...
2025-11-24 07:44:46,811 - INFO - å‘é‡æœç´¢è¿”å› 10 ä¸ªæ–‡æ¡£
2025-11-24 07:44:46,811 - INFO - å¬å›åˆ° 10 ä¸ªæ–‡æ¡£
2025-11-24 07:44:46,811 - INFO - è°ƒç”¨rerank API: http://localhost:54113/v1/rerank
2025-11-24 07:44:46,811 - INFO - æŸ¥è¯¢å†…å®¹: æŸ¥è¯¢å®¶åº­ç›¸å…³èµ„äº§...
2025-11-24 07:44:46,851 - INFO - Rerankè°ƒç”¨æˆåŠŸï¼Œè¿”å› 10 ä¸ªç»“æœ
2025-11-24 07:44:46,852 - INFO - é‡æ’åºåé€‰æ‹© 5 ä¸ªæœ€ç›¸å…³æ–‡æ¡£
2025-11-24 07:44:46,852 - INFO - è°ƒç”¨å¤§æ¨¡å‹API: http://localhost:54112/v1/chat/completions
2025-11-24 07:44:46,852 - INFO - è¯·æ±‚å†…å®¹:         ã€æŒ‡ä»¤ã€‘
  ä½œä¸ºæ•°æ®èµ„äº§åŠ©æ‰‹çš„æ„å›¾è¯†åˆ«ä¸“å®¶ï¼Œè¯·åˆ†æç”¨æˆ·æŸ¥è¯¢ï¼Œè¯†åˆ«æ„å›¾å¹¶æå–æ§½ä½ã€‚
  è‹¥ç”¨æˆ·é—®é¢˜ä¸æ„å›¾æ¸…å•éƒ½ä¸ç›¸ç¬¦ï¼Œåˆ™è¿”å› {intent: "40", slots: {}, query: "ç”¨æˆ·æŸ¥è¯¢çš„åŸå§‹é—®é¢˜"}ã€‚
  è‹¥ç”¨æˆ·è¯¢é—®åŠ©æ‰‹æœ¬èº«çš„èƒ½åŠ›èŒƒå›´ã€åŠŸèƒ½æ¸…å•ã€ä½¿ç”¨æ–¹æ³•ã€èº«ä»½å®šä¹‰ç­‰ç›¸å…³é—®é¢˜ï¼Œåˆ™è¿”å› {intent: "39", slots: {}, query: "ç”¨æˆ·æŸ¥è¯¢çš„åŸå§‹...
2025-11-24 07:44:48,029 - INFO - å¤§æ¨¡å‹è°ƒç”¨æˆåŠŸ
2025-11-24 07:44:48,029 - INFO - å“åº”å·²ä¿å­˜åˆ°: responses/rag_response_20251124_074448.json
2025-11-24 07:44:48,030 - INFO - RAGæŸ¥è¯¢å®Œæˆï¼Œå›ç­”é•¿åº¦: 1 å­—ç¬¦
2025-11-24 07:44:48,030 - INFO - 192.168.255.253 - - [24/Nov/2025 07:44:48] "POST /rag_query HTTP/1.1" 200 -
2025-11-24 07:45:38,971 - INFO - æ”¶åˆ°RAGæŸ¥è¯¢è¯·æ±‚: æŸ¥è¯¢å®¶åº­ç›¸å…³çš„èµ„äº§ï¼Œè¡¨ç›¸å…³çš„èµ„äº§ï¼Œè¿è¥ç›¸å…³çš„çƒ­ç‚¹èµ„äº§...
2025-11-24 07:45:38,972 - INFO - å¼€å§‹RAGæŸ¥è¯¢: æŸ¥è¯¢å®¶åº­ç›¸å…³çš„èµ„äº§ï¼Œè¡¨ç›¸å…³çš„èµ„äº§ï¼Œè¿è¥ç›¸å…³çš„çƒ­ç‚¹èµ„äº§
2025-11-24 07:45:38,972 - INFO - æ­£åœ¨è·å–æŸ¥è¯¢å‘é‡...
2025-11-24 07:45:39,006 - INFO - é›†åˆåŒ…å« 85 ä¸ªå®ä½“
2025-11-24 07:45:39,006 - INFO - å¼€å§‹å‘é‡æœç´¢ï¼Œè¿”å› 10 ä¸ªç»“æœ...
2025-11-24 07:45:39,007 - INFO - å‘é‡æœç´¢è¿”å› 10 ä¸ªæ–‡æ¡£
2025-11-24 07:45:39,007 - INFO - å¬å›åˆ° 10 ä¸ªæ–‡æ¡£
2025-11-24 07:45:39,007 - INFO - è°ƒç”¨rerank API: http://localhost:54113/v1/rerank
2025-11-24 07:45:39,007 - INFO - æŸ¥è¯¢å†…å®¹: æŸ¥è¯¢å®¶åº­ç›¸å…³çš„èµ„äº§ï¼Œè¡¨ç›¸å…³çš„èµ„äº§ï¼Œè¿è¥ç›¸å…³çš„çƒ­ç‚¹èµ„äº§...
2025-11-24 07:45:39,049 - INFO - Rerankè°ƒç”¨æˆåŠŸï¼Œè¿”å› 10 ä¸ªç»“æœ
2025-11-24 07:45:39,049 - INFO - é‡æ’åºåé€‰æ‹© 5 ä¸ªæœ€ç›¸å…³æ–‡æ¡£
2025-11-24 07:45:39,049 - INFO - è°ƒç”¨å¤§æ¨¡å‹API: http://localhost:54112/v1/chat/completions
2025-11-24 07:45:39,049 - INFO - è¯·æ±‚å†…å®¹:         ã€æŒ‡ä»¤ã€‘
  ä½œä¸ºæ•°æ®èµ„äº§åŠ©æ‰‹çš„æ„å›¾è¯†åˆ«ä¸“å®¶ï¼Œè¯·åˆ†æç”¨æˆ·æŸ¥è¯¢ï¼Œè¯†åˆ«æ„å›¾å¹¶æå–æ§½ä½ã€‚
  è‹¥ç”¨æˆ·é—®é¢˜ä¸æ„å›¾æ¸…å•éƒ½ä¸ç›¸ç¬¦ï¼Œåˆ™è¿”å› {intent: "40", slots: {}, query: "ç”¨æˆ·æŸ¥è¯¢çš„åŸå§‹é—®é¢˜"}ã€‚
  è‹¥ç”¨æˆ·è¯¢é—®åŠ©æ‰‹æœ¬èº«çš„èƒ½åŠ›èŒƒå›´ã€åŠŸèƒ½æ¸…å•ã€ä½¿ç”¨æ–¹æ³•ã€èº«ä»½å®šä¹‰ç­‰ç›¸å…³é—®é¢˜ï¼Œåˆ™è¿”å› {intent: "39", slots: {}, query: "ç”¨æˆ·æŸ¥è¯¢çš„åŸå§‹...
2025-11-24 07:45:41,438 - INFO - å¤§æ¨¡å‹è°ƒç”¨æˆåŠŸ
2025-11-24 07:45:41,438 - INFO - å“åº”å·²ä¿å­˜åˆ°: responses/rag_response_20251124_074541.json
2025-11-24 07:45:41,439 - INFO - RAGæŸ¥è¯¢å®Œæˆï¼Œå›ç­”é•¿åº¦: 1 å­—ç¬¦
2025-11-24 07:45:41,439 - INFO - 192.168.255.253 - - [24/Nov/2025 07:45:41] "POST /rag_query HTTP/1.1" 200 -
2025-11-24 07:46:17,196 - INFO - æ”¶åˆ°RAGæŸ¥è¯¢è¯·æ±‚: æŸ¥è¯¢å®¶åº­ç›¸å…³çš„èµ„äº§å’Œè¿è¥ç›¸å…³çš„èµ„äº§...
2025-11-24 07:46:17,196 - INFO - å¼€å§‹RAGæŸ¥è¯¢: æŸ¥è¯¢å®¶åº­ç›¸å…³çš„èµ„äº§å’Œè¿è¥ç›¸å…³çš„èµ„äº§
2025-11-24 07:46:17,196 - INFO - æ­£åœ¨è·å–æŸ¥è¯¢å‘é‡...
2025-11-24 07:46:17,230 - INFO - é›†åˆåŒ…å« 85 ä¸ªå®ä½“
2025-11-24 07:46:17,230 - INFO - å¼€å§‹å‘é‡æœç´¢ï¼Œè¿”å› 10 ä¸ªç»“æœ...
2025-11-24 07:46:17,231 - INFO - å‘é‡æœç´¢è¿”å› 10 ä¸ªæ–‡æ¡£
2025-11-24 07:46:17,232 - INFO - å¬å›åˆ° 10 ä¸ªæ–‡æ¡£
2025-11-24 07:46:17,232 - INFO - è°ƒç”¨rerank API: http://localhost:54113/v1/rerank
2025-11-24 07:46:17,232 - INFO - æŸ¥è¯¢å†…å®¹: æŸ¥è¯¢å®¶åº­ç›¸å…³çš„èµ„äº§å’Œè¿è¥ç›¸å…³çš„èµ„äº§...
2025-11-24 07:46:17,273 - INFO - Rerankè°ƒç”¨æˆåŠŸï¼Œè¿”å› 10 ä¸ªç»“æœ
2025-11-24 07:46:17,273 - INFO - é‡æ’åºåé€‰æ‹© 5 ä¸ªæœ€ç›¸å…³æ–‡æ¡£
2025-11-24 07:46:17,273 - INFO - è°ƒç”¨å¤§æ¨¡å‹API: http://localhost:54112/v1/chat/completions
2025-11-24 07:46:17,273 - INFO - è¯·æ±‚å†…å®¹:         ã€æŒ‡ä»¤ã€‘
  ä½œä¸ºæ•°æ®èµ„äº§åŠ©æ‰‹çš„æ„å›¾è¯†åˆ«ä¸“å®¶ï¼Œè¯·åˆ†æç”¨æˆ·æŸ¥è¯¢ï¼Œè¯†åˆ«æ„å›¾å¹¶æå–æ§½ä½ã€‚
  è‹¥ç”¨æˆ·é—®é¢˜ä¸æ„å›¾æ¸…å•éƒ½ä¸ç›¸ç¬¦ï¼Œåˆ™è¿”å› {intent: "40", slots: {}, query: "ç”¨æˆ·æŸ¥è¯¢çš„åŸå§‹é—®é¢˜"}ã€‚
  è‹¥ç”¨æˆ·è¯¢é—®åŠ©æ‰‹æœ¬èº«çš„èƒ½åŠ›èŒƒå›´ã€åŠŸèƒ½æ¸…å•ã€ä½¿ç”¨æ–¹æ³•ã€èº«ä»½å®šä¹‰ç­‰ç›¸å…³é—®é¢˜ï¼Œåˆ™è¿”å› {intent: "39", slots: {}, query: "ç”¨æˆ·æŸ¥è¯¢çš„åŸå§‹...
2025-11-24 07:46:18,866 - INFO - å¤§æ¨¡å‹è°ƒç”¨æˆåŠŸ
2025-11-24 07:46:18,867 - INFO - å“åº”å·²ä¿å­˜åˆ°: responses/rag_response_20251124_074618.json
2025-11-24 07:46:18,867 - INFO - RAGæŸ¥è¯¢å®Œæˆï¼Œå›ç­”é•¿åº¦: 1 å­—ç¬¦
2025-11-24 07:46:18,867 - INFO - 192.168.255.253 - - [24/Nov/2025 07:46:18] "POST /rag_query HTTP/1.1" 200 -
2025-11-24 07:46:24,980 - INFO - æ”¶åˆ°RAGæŸ¥è¯¢è¯·æ±‚: æŸ¥è¯¢å®¶åº­ç›¸å…³çš„èµ„äº§å’Œè¿è¥ç›¸å…³çš„èµ„äº§...
2025-11-24 07:46:24,980 - INFO - å¼€å§‹RAGæŸ¥è¯¢: æŸ¥è¯¢å®¶åº­ç›¸å…³çš„èµ„äº§å’Œè¿è¥ç›¸å…³çš„èµ„äº§
2025-11-24 07:46:24,980 - INFO - æ­£åœ¨è·å–æŸ¥è¯¢å‘é‡...
2025-11-24 07:46:25,006 - INFO - é›†åˆåŒ…å« 85 ä¸ªå®ä½“
2025-11-24 07:46:25,006 - INFO - å¼€å§‹å‘é‡æœç´¢ï¼Œè¿”å› 10 ä¸ªç»“æœ...
2025-11-24 07:46:25,008 - INFO - å‘é‡æœç´¢è¿”å› 10 ä¸ªæ–‡æ¡£
2025-11-24 07:46:25,008 - INFO - å¬å›åˆ° 10 ä¸ªæ–‡æ¡£
2025-11-24 07:46:25,008 - INFO - è°ƒç”¨rerank API: http://localhost:54113/v1/rerank
2025-11-24 07:46:25,008 - INFO - æŸ¥è¯¢å†…å®¹: æŸ¥è¯¢å®¶åº­ç›¸å…³çš„èµ„äº§å’Œè¿è¥ç›¸å…³çš„èµ„äº§...
2025-11-24 07:46:25,048 - INFO - Rerankè°ƒç”¨æˆåŠŸï¼Œè¿”å› 10 ä¸ªç»“æœ
2025-11-24 07:46:25,048 - INFO - é‡æ’åºåé€‰æ‹© 5 ä¸ªæœ€ç›¸å…³æ–‡æ¡£
2025-11-24 07:46:25,048 - INFO - è°ƒç”¨å¤§æ¨¡å‹API: http://localhost:54112/v1/chat/completions
2025-11-24 07:46:25,048 - INFO - è¯·æ±‚å†…å®¹:         ã€æŒ‡ä»¤ã€‘
  ä½œä¸ºæ•°æ®èµ„äº§åŠ©æ‰‹çš„æ„å›¾è¯†åˆ«ä¸“å®¶ï¼Œè¯·åˆ†æç”¨æˆ·æŸ¥è¯¢ï¼Œè¯†åˆ«æ„å›¾å¹¶æå–æ§½ä½ã€‚
  è‹¥ç”¨æˆ·é—®é¢˜ä¸æ„å›¾æ¸…å•éƒ½ä¸ç›¸ç¬¦ï¼Œåˆ™è¿”å› {intent: "40", slots: {}, query: "ç”¨æˆ·æŸ¥è¯¢çš„åŸå§‹é—®é¢˜"}ã€‚
  è‹¥ç”¨æˆ·è¯¢é—®åŠ©æ‰‹æœ¬èº«çš„èƒ½åŠ›èŒƒå›´ã€åŠŸèƒ½æ¸…å•ã€ä½¿ç”¨æ–¹æ³•ã€èº«ä»½å®šä¹‰ç­‰ç›¸å…³é—®é¢˜ï¼Œåˆ™è¿”å› {intent: "39", slots: {}, query: "ç”¨æˆ·æŸ¥è¯¢çš„åŸå§‹...
2025-11-24 07:46:26,662 - INFO - å¤§æ¨¡å‹è°ƒç”¨æˆåŠŸ
2025-11-24 07:46:26,662 - INFO - å“åº”å·²ä¿å­˜åˆ°: responses/rag_response_20251124_074626.json
2025-11-24 07:46:26,662 - INFO - RAGæŸ¥è¯¢å®Œæˆï¼Œå›ç­”é•¿åº¦: 1 å­—ç¬¦
2025-11-24 07:46:26,663 - INFO - 192.168.255.253 - - [24/Nov/2025 07:46:26] "POST /rag_query HTTP/1.1" 200 -
2025-11-24 07:47:27,114 - INFO - æ”¶åˆ°RAGæŸ¥è¯¢è¯·æ±‚: æŸ¥è¯¢å®¶åº­ç›¸å…³çš„èµ„äº§å’Œç”¨æˆ·ç›¸å…³çš„èµ„äº§...
2025-11-24 07:47:27,115 - INFO - å¼€å§‹RAGæŸ¥è¯¢: æŸ¥è¯¢å®¶åº­ç›¸å…³çš„èµ„äº§å’Œç”¨æˆ·ç›¸å…³çš„èµ„äº§
2025-11-24 07:47:27,115 - INFO - æ­£åœ¨è·å–æŸ¥è¯¢å‘é‡...
2025-11-24 07:47:27,148 - INFO - é›†åˆåŒ…å« 85 ä¸ªå®ä½“
2025-11-24 07:47:27,148 - INFO - å¼€å§‹å‘é‡æœç´¢ï¼Œè¿”å› 10 ä¸ªç»“æœ...
2025-11-24 07:47:27,150 - INFO - å‘é‡æœç´¢è¿”å› 10 ä¸ªæ–‡æ¡£
2025-11-24 07:47:27,150 - INFO - å¬å›åˆ° 10 ä¸ªæ–‡æ¡£
2025-11-24 07:47:27,150 - INFO - è°ƒç”¨rerank API: http://localhost:54113/v1/rerank
2025-11-24 07:47:27,150 - INFO - æŸ¥è¯¢å†…å®¹: æŸ¥è¯¢å®¶åº­ç›¸å…³çš„èµ„äº§å’Œç”¨æˆ·ç›¸å…³çš„èµ„äº§...
2025-11-24 07:47:27,192 - INFO - Rerankè°ƒç”¨æˆåŠŸï¼Œè¿”å› 10 ä¸ªç»“æœ
2025-11-24 07:47:27,192 - INFO - é‡æ’åºåé€‰æ‹© 5 ä¸ªæœ€ç›¸å…³æ–‡æ¡£
2025-11-24 07:47:27,192 - INFO - è°ƒç”¨å¤§æ¨¡å‹API: http://localhost:54112/v1/chat/completions
2025-11-24 07:47:27,192 - INFO - è¯·æ±‚å†…å®¹:         ã€æŒ‡ä»¤ã€‘
  ä½œä¸ºæ•°æ®èµ„äº§åŠ©æ‰‹çš„æ„å›¾è¯†åˆ«ä¸“å®¶ï¼Œè¯·åˆ†æç”¨æˆ·æŸ¥è¯¢ï¼Œè¯†åˆ«æ„å›¾å¹¶æå–æ§½ä½ã€‚
  è‹¥ç”¨æˆ·é—®é¢˜ä¸æ„å›¾æ¸…å•éƒ½ä¸ç›¸ç¬¦ï¼Œåˆ™è¿”å› {intent: "40", slots: {}, query: "ç”¨æˆ·æŸ¥è¯¢çš„åŸå§‹é—®é¢˜"}ã€‚
  è‹¥ç”¨æˆ·è¯¢é—®åŠ©æ‰‹æœ¬èº«çš„èƒ½åŠ›èŒƒå›´ã€åŠŸèƒ½æ¸…å•ã€ä½¿ç”¨æ–¹æ³•ã€èº«ä»½å®šä¹‰ç­‰ç›¸å…³é—®é¢˜ï¼Œåˆ™è¿”å› {intent: "39", slots: {}, query: "ç”¨æˆ·æŸ¥è¯¢çš„åŸå§‹...
2025-11-24 07:47:28,767 - INFO - å¤§æ¨¡å‹è°ƒç”¨æˆåŠŸ
2025-11-24 07:47:28,768 - INFO - å“åº”å·²ä¿å­˜åˆ°: responses/rag_response_20251124_074728.json
2025-11-24 07:47:28,768 - INFO - RAGæŸ¥è¯¢å®Œæˆï¼Œå›ç­”é•¿åº¦: 1 å­—ç¬¦
2025-11-24 07:47:28,768 - INFO - 192.168.255.253 - - [24/Nov/2025 07:47:28] "POST /rag_query HTTP/1.1" 200 -
2025-11-24 07:47:37,444 - INFO - æ”¶åˆ°RAGæŸ¥è¯¢è¯·æ±‚: æŸ¥è¯¢æ€»éƒ¨ç§Ÿæˆ·çš„èµ„äº§,å¦å¤–æŸ¥è¯¢å®¶åº­åœˆæ¨¡å‹çš„è¡€ç¼˜å…³ç³»...
2025-11-24 07:47:37,445 - INFO - å¼€å§‹RAGæŸ¥è¯¢: æŸ¥è¯¢æ€»éƒ¨ç§Ÿæˆ·çš„èµ„äº§,å¦å¤–æŸ¥è¯¢å®¶åº­åœˆæ¨¡å‹çš„è¡€ç¼˜å…³ç³»
2025-11-24 07:47:37,445 - INFO - æ­£åœ¨è·å–æŸ¥è¯¢å‘é‡...
2025-11-24 07:47:37,472 - INFO - é›†åˆåŒ…å« 85 ä¸ªå®ä½“
2025-11-24 07:47:37,472 - INFO - å¼€å§‹å‘é‡æœç´¢ï¼Œè¿”å› 10 ä¸ªç»“æœ...
2025-11-24 07:47:37,474 - INFO - å‘é‡æœç´¢è¿”å› 10 ä¸ªæ–‡æ¡£
2025-11-24 07:47:37,474 - INFO - å¬å›åˆ° 10 ä¸ªæ–‡æ¡£
2025-11-24 07:47:37,474 - INFO - è°ƒç”¨rerank API: http://localhost:54113/v1/rerank
2025-11-24 07:47:37,474 - INFO - æŸ¥è¯¢å†…å®¹: æŸ¥è¯¢æ€»éƒ¨ç§Ÿæˆ·çš„èµ„äº§,å¦å¤–æŸ¥è¯¢å®¶åº­åœˆæ¨¡å‹çš„è¡€ç¼˜å…³ç³»...
2025-11-24 07:47:37,516 - INFO - Rerankè°ƒç”¨æˆåŠŸï¼Œè¿”å› 10 ä¸ªç»“æœ
2025-11-24 07:47:37,517 - INFO - é‡æ’åºåé€‰æ‹© 5 ä¸ªæœ€ç›¸å…³æ–‡æ¡£
2025-11-24 07:47:37,517 - INFO - è°ƒç”¨å¤§æ¨¡å‹API: http://localhost:54112/v1/chat/completions
2025-11-24 07:47:37,517 - INFO - è¯·æ±‚å†…å®¹:         ã€æŒ‡ä»¤ã€‘
  ä½œä¸ºæ•°æ®èµ„äº§åŠ©æ‰‹çš„æ„å›¾è¯†åˆ«ä¸“å®¶ï¼Œè¯·åˆ†æç”¨æˆ·æŸ¥è¯¢ï¼Œè¯†åˆ«æ„å›¾å¹¶æå–æ§½ä½ã€‚
  è‹¥ç”¨æˆ·é—®é¢˜ä¸æ„å›¾æ¸…å•éƒ½ä¸ç›¸ç¬¦ï¼Œåˆ™è¿”å› {intent: "40", slots: {}, query: "ç”¨æˆ·æŸ¥è¯¢çš„åŸå§‹é—®é¢˜"}ã€‚
  è‹¥ç”¨æˆ·è¯¢é—®åŠ©æ‰‹æœ¬èº«çš„èƒ½åŠ›èŒƒå›´ã€åŠŸèƒ½æ¸…å•ã€ä½¿ç”¨æ–¹æ³•ã€èº«ä»½å®šä¹‰ç­‰ç›¸å…³é—®é¢˜ï¼Œåˆ™è¿”å› {intent: "39", slots: {}, query: "ç”¨æˆ·æŸ¥è¯¢çš„åŸå§‹...
2025-11-24 07:47:40,319 - INFO - æ”¶åˆ°RAGæŸ¥è¯¢è¯·æ±‚: æ™ºæ…§å®¶åº­å·¥ç¨‹å¸ˆä¿¡æ¯çš„ä¸Šæ¸¸ä¾èµ–,å®ƒçš„è´Ÿè´£äººæ˜¯è°,è¿˜æœ‰ä»·å€¼è¯„åˆ†å¤šå°‘...
2025-11-24 07:47:40,319 - INFO - å¼€å§‹RAGæŸ¥è¯¢: æ™ºæ…§å®¶åº­å·¥ç¨‹å¸ˆä¿¡æ¯çš„ä¸Šæ¸¸ä¾èµ–,å®ƒçš„è´Ÿè´£äººæ˜¯è°,è¿˜æœ‰ä»·å€¼è¯„åˆ†å¤šå°‘
2025-11-24 07:47:40,320 - INFO - æ­£åœ¨è·å–æŸ¥è¯¢å‘é‡...
2025-11-24 07:47:40,351 - INFO - é›†åˆåŒ…å« 85 ä¸ªå®ä½“
2025-11-24 07:47:40,351 - INFO - å¼€å§‹å‘é‡æœç´¢ï¼Œè¿”å› 10 ä¸ªç»“æœ...
2025-11-24 07:47:40,353 - INFO - å‘é‡æœç´¢è¿”å› 10 ä¸ªæ–‡æ¡£
2025-11-24 07:47:40,353 - INFO - å¬å›åˆ° 10 ä¸ªæ–‡æ¡£
2025-11-24 07:47:40,353 - INFO - è°ƒç”¨rerank API: http://localhost:54113/v1/rerank
2025-11-24 07:47:40,353 - INFO - æŸ¥è¯¢å†…å®¹: æ™ºæ…§å®¶åº­å·¥ç¨‹å¸ˆä¿¡æ¯çš„ä¸Šæ¸¸ä¾èµ–,å®ƒçš„è´Ÿè´£äººæ˜¯è°,è¿˜æœ‰ä»·å€¼è¯„åˆ†å¤šå°‘...
2025-11-24 07:47:40,456 - INFO - Rerankè°ƒç”¨æˆåŠŸï¼Œè¿”å› 10 ä¸ªç»“æœ
2025-11-24 07:47:40,456 - INFO - é‡æ’åºåé€‰æ‹© 5 ä¸ªæœ€ç›¸å…³æ–‡æ¡£
2025-11-24 07:47:40,456 - INFO - è°ƒç”¨å¤§æ¨¡å‹API: http://localhost:54112/v1/chat/completions
2025-11-24 07:47:40,456 - INFO - è¯·æ±‚å†…å®¹:         ã€æŒ‡ä»¤ã€‘
  ä½œä¸ºæ•°æ®èµ„äº§åŠ©æ‰‹çš„æ„å›¾è¯†åˆ«ä¸“å®¶ï¼Œè¯·åˆ†æç”¨æˆ·æŸ¥è¯¢ï¼Œè¯†åˆ«æ„å›¾å¹¶æå–æ§½ä½ã€‚
  è‹¥ç”¨æˆ·é—®é¢˜ä¸æ„å›¾æ¸…å•éƒ½ä¸ç›¸ç¬¦ï¼Œåˆ™è¿”å› {intent: "40", slots: {}, query: "ç”¨æˆ·æŸ¥è¯¢çš„åŸå§‹é—®é¢˜"}ã€‚
  è‹¥ç”¨æˆ·è¯¢é—®åŠ©æ‰‹æœ¬èº«çš„èƒ½åŠ›èŒƒå›´ã€åŠŸèƒ½æ¸…å•ã€ä½¿ç”¨æ–¹æ³•ã€èº«ä»½å®šä¹‰ç­‰ç›¸å…³é—®é¢˜ï¼Œåˆ™è¿”å› {intent: "39", slots: {}, query: "ç”¨æˆ·æŸ¥è¯¢çš„åŸå§‹...
2025-11-24 07:47:41,371 - INFO - å¤§æ¨¡å‹è°ƒç”¨æˆåŠŸ
2025-11-24 07:47:41,372 - INFO - å“åº”å·²ä¿å­˜åˆ°: responses/rag_response_20251124_074741.json
2025-11-24 07:47:41,372 - INFO - RAGæŸ¥è¯¢å®Œæˆï¼Œå›ç­”é•¿åº¦: 1 å­—ç¬¦
2025-11-24 07:47:41,372 - INFO - 192.168.255.253 - - [24/Nov/2025 07:47:41] "POST /rag_query HTTP/1.1" 200 -
2025-11-24 07:47:42,620 - INFO - å¤§æ¨¡å‹è°ƒç”¨æˆåŠŸ
2025-11-24 07:47:42,621 - INFO - å“åº”å·²ä¿å­˜åˆ°: responses/rag_response_20251124_074742.json
2025-11-24 07:47:42,621 - INFO - RAGæŸ¥è¯¢å®Œæˆï¼Œå›ç­”é•¿åº¦: 1 å­—ç¬¦
2025-11-24 07:47:42,621 - INFO - 192.168.255.253 - - [24/Nov/2025 07:47:42] "POST /rag_query HTTP/1.1" 200 -
2025-11-24 07:48:00,778 - INFO - æ”¶åˆ°RAGæŸ¥è¯¢è¯·æ±‚: æŸ¥è¯¢æ€»éƒ¨ç§Ÿæˆ·çš„èµ„äº§,å¦å¤–æŸ¥è¯¢å®¶åº­åœˆæ¨¡å‹çš„è¡€ç¼˜å…³ç³»...
2025-11-24 07:48:00,779 - INFO - å¼€å§‹RAGæŸ¥è¯¢: æŸ¥è¯¢æ€»éƒ¨ç§Ÿæˆ·çš„èµ„äº§,å¦å¤–æŸ¥è¯¢å®¶åº­åœˆæ¨¡å‹çš„è¡€ç¼˜å…³ç³»
2025-11-24 07:48:00,779 - INFO - æ­£åœ¨è·å–æŸ¥è¯¢å‘é‡...
2025-11-24 07:48:00,815 - INFO - é›†åˆåŒ…å« 85 ä¸ªå®ä½“
2025-11-24 07:48:00,815 - INFO - å¼€å§‹å‘é‡æœç´¢ï¼Œè¿”å› 10 ä¸ªç»“æœ...
2025-11-24 07:48:00,817 - INFO - å‘é‡æœç´¢è¿”å› 10 ä¸ªæ–‡æ¡£
2025-11-24 07:48:00,817 - INFO - å¬å›åˆ° 10 ä¸ªæ–‡æ¡£
2025-11-24 07:48:00,817 - INFO - è°ƒç”¨rerank API: http://localhost:54113/v1/rerank
2025-11-24 07:48:00,817 - INFO - æŸ¥è¯¢å†…å®¹: æŸ¥è¯¢æ€»éƒ¨ç§Ÿæˆ·çš„èµ„äº§,å¦å¤–æŸ¥è¯¢å®¶åº­åœˆæ¨¡å‹çš„è¡€ç¼˜å…³ç³»...
2025-11-24 07:48:00,864 - INFO - Rerankè°ƒç”¨æˆåŠŸï¼Œè¿”å› 10 ä¸ªç»“æœ
2025-11-24 07:48:00,864 - INFO - é‡æ’åºåé€‰æ‹© 5 ä¸ªæœ€ç›¸å…³æ–‡æ¡£
2025-11-24 07:48:00,864 - INFO - è°ƒç”¨å¤§æ¨¡å‹API: http://localhost:54112/v1/chat/completions
2025-11-24 07:48:00,865 - INFO - è¯·æ±‚å†…å®¹:         ã€æŒ‡ä»¤ã€‘
  ä½œä¸ºæ•°æ®èµ„äº§åŠ©æ‰‹çš„æ„å›¾è¯†åˆ«ä¸“å®¶ï¼Œè¯·åˆ†æç”¨æˆ·æŸ¥è¯¢ï¼Œè¯†åˆ«æ„å›¾å¹¶æå–æ§½ä½ã€‚
  è‹¥ç”¨æˆ·é—®é¢˜ä¸æ„å›¾æ¸…å•éƒ½ä¸ç›¸ç¬¦ï¼Œåˆ™è¿”å› {intent: "40", slots: {}, query: "ç”¨æˆ·æŸ¥è¯¢çš„åŸå§‹é—®é¢˜"}ã€‚
  è‹¥ç”¨æˆ·è¯¢é—®åŠ©æ‰‹æœ¬èº«çš„èƒ½åŠ›èŒƒå›´ã€åŠŸèƒ½æ¸…å•ã€ä½¿ç”¨æ–¹æ³•ã€èº«ä»½å®šä¹‰ç­‰ç›¸å…³é—®é¢˜ï¼Œåˆ™è¿”å› {intent: "39", slots: {}, query: "ç”¨æˆ·æŸ¥è¯¢çš„åŸå§‹...
2025-11-24 07:48:04,313 - INFO - å¤§æ¨¡å‹è°ƒç”¨æˆåŠŸ
2025-11-24 07:48:04,314 - INFO - å“åº”å·²ä¿å­˜åˆ°: responses/rag_response_20251124_074804.json
2025-11-24 07:48:04,314 - INFO - RAGæŸ¥è¯¢å®Œæˆï¼Œå›ç­”é•¿åº¦: 1 å­—ç¬¦
2025-11-24 07:48:04,314 - INFO - 192.168.255.253 - - [24/Nov/2025 07:48:04] "POST /rag_query HTTP/1.1" 200 -
