2025-11-19 06:46:29,426 - INFO - 启动Flask RAG API服务...
2025-11-19 06:46:29,427 - INFO - 初始化RAG服务...
2025-11-19 06:46:29,429 - INFO - 正在连接Milvus Lite数据库: ./milvus.db
2025-11-19 06:46:30,122 - INFO - 集合包含 85 个实体
2025-11-19 06:46:30,122 - INFO - 成功连接到Milvus Lite集合: intention
2025-11-19 06:46:30,122 - INFO - RAG服务初始化成功
2025-11-19 06:46:30,122 - INFO - Milvus Lite连接正常
2025-11-19 06:46:30,127 - INFO - [31m[1mWARNING: This is a development server. Do not use it in a production deployment. Use a production WSGI server instead.[0m
 * Running on all addresses (0.0.0.0)
 * Running on http://127.0.0.1:5000
 * Running on http://137.4.5.110:5000
2025-11-19 06:46:30,127 - INFO - [33mPress CTRL+C to quit[0m
2025-11-19 06:56:42,065 - INFO - 收到RAG查询请求: HR系统上游依赖有哪些？...
2025-11-19 06:56:42,066 - INFO - 开始RAG查询: HR系统上游依赖有哪些？
2025-11-19 06:56:42,066 - INFO - 正在获取查询向量...
2025-11-19 06:56:42,345 - INFO - 集合包含 85 个实体
2025-11-19 06:56:42,346 - INFO - 开始向量搜索，返回 5 个结果...
2025-11-19 06:56:42,892 - INFO - 向量搜索返回 5 个文档
2025-11-19 06:56:42,892 - INFO - 召回到 5 个文档
2025-11-19 06:56:42,892 - INFO - 调用rerank API: http://127.0.0.1:6664/v1/rerank
2025-11-19 06:56:42,892 - INFO - 查询内容: HR系统上游依赖有哪些？...
2025-11-19 06:56:43,004 - INFO - Rerank调用成功，返回 5 个结果
2025-11-19 06:56:43,005 - INFO - 重排序后选择 5 个最相关文档
2025-11-19 06:56:43,005 - INFO - 调用大模型API: http://127.0.0.1:6661/v1/chat/completions
2025-11-19 06:56:43,005 - INFO - 请求内容: 
        请根据以下参考信息回答用户的问题：

        参考信息：
        参考信息 1: 这个资产依赖哪些数据

参考信息 2: 家庭圈模型的下游资产

参考信息 3: 上海家庭视图标签信息的上游是什么

参考信息 4: 智慧家庭工程师信息的上游依赖有哪些？

参考信息 5: 这个资产的下游应用是什么?

        用户问题：HR系统上游依赖有哪些？

      ...
2025-11-19 06:56:54,100 - INFO - 大模型调用成功
2025-11-19 06:56:54,102 - INFO - 响应已保存到: responses/rag_response_20251119_065654.json
2025-11-19 06:56:54,102 - INFO - RAG查询完成，回答长度: 79 字符
2025-11-19 06:56:54,104 - INFO - 127.0.0.1 - - [19/Nov/2025 06:56:54] "POST /rag_query HTTP/1.1" 200 -
