nohup: ignoring input
[2025-11-19 08:07:37 +0000] [1238991] [INFO] Starting gunicorn 23.0.0
[2025-11-19 08:07:37 +0000] [1238991] [INFO] Listening at: http://0.0.0.0:5000 (1238991)
[2025-11-19 08:07:37 +0000] [1238991] [INFO] Using worker: sync
[2025-11-19 08:07:37 +0000] [1238994] [INFO] Booting worker with pid: 1238994
[2025-11-19 08:07:37 +0000] [1238994] [ERROR] Exception in worker process
Traceback (most recent call last):
  File "/home/jovyan/.conda/envs/sjj_env/lib/python3.9/site-packages/gunicorn/arbiter.py", line 608, in spawn_worker
    worker.init_process()
  File "/home/jovyan/.conda/envs/sjj_env/lib/python3.9/site-packages/gunicorn/workers/base.py", line 135, in init_process
    self.load_wsgi()
  File "/home/jovyan/.conda/envs/sjj_env/lib/python3.9/site-packages/gunicorn/workers/base.py", line 147, in load_wsgi
    self.wsgi = self.app.wsgi()
  File "/home/jovyan/.conda/envs/sjj_env/lib/python3.9/site-packages/gunicorn/app/base.py", line 66, in wsgi
    self.callable = self.load()
  File "/home/jovyan/.conda/envs/sjj_env/lib/python3.9/site-packages/gunicorn/app/wsgiapp.py", line 57, in load
    return self.load_wsgiapp()
  File "/home/jovyan/.conda/envs/sjj_env/lib/python3.9/site-packages/gunicorn/app/wsgiapp.py", line 47, in load_wsgiapp
    return util.import_app(self.app_uri)
  File "/home/jovyan/.conda/envs/sjj_env/lib/python3.9/site-packages/gunicorn/util.py", line 370, in import_app
    mod = importlib.import_module(module)
  File "/home/jovyan/.conda/envs/sjj_env/lib/python3.9/importlib/__init__.py", line 127, in import_module
    return _bootstrap._gcd_import(name[level:], package, level)
  File "<frozen importlib._bootstrap>", line 1030, in _gcd_import
  File "<frozen importlib._bootstrap>", line 1007, in _find_and_load
  File "<frozen importlib._bootstrap>", line 984, in _find_and_load_unlocked
ModuleNotFoundError: No module named 'flask_app'
[2025-11-19 08:07:37 +0000] [1238994] [INFO] Worker exiting (pid: 1238994)
[2025-11-19 08:07:37 +0000] [1238991] [ERROR] Worker (pid:1238994) exited with code 3
[2025-11-19 08:07:37 +0000] [1238991] [ERROR] Shutting down: Master
[2025-11-19 08:07:37 +0000] [1238991] [ERROR] Reason: Worker failed to boot.
