[2025-11-26 04:04:39 +0000] [615157] [INFO] Starting gunicorn 23.0.0
[2025-11-26 04:04:39 +0000] [615157] [INFO] Listening at: http://0.0.0.0:8890 (615157)
[2025-11-26 04:04:39 +0000] [615157] [INFO] Using worker: sync
[2025-11-26 04:04:39 +0000] [615162] [INFO] Booting worker with pid: 615162
[2025-11-26 04:04:40 +0000] [615169] [INFO] Booting worker with pid: 615169
[2025-11-26 04:04:40 +0000] [615234] [INFO] Booting worker with pid: 615234
[2025-11-26 04:04:40 +0000] [615233] [INFO] Booting worker with pid: 615233
2025-11-26 04:05:03,215 - INFO - 收到RAG查询请求: 查询用户家庭相关资产...
2025-11-26 04:05:03,215 - INFO - 初始化RAG服务...
2025-11-26 04:05:03,215 - INFO - 正在连接Milvus Lite数据库: ./milvus.db
/root/miniconda3/envs/modelscope/lib/python3.10/site-packages/milvus_lite/__init__.py:15: UserWarning: pkg_resources is deprecated as an API. See https://setuptools.pypa.io/en/latest/pkg_resources.html. The pkg_resources package is slated for removal as early as 2025-11-30. Refrain from using this package or pin to Setuptools<81.
  from pkg_resources import DistributionNotFound, get_distribution
2025-11-26 04:05:03,785 - INFO - 集合包含 100 个实体
2025-11-26 04:05:03,785 - INFO - 成功连接到Milvus Lite集合: intention
2025-11-26 04:05:03,786 - INFO - RAG服务初始化成功
2025-11-26 04:05:03,786 - INFO - 开始RAG查询: 查询用户家庭相关资产
2025-11-26 04:05:03,786 - INFO - 正在获取查询向量...
2025-11-26 04:05:03,818 - INFO - 集合包含 100 个实体
2025-11-26 04:05:03,818 - INFO - 开始向量搜索，返回 10 个结果...
2025-11-26 04:05:04,027 - INFO - 向量搜索返回 10 个文档
2025-11-26 04:05:04,027 - INFO - 召回到 10 个文档
2025-11-26 04:05:04,027 - INFO - 调用rerank API: http://localhost:54113/v1/rerank
2025-11-26 04:05:04,027 - INFO - 查询内容: 查询用户家庭相关资产...
2025-11-26 04:05:04,074 - INFO - Rerank调用成功，返回 10 个结果
2025-11-26 04:05:04,074 - INFO - 重排序后选择 5 个最相关文档
2025-11-26 04:05:04,074 - INFO - 调用大模型API: http://localhost:8891/v1/chat/completions
2025-11-26 04:05:04,074 - INFO - 请求内容:        【指令】
  作为数据资产助手的意图识别专家，请分析用户查询，识别意图并提取槽位。
  若用户问题与意图清单都不相符，则返回 {intent: "40", slots: {}, query: "用户查询的原始问题"}。
  若用户询问助手本身的能力范围、功能清单、使用方法、身份定义等相关问题，则返回 {intent: "39", slots: {}, query: "用户查询的原始问...
2025-11-26 04:05:05,206 - INFO - 大模型调用成功
2025-11-26 04:05:05,206 - INFO - 响应已保存到: responses/rag_response_20251126_040505.json
2025-11-26 04:05:05,206 - INFO - RAG查询完成，回答长度: 1 字符
2025-11-26 04:34:40,555 - INFO - 收到RAG查询请求: 查询用户家庭相关的资产...
2025-11-26 04:34:40,556 - INFO - 开始RAG查询: 查询用户家庭相关的资产
2025-11-26 04:34:40,556 - INFO - 正在获取查询向量...
2025-11-26 04:34:40,589 - INFO - 集合包含 100 个实体
2025-11-26 04:34:40,589 - INFO - 开始向量搜索，返回 10 个结果...
2025-11-26 04:34:40,590 - INFO - 向量搜索返回 10 个文档
2025-11-26 04:34:40,591 - INFO - 召回到 10 个文档
2025-11-26 04:34:40,591 - INFO - 调用rerank API: http://localhost:54113/v1/rerank
2025-11-26 04:34:40,591 - INFO - 查询内容: 查询用户家庭相关的资产...
2025-11-26 04:34:40,631 - INFO - Rerank调用成功，返回 10 个结果
2025-11-26 04:34:40,631 - INFO - 重排序后选择 5 个最相关文档
2025-11-26 04:34:40,631 - INFO - 调用大模型API: http://localhost:8891/v1/chat/completions
2025-11-26 04:34:40,631 - INFO - 请求内容:        【指令】
  作为数据资产助手的意图识别专家，请分析用户查询，识别意图并提取槽位。
  若用户问题与意图清单都不相符，则返回 {intent: "40", slots: {}, query: "用户查询的原始问题"}。
  若用户询问助手本身的能力范围、功能清单、使用方法、身份定义等相关问题，则返回 {intent: "39", slots: {}, query: "用户查询的原始问...
2025-11-26 04:34:41,779 - INFO - 大模型调用成功
2025-11-26 04:34:41,779 - INFO - 响应已保存到: responses/rag_response_20251126_043441.json
2025-11-26 04:34:41,779 - INFO - RAG查询完成，回答长度: 1 字符
2025-11-26 04:34:50,461 - INFO - 收到RAG查询请求: 查询家庭相关的资产...
2025-11-26 04:34:50,461 - INFO - 开始RAG查询: 查询家庭相关的资产
2025-11-26 04:34:50,461 - INFO - 正在获取查询向量...
2025-11-26 04:34:50,485 - INFO - 集合包含 100 个实体
2025-11-26 04:34:50,485 - INFO - 开始向量搜索，返回 10 个结果...
2025-11-26 04:34:50,487 - INFO - 向量搜索返回 10 个文档
2025-11-26 04:34:50,487 - INFO - 召回到 10 个文档
2025-11-26 04:34:50,487 - INFO - 调用rerank API: http://localhost:54113/v1/rerank
2025-11-26 04:34:50,487 - INFO - 查询内容: 查询家庭相关的资产...
2025-11-26 04:34:50,526 - INFO - Rerank调用成功，返回 10 个结果
2025-11-26 04:34:50,526 - INFO - 重排序后选择 5 个最相关文档
2025-11-26 04:34:50,526 - INFO - 调用大模型API: http://localhost:8891/v1/chat/completions
2025-11-26 04:34:50,526 - INFO - 请求内容:        【指令】
  作为数据资产助手的意图识别专家，请分析用户查询，识别意图并提取槽位。
  若用户问题与意图清单都不相符，则返回 {intent: "40", slots: {}, query: "用户查询的原始问题"}。
  若用户询问助手本身的能力范围、功能清单、使用方法、身份定义等相关问题，则返回 {intent: "39", slots: {}, query: "用户查询的原始问...
2025-11-26 04:34:51,664 - INFO - 大模型调用成功
2025-11-26 04:34:51,665 - INFO - 响应已保存到: responses/rag_response_20251126_043451.json
2025-11-26 04:34:51,665 - INFO - RAG查询完成，回答长度: 1 字符
2025-11-26 04:36:00,214 - INFO - 收到RAG查询请求: 查询用户家庭相关的资产...
2025-11-26 04:36:00,214 - INFO - 开始RAG查询: 查询用户家庭相关的资产
2025-11-26 04:36:00,214 - INFO - 正在获取查询向量...
2025-11-26 04:36:00,246 - INFO - 集合包含 100 个实体
2025-11-26 04:36:00,246 - INFO - 开始向量搜索，返回 10 个结果...
2025-11-26 04:36:00,247 - INFO - 向量搜索返回 10 个文档
2025-11-26 04:36:00,248 - INFO - 召回到 10 个文档
2025-11-26 04:36:00,248 - INFO - 调用rerank API: http://localhost:54113/v1/rerank
2025-11-26 04:36:00,248 - INFO - 查询内容: 查询用户家庭相关的资产...
2025-11-26 04:36:00,287 - INFO - Rerank调用成功，返回 10 个结果
2025-11-26 04:36:00,287 - INFO - 重排序后选择 5 个最相关文档
2025-11-26 04:36:00,287 - INFO - 调用大模型API: http://localhost:8891/v1/chat/completions
2025-11-26 04:36:00,287 - INFO - 请求内容:        【指令】
  作为数据资产助手的意图识别专家，请分析用户查询，识别意图并提取槽位。
  若用户问题与意图清单都不相符，则返回 {intent: "40", slots: {}, query: "用户查询的原始问题"}。
  若用户询问助手本身的能力范围、功能清单、使用方法、身份定义等相关问题，则返回 {intent: "39", slots: {}, query: "用户查询的原始问...
2025-11-26 04:36:01,471 - INFO - 大模型调用成功
2025-11-26 04:36:01,471 - INFO - 响应已保存到: responses/rag_response_20251126_043601.json
2025-11-26 04:36:01,471 - INFO - RAG查询完成，回答长度: 1 字符
